#
# A fatal error has been detected by the Java Runtime Environment:
#
#  SIGBUS (0xa) at pc=0x000000010ab86239, pid=3560, tid=4867
#
# JRE version: Java(TM) SE Runtime Environment (8.0_25-b17) (build 1.8.0_25-b17)
# Java VM: Java HotSpot(TM) 64-Bit Server VM (25.25-b02 mixed mode bsd-amd64 compressed oops)
# Problematic frame:
# C  [libzip.dylib+0x4239]  readCEN+0xa40
#
# Failed to write core dump. Core dumps have been disabled. To enable core dumping, try "ulimit -c unlimited" before starting Java again
#
# If you would like to submit a bug report, please visit:
#   http://bugreport.sun.com/bugreport/crash.jsp
# The crash happened outside the Java Virtual Machine in native code.
# See problematic frame for where to report the bug.
#

---------------  T H R E A D  ---------------

Current thread (0x00007fa4eb005800):  JavaThread "main" [_thread_in_native, id=4867, stack(0x000000010aa34000,0x000000010ab34000)]

siginfo: si_signo: 10 (SIGBUS), si_code: 2 (BUS_ADRERR), si_addr: 0x000000012137d00a

Registers:
RAX=0x0000000000000000, RBX=0x000000012137cfdc, RCX=0x0000000000000020, RDX=0x0000000000000008
RSP=0x000000010ab32910, RBP=0x000000010ab32aa0, RSI=0x0000000000000092, RDI=0x0000000000000024
R8 =0x0000000000000001, R9 =0x00000000ffffffc0, R10=0x00000000711b49c9, R11=0x00007fa3c92c7dc3
R12=0x0000000000000001, R13=0x00007fa4ea6421f0, R14=0x00007fa4ea643f20, R15=0x0000000000000014
RIP=0x000000010ab86239, EFLAGS=0x0000000000010293, ERR=0x0000000000000004
  TRAPNO=0x000000000000000e

Top of Stack: (sp=0x000000010ab32910)
0x000000010ab32910:   0000000109a1c000 00000001213a153b
0x000000010ab32920:   fffffffedeea0000 00007fa4eaa38600
0x000000010ab32930:   00000001213a1569 0000000000000341
0x000000010ab32940:   000000000021a414 0000000000000681
0x000000010ab32950:   000000012137a414 0000000000027155
0x000000010ab32960:   000000012137a47d 00007fa4eaa32528
0x000000010ab32970:   0000000000000092 0000000000000020
0x000000010ab32980:   ff80000000001001 000000000000ffff
0x000000010ab32990:   0000000109a1fa00 0000000000000000
0x000000010ab329a0:   00007fa4ea643f20 00007fa4ea6421f0
0x000000010ab329b0:   0000000109a1c000 0000000000000078
0x000000010ab329c0:   0000000006054b50 0002715506810681
0x000000010ab329d0:   000000000021a414 6d2f737200000078
0x000000010ab329e0:   7365542f6c65646f 632e7373616c4374
0x000000010ab329f0:   02014b507373616c 00080800000a0314
0x000000010ab32a00:   c0a144c5416ea2ad 0000007b0000006b
0x000000010ab32a10:   0000000000000024 a36781a400000000
0x000000010ab32a20:   756a2f67726f0021 6e6e75722f74696e
0x000000010ab32a30:   6b6361702f737265 6f666e692d656761
0x000000010ab32a40:   4b507373616c632e 0681000000000605
0x000000010ab32a50:   a414000271550681 00007fff00000021
0x000000010ab32a60:   000000010ab32a80 000000010ab8458a
0x000000010ab32a70:   5000f442b36ec886 0000000000000001
0x000000010ab32a80:   00007fa4ea643f20 00007fa4ea6421f0
0x000000010ab32a90:   000000010ab32c10 0000000000000026
0x000000010ab32aa0:   000000010ab32bf0 000000010ab866be
0x000000010ab32ab0:   0000000000000047 0000014ef550c0b8
0x000000010ab32ac0:   0000000104034b50 0000000109e05d60
0x000000010ab32ad0:   00007fa4ea643ed0 00007fff88d42f56
0x000000010ab32ae0:   0000003000000018 000000010ab32b10
0x000000010ab32af0:   000000010ab32a30 0000000000000048
0x000000010ab32b00:   000000010ab32bc0 0000000109f59d98 

Instructions: (pc=0x000000010ab86239)
0x000000010ab86219:   85 a8 fe ff ff 7c b2 e9 ba fe ff ff 48 8b 85 d8
0x000000010ab86229:   fe ff ff 83 f8 09 0f 82 8e 01 00 00 31 c0 eb 2b
0x000000010ab86239:   8a 4c 03 2e 88 ca 80 c2 e0 40 88 ce 40 80 c6 9f
0x000000010ab86249:   40 80 fe 1a 72 02 88 ca 48 8d 0d d8 0b 00 00 38 

Register to memory mapping:

RAX=0x0000000000000000 is an unknown value
RBX=0x000000012137cfdc is an unknown value
RCX=0x0000000000000020 is an unknown value
RDX=0x0000000000000008 is an unknown value
RSP=0x000000010ab32910 is pointing into the stack for thread: 0x00007fa4eb005800
RBP=0x000000010ab32aa0 is pointing into the stack for thread: 0x00007fa4eb005800
RSI=0x0000000000000092 is an unknown value
RDI=0x0000000000000024 is an unknown value
R8 =0x0000000000000001 is an unknown value
R9 =0x00000000ffffffc0 is an unknown value
R10=0x00000000711b49c9 is an unknown value
R11=0x00007fa3c92c7dc3 is an unknown value
R12=0x0000000000000001 is an unknown value
R13=0x00007fa4ea6421f0 is an unknown value
R14=0x00007fa4ea643f20 is an unknown value
R15=0x0000000000000014 is an unknown value


Stack: [0x000000010aa34000,0x000000010ab34000],  sp=0x000000010ab32910,  free space=1018k
Native frames: (J=compiled Java code, j=interpreted, Vv=VM code, C=native code)
C  [libzip.dylib+0x4239]  readCEN+0xa40
C  [libzip.dylib+0x46be]  ZIP_Put_In_Cache0+0x1db
C  [libzip.dylib+0x2429]  Java_java_util_zip_ZipFile_open+0x9c
j  java.util.zip.ZipFile.open(Ljava/lang/String;IJZ)J+0
j  java.util.zip.ZipFile.<init>(Ljava/io/File;ILjava/nio/charset/Charset;)V+148
j  java.util.zip.ZipFile.<init>(Ljava/io/File;I)V+6
j  java.util.zip.ZipFile.<init>(Ljava/io/File;)V+3
j  org.apache.tools.ant.taskdefs.Jar.getManifestFromJar(Ljava/io/File;)Lorg/apache/tools/ant/taskdefs/Manifest;+7
j  org.apache.tools.ant.taskdefs.Jar.getResourcesToAdd([Lorg/apache/tools/ant/types/ResourceCollection;Ljava/io/File;Z)Lorg/apache/tools/ant/taskdefs/Zip$ArchiveState;+107
j  org.apache.tools.ant.taskdefs.Zip.executeMain()V+127
j  org.apache.tools.ant.taskdefs.Zip.execute()V+29
j  org.apache.tools.ant.UnknownElement.execute()V+25
j  sun.reflect.GeneratedMethodAccessor4.invoke(Ljava/lang/Object;[Ljava/lang/Object;)Ljava/lang/Object;+36
J 803 C1 sun.reflect.DelegatingMethodAccessorImpl.invoke(Ljava/lang/Object;[Ljava/lang/Object;)Ljava/lang/Object; (10 bytes) @ 0x000000010b7136cc [0x000000010b7135c0+0x10c]
j  java.lang.reflect.Method.invoke(Ljava/lang/Object;[Ljava/lang/Object;)Ljava/lang/Object;+56
j  org.apache.tools.ant.dispatch.DispatchUtils.execute(Ljava/lang/Object;)V+518
j  org.apache.tools.ant.Task.perform()V+22
j  org.apache.tools.ant.Target.execute()V+179
j  org.apache.tools.ant.Target.performTasks()V+11
j  org.apache.tools.ant.Project.executeSortedTargets(Ljava/util/Vector;)V+145
j  org.apache.tools.ant.Project.executeTarget(Ljava/lang/String;)V+27
j  org.apache.tools.ant.helper.DefaultExecutor.executeTargets(Lorg/apache/tools/ant/Project;[Ljava/lang/String;)V+17
j  org.apache.tools.ant.Project.executeTargets(Ljava/util/Vector;)V+29
j  org.apache.tools.ant.Main.runBuild(Ljava/lang/ClassLoader;)V+723
j  org.apache.tools.ant.Main.startAnt([Ljava/lang/String;Ljava/util/Properties;Ljava/lang/ClassLoader;)V+84
j  org.apache.tools.ant.launch.Launcher.run([Ljava/lang/String;)I+703
j  org.apache.tools.ant.launch.Launcher.main([Ljava/lang/String;)V+10
v  ~StubRoutines::call_stub
V  [libjvm.dylib+0x2d4516]
V  [libjvm.dylib+0x30958b]
V  [libjvm.dylib+0x302785]
C  [java+0x2c82]  JavaMain+0x998
C  [libsystem_pthread.dylib+0x3268]  _pthread_body+0x83
C  [libsystem_pthread.dylib+0x31e5]  _pthread_body+0x0
C  [libsystem_pthread.dylib+0x141d]  thread_start+0xd
C  0x0000000000000000

Java frames: (J=compiled Java code, j=interpreted, Vv=VM code)
j  java.util.zip.ZipFile.open(Ljava/lang/String;IJZ)J+0
j  java.util.zip.ZipFile.<init>(Ljava/io/File;ILjava/nio/charset/Charset;)V+148
j  java.util.zip.ZipFile.<init>(Ljava/io/File;I)V+6
j  java.util.zip.ZipFile.<init>(Ljava/io/File;)V+3
j  org.apache.tools.ant.taskdefs.Jar.getManifestFromJar(Ljava/io/File;)Lorg/apache/tools/ant/taskdefs/Manifest;+7
j  org.apache.tools.ant.taskdefs.Jar.getResourcesToAdd([Lorg/apache/tools/ant/types/ResourceCollection;Ljava/io/File;Z)Lorg/apache/tools/ant/taskdefs/Zip$ArchiveState;+107
j  org.apache.tools.ant.taskdefs.Zip.executeMain()V+127
j  org.apache.tools.ant.taskdefs.Zip.execute()V+29
j  org.apache.tools.ant.UnknownElement.execute()V+25
j  sun.reflect.GeneratedMethodAccessor4.invoke(Ljava/lang/Object;[Ljava/lang/Object;)Ljava/lang/Object;+36
J 803 C1 sun.reflect.DelegatingMethodAccessorImpl.invoke(Ljava/lang/Object;[Ljava/lang/Object;)Ljava/lang/Object; (10 bytes) @ 0x000000010b7136cc [0x000000010b7135c0+0x10c]
j  java.lang.reflect.Method.invoke(Ljava/lang/Object;[Ljava/lang/Object;)Ljava/lang/Object;+56
j  org.apache.tools.ant.dispatch.DispatchUtils.execute(Ljava/lang/Object;)V+518
j  org.apache.tools.ant.Task.perform()V+22
j  org.apache.tools.ant.Target.execute()V+179
j  org.apache.tools.ant.Target.performTasks()V+11
j  org.apache.tools.ant.Project.executeSortedTargets(Ljava/util/Vector;)V+145
j  org.apache.tools.ant.Project.executeTarget(Ljava/lang/String;)V+27
j  org.apache.tools.ant.helper.DefaultExecutor.executeTargets(Lorg/apache/tools/ant/Project;[Ljava/lang/String;)V+17
j  org.apache.tools.ant.Project.executeTargets(Ljava/util/Vector;)V+29
j  org.apache.tools.ant.Main.runBuild(Ljava/lang/ClassLoader;)V+723
j  org.apache.tools.ant.Main.startAnt([Ljava/lang/String;Ljava/util/Properties;Ljava/lang/ClassLoader;)V+84
j  org.apache.tools.ant.launch.Launcher.run([Ljava/lang/String;)I+703
j  org.apache.tools.ant.launch.Launcher.main([Ljava/lang/String;)V+10
v  ~StubRoutines::call_stub

---------------  P R O C E S S  ---------------

Java Threads: ( => current thread )
  0x00007fa4eb052800 JavaThread "Service Thread" daemon [_thread_blocked, id=18179, stack(0x0000000120bd2000,0x0000000120cd2000)]
  0x00007fa4ec011800 JavaThread "C1 CompilerThread2" daemon [_thread_blocked, id=17667, stack(0x0000000120acf000,0x0000000120bcf000)]
  0x00007fa4ea826800 JavaThread "C2 CompilerThread1" daemon [_thread_in_native, id=17155, stack(0x00000001209cc000,0x0000000120acc000)]
  0x00007fa4ea826000 JavaThread "C2 CompilerThread0" daemon [_thread_blocked, id=16643, stack(0x00000001208c9000,0x00000001209c9000)]
  0x00007fa4ea806000 JavaThread "Signal Dispatcher" daemon [_thread_blocked, id=13583, stack(0x00000001207c6000,0x00000001208c6000)]
  0x00007fa4eb804000 JavaThread "Finalizer" daemon [_thread_blocked, id=11523, stack(0x000000011edad000,0x000000011eead000)]
  0x00007fa4ec002000 JavaThread "Reference Handler" daemon [_thread_blocked, id=11011, stack(0x000000011ecaa000,0x000000011edaa000)]
=>0x00007fa4eb005800 JavaThread "main" [_thread_in_native, id=4867, stack(0x000000010aa34000,0x000000010ab34000)]

Other Threads:
  0x00007fa4eb038800 VMThread [stack: 0x000000011eba7000,0x000000011eca7000] [id=10499]
  0x00007fa4eb80e000 WatcherThread [stack: 0x0000000120cd5000,0x0000000120dd5000] [id=18691]

VM state:not at safepoint (normal execution)

VM Mutex/Monitor currently owned by a thread: None

Heap:
 PSYoungGen      total 35328K, used 7076K [0x00000007aab00000, 0x00000007ad000000, 0x00000007c0000000)
  eden space 32768K, 13% used [0x00000007aab00000,0x00000007aaf71018,0x00000007acb00000)
  from space 2560K, 98% used [0x00000007acd80000,0x00000007acff8040,0x00000007ad000000)
  to   space 2560K, 0% used [0x00000007acb00000,0x00000007acb00000,0x00000007acd80000)
 ParOldGen       total 44032K, used 3945K [0x0000000780000000, 0x0000000782b00000, 0x00000007aab00000)
  object space 44032K, 8% used [0x0000000780000000,0x00000007803da538,0x0000000782b00000)
 Metaspace       used 7430K, capacity 7614K, committed 7808K, reserved 1056768K
  class space    used 781K, capacity 829K, committed 896K, reserved 1048576K

Card table byte_map: [0x000000011a7c0000,0x000000011a9c1000] byte_map_base: 0x0000000116bc0000

Marking Bits: (ParMarkBitMap*) 0x000000010a39d390
 Begin Bits: [0x000000011af23000, 0x000000011bf23000)
 End Bits:   [0x000000011bf23000, 0x000000011cf23000)

Polling page: 0x000000010ab78000

CodeCache: size=245760Kb used=4391Kb max_used=4395Kb free=241368Kb
 bounds [0x000000010b400000, 0x000000010b850000, 0x000000011a400000]
 total_blobs=1440 nmethods=1141 adapters=213
 compilation: enabled

Compilation events (10 events):
Event: 2.787 Thread 0x00007fa4ea826800 1137       4       sun.util.locale.provider.CalendarProviderImpl::getInstance (25 bytes)
Event: 2.790 Thread 0x00007fa4ea826800 nmethod 1137 0x000000010b832f90 code [0x000000010b833100, 0x000000010b8332a8]
Event: 2.793 Thread 0x00007fa4ea826800 1138       4       java.util.Calendar$Builder::build (635 bytes)
Event: 2.799 Thread 0x00007fa4ea826000 nmethod 1136 0x000000010b84b490 code [0x000000010b84b6a0, 0x000000010b84be30]
Event: 2.799 Thread 0x00007fa4ea826000 1139       4       java.util.GregorianCalendar::<init> (56 bytes)
Event: 2.819 Thread 0x00007fa4ea826000 nmethod 1139 0x000000010b84e310 code [0x000000010b84e4c0, 0x000000010b84eb18]
Event: 2.824 Thread 0x00007fa4ea826000 1140       4       java.util.Calendar::<init> (59 bytes)
Event: 2.837 Thread 0x00007fa4ea826000 nmethod 1140 0x000000010b84f1d0 code [0x000000010b84f360, 0x000000010b84f878]
Event: 2.857 Thread 0x00007fa4ea826000 1142       4       java.util.ArrayList::<init> (12 bytes)
Event: 2.859 Thread 0x00007fa4ea826000 nmethod 1142 0x000000010b8329d0 code [0x000000010b832b20, 0x000000010b832b98]

GC Heap History (8 events):
Event: 1.289 GC heap before
{Heap before GC invocations=1 (full 0):
 PSYoungGen      total 18944K, used 16384K [0x00000007aab00000, 0x00000007ac000000, 0x00000007c0000000)
  eden space 16384K, 100% used [0x00000007aab00000,0x00000007abb00000,0x00000007abb00000)
  from space 2560K, 0% used [0x00000007abd80000,0x00000007abd80000,0x00000007ac000000)
  to   space 2560K, 0% used [0x00000007abb00000,0x00000007abb00000,0x00000007abd80000)
 ParOldGen       total 44032K, used 0K [0x0000000780000000, 0x0000000782b00000, 0x00000007aab00000)
  object space 44032K, 0% used [0x0000000780000000,0x0000000780000000,0x0000000782b00000)
 Metaspace       used 6779K, capacity 6904K, committed 6912K, reserved 1056768K
  class space    used 728K, capacity 764K, committed 768K, reserved 1048576K
Event: 1.299 GC heap after
Heap after GC invocations=1 (full 0):
 PSYoungGen      total 18944K, used 2557K [0x00000007aab00000, 0x00000007ac000000, 0x00000007c0000000)
  eden space 16384K, 0% used [0x00000007aab00000,0x00000007aab00000,0x00000007abb00000)
  from space 2560K, 99% used [0x00000007abb00000,0x00000007abd7f6b8,0x00000007abd80000)
  to   space 2560K, 0% used [0x00000007abd80000,0x00000007abd80000,0x00000007ac000000)
 ParOldGen       total 44032K, used 1220K [0x0000000780000000, 0x0000000782b00000, 0x00000007aab00000)
  object space 44032K, 2% used [0x0000000780000000,0x0000000780131130,0x0000000782b00000)
 Metaspace       used 6779K, capacity 6904K, committed 6912K, reserved 1056768K
  class space    used 728K, capacity 764K, committed 768K, reserved 1048576K
}
Event: 1.693 GC heap before
{Heap before GC invocations=2 (full 0):
 PSYoungGen      total 18944K, used 18941K [0x00000007aab00000, 0x00000007ac000000, 0x00000007c0000000)
  eden space 16384K, 100% used [0x00000007aab00000,0x00000007abb00000,0x00000007abb00000)
  from space 2560K, 99% used [0x00000007abb00000,0x00000007abd7f6b8,0x00000007abd80000)
  to   space 2560K, 0% used [0x00000007abd80000,0x00000007abd80000,0x00000007ac000000)
 ParOldGen       total 44032K, used 1220K [0x0000000780000000, 0x0000000782b00000, 0x00000007aab00000)
  object space 44032K, 2% used [0x0000000780000000,0x0000000780131130,0x0000000782b00000)
 Metaspace       used 7286K, capacity 7416K, committed 7552K, reserved 1056768K
  class space    used 778K, capacity 828K, committed 896K, reserved 1048576K
Event: 1.703 GC heap after
Heap after GC invocations=2 (full 0):
 PSYoungGen      total 18944K, used 2544K [0x00000007aab00000, 0x00000007ad000000, 0x00000007c0000000)
  eden space 16384K, 0% used [0x00000007aab00000,0x00000007aab00000,0x00000007abb00000)
  from space 2560K, 99% used [0x00000007abd80000,0x00000007abffc030,0x00000007ac000000)
  to   space 2560K, 0% used [0x00000007abb00000,0x00000007abb00000,0x00000007abd80000)
 ParOldGen       total 44032K, used 1645K [0x0000000780000000, 0x0000000782b00000, 0x00000007aab00000)
  object space 44032K, 3% used [0x0000000780000000,0x000000078019b528,0x0000000782b00000)
 Metaspace       used 7286K, capacity 7416K, committed 7552K, reserved 1056768K
  class space    used 778K, capacity 828K, committed 896K, reserved 1048576K
}
Event: 1.951 GC heap before
{Heap before GC invocations=3 (full 0):
 PSYoungGen      total 18944K, used 18928K [0x00000007aab00000, 0x00000007ad000000, 0x00000007c0000000)
  eden space 16384K, 100% used [0x00000007aab00000,0x00000007abb00000,0x00000007abb00000)
  from space 2560K, 99% used [0x00000007abd80000,0x00000007abffc030,0x00000007ac000000)
  to   space 2560K, 0% used [0x00000007abb00000,0x00000007abb00000,0x00000007abd80000)
 ParOldGen       total 44032K, used 1645K [0x0000000780000000, 0x0000000782b00000, 0x00000007aab00000)
  object space 44032K, 3% used [0x0000000780000000,0x000000078019b528,0x0000000782b00000)
 Metaspace       used 7369K, capacity 7544K, committed 7808K, reserved 1056768K
  class space    used 780K, capacity 828K, committed 896K, reserved 1048576K
Event: 1.958 GC heap after
Heap after GC invocations=3 (full 0):
 PSYoungGen      total 18944K, used 2528K [0x00000007aab00000, 0x00000007ad000000, 0x00000007c0000000)
  eden space 16384K, 0% used [0x00000007aab00000,0x00000007aab00000,0x00000007abb00000)
  from space 2560K, 98% used [0x00000007abb00000,0x00000007abd78040,0x00000007abd80000)
  to   space 2560K, 0% used [0x00000007acd80000,0x00000007acd80000,0x00000007ad000000)
 ParOldGen       total 44032K, used 2369K [0x0000000780000000, 0x0000000782b00000, 0x00000007aab00000)
  object space 44032K, 5% used [0x0000000780000000,0x0000000780250538,0x0000000782b00000)
 Metaspace       used 7369K, capacity 7544K, committed 7808K, reserved 1056768K
  class space    used 780K, capacity 828K, committed 896K, reserved 1048576K
}
Event: 2.587 GC heap before
{Heap before GC invocations=4 (full 0):
 PSYoungGen      total 18944K, used 18912K [0x00000007aab00000, 0x00000007ad000000, 0x00000007c0000000)
  eden space 16384K, 100% used [0x00000007aab00000,0x00000007abb00000,0x00000007abb00000)
  from space 2560K, 98% used [0x00000007abb00000,0x00000007abd78040,0x00000007abd80000)
  to   space 2560K, 0% used [0x00000007acd80000,0x00000007acd80000,0x00000007ad000000)
 ParOldGen       total 44032K, used 2369K [0x0000000780000000, 0x0000000782b00000, 0x00000007aab00000)
  object space 44032K, 5% used [0x0000000780000000,0x0000000780250538,0x0000000782b00000)
 Metaspace       used 7422K, capacity 7614K, committed 7808K, reserved 1056768K
  class space    used 781K, capacity 829K, committed 896K, reserved 1048576K
Event: 2.601 GC heap after
Heap after GC invocations=4 (full 0):
 PSYoungGen      total 35328K, used 2528K [0x00000007aab00000, 0x00000007ad000000, 0x00000007c0000000)
  eden space 32768K, 0% used [0x00000007aab00000,0x00000007aab00000,0x00000007acb00000)
  from space 2560K, 98% used [0x00000007acd80000,0x00000007acff8040,0x00000007ad000000)
  to   space 2560K, 0% used [0x00000007acb00000,0x00000007acb00000,0x00000007acd80000)
 ParOldGen       total 44032K, used 3945K [0x0000000780000000, 0x0000000782b00000, 0x00000007aab00000)
  object space 44032K, 8% used [0x0000000780000000,0x00000007803da538,0x0000000782b00000)
 Metaspace       used 7422K, capacity 7614K, committed 7808K, reserved 1056768K
  class space    used 781K, capacity 829K, committed 896K, reserved 1048576K
}

Deoptimization events (7 events):
Event: 2.117 Thread 0x00007fa4eb005800 Uncommon trap: reason=class_check action=maybe_recompile pc=0x000000010b74e998 method=java.util.HashMap.putVal(ILjava/lang/Object;Ljava/lang/Object;ZZ)Ljava/lang/Object; @ 203
Event: 2.224 Thread 0x00007fa4eb005800 Uncommon trap: reason=class_check action=maybe_recompile pc=0x000000010b74e998 method=java.util.HashMap.putVal(ILjava/lang/Object;Ljava/lang/Object;ZZ)Ljava/lang/Object; @ 203
Event: 2.224 Thread 0x00007fa4eb005800 Uncommon trap: reason=bimorphic action=maybe_recompile pc=0x000000010b74e9cc method=java.util.HashMap.putVal(ILjava/lang/Object;Ljava/lang/Object;ZZ)Ljava/lang/Object; @ 91
Event: 2.560 Thread 0x00007fa4eb005800 Uncommon trap: reason=class_check action=maybe_recompile pc=0x000000010b74e998 method=java.util.HashMap.putVal(ILjava/lang/Object;Ljava/lang/Object;ZZ)Ljava/lang/Object; @ 203
Event: 2.676 Thread 0x00007fa4eb005800 Uncommon trap: reason=unreached action=reinterpret pc=0x000000010b798d9c method=org.apache.tools.zip.ZipEntry.getExtraFields(Z)[Lorg/apache/tools/zip/ZipExtraField; @ 4
Event: 2.753 Thread 0x00007fa4eb005800 Uncommon trap: reason=bimorphic action=maybe_recompile pc=0x000000010b6547a8 method=java.util.HashMap.getNode(ILjava/lang/Object;)Ljava/util/HashMap$Node; @ 126
Event: 2.808 Thread 0x00007fa4eb005800 Uncommon trap: reason=bimorphic action=maybe_recompile pc=0x000000010b6547a8 method=java.util.HashMap.getNode(ILjava/lang/Object;)Ljava/util/HashMap$Node; @ 126

Internal exceptions (10 events):
Event: 1.570 Thread 0x00007fa4eb005800 Exception <a 'java/security/PrivilegedActionException'> (0x00000007ab5d9ec0) thrown at [/HUDSON3/workspace/8-2-build-macosx-x86_64/jdk8u25/1514/hotspot/src/share/vm/prims/jvm.cpp, line 1312]
Event: 1.571 Thread 0x00007fa4eb005800 Exception <a 'java/security/PrivilegedActionException'> (0x00000007ab5e29e8) thrown at [/HUDSON3/workspace/8-2-build-macosx-x86_64/jdk8u25/1514/hotspot/src/share/vm/prims/jvm.cpp, line 1312]
Event: 1.571 Thread 0x00007fa4eb005800 Exception <a 'java/security/PrivilegedActionException'> (0x00000007ab5e3358) thrown at [/HUDSON3/workspace/8-2-build-macosx-x86_64/jdk8u25/1514/hotspot/src/share/vm/prims/jvm.cpp, line 1312]
Event: 1.574 Thread 0x00007fa4eb005800 Exception <a 'java/security/PrivilegedActionException'> (0x00000007ab5ec6c8) thrown at [/HUDSON3/workspace/8-2-build-macosx-x86_64/jdk8u25/1514/hotspot/src/share/vm/prims/jvm.cpp, line 1312]
Event: 1.574 Thread 0x00007fa4eb005800 Exception <a 'java/security/PrivilegedActionException'> (0x00000007ab5ece88) thrown at [/HUDSON3/workspace/8-2-build-macosx-x86_64/jdk8u25/1514/hotspot/src/share/vm/prims/jvm.cpp, line 1312]
Event: 1.791 Thread 0x00007fa4eb005800 Exception <a 'java/security/PrivilegedActionException'> (0x00000007ab430650) thrown at [/HUDSON3/workspace/8-2-build-macosx-x86_64/jdk8u25/1514/hotspot/src/share/vm/prims/jvm.cpp, line 1312]
Event: 1.791 Thread 0x00007fa4eb005800 Exception <a 'java/security/PrivilegedActionException'> (0x00000007ab430c50) thrown at [/HUDSON3/workspace/8-2-build-macosx-x86_64/jdk8u25/1514/hotspot/src/share/vm/prims/jvm.cpp, line 1312]
Event: 1.792 Thread 0x00007fa4eb005800 Exception <a 'java/security/PrivilegedActionException'> (0x00000007ab436870) thrown at [/HUDSON3/workspace/8-2-build-macosx-x86_64/jdk8u25/1514/hotspot/src/share/vm/prims/jvm.cpp, line 1312]
Event: 1.792 Thread 0x00007fa4eb005800 Exception <a 'java/security/PrivilegedActionException'> (0x00000007ab436ea0) thrown at [/HUDSON3/workspace/8-2-build-macosx-x86_64/jdk8u25/1514/hotspot/src/share/vm/prims/jvm.cpp, line 1312]
Event: 2.676 Thread 0x00007fa4eb005800 Implicit null exception at 0x000000010b7985d8 to 0x000000010b798d89

Events (10 events):
Event: 2.602 Executing VM operation: ParallelGCFailedAllocation done
Event: 2.676 Thread 0x00007fa4eb005800 Uncommon trap: trap_request=0xffffffad fr.pc=0x000000010b798d9c
Event: 2.676 Thread 0x00007fa4eb005800 DEOPT PACKING pc=0x000000010b798d9c sp=0x000000010ab32cf0
Event: 2.676 Thread 0x00007fa4eb005800 DEOPT UNPACKING pc=0x000000010b404f69 sp=0x000000010ab32ce0 mode 2
Event: 2.753 Thread 0x00007fa4eb005800 Uncommon trap: trap_request=0xffffffc6 fr.pc=0x000000010b6547a8
Event: 2.753 Thread 0x00007fa4eb005800 DEOPT PACKING pc=0x000000010b6547a8 sp=0x000000010ab32c00
Event: 2.753 Thread 0x00007fa4eb005800 DEOPT UNPACKING pc=0x000000010b404f69 sp=0x000000010ab32b38 mode 2
Event: 2.808 Thread 0x00007fa4eb005800 Uncommon trap: trap_request=0xffffffc6 fr.pc=0x000000010b6547a8
Event: 2.808 Thread 0x00007fa4eb005800 DEOPT PACKING pc=0x000000010b6547a8 sp=0x000000010ab32c00
Event: 2.808 Thread 0x00007fa4eb005800 DEOPT UNPACKING pc=0x000000010b404f69 sp=0x000000010ab32b38 mode 2


Dynamic libraries:
0x0000000000c0f000 	/System/Library/Frameworks/Cocoa.framework/Versions/A/Cocoa
0x0000000000c0f000 	/System/Library/Frameworks/Security.framework/Versions/A/Security
0x0000000000c0f000 	/System/Library/Frameworks/ApplicationServices.framework/Versions/A/ApplicationServices
0x0000000000c0f000 	/usr/lib/libz.1.dylib
0x0000000000c0f000 	/usr/lib/libSystem.B.dylib
0x0000000000c0f000 	/usr/lib/libobjc.A.dylib
0x0000000000c0f000 	/System/Library/Frameworks/CoreFoundation.framework/Versions/A/CoreFoundation
0x0000000000c0f000 	/System/Library/Frameworks/Foundation.framework/Versions/C/Foundation
0x0000000000c0f000 	/System/Library/Frameworks/AppKit.framework/Versions/C/AppKit
0x0000000000c0f000 	/System/Library/Frameworks/CoreData.framework/Versions/A/CoreData
0x0000000000c0f000 	/System/Library/PrivateFrameworks/RemoteViewServices.framework/Versions/A/RemoteViewServices
0x0000000000c0f000 	/System/Library/PrivateFrameworks/UIFoundation.framework/Versions/A/UIFoundation
0x0000000000c0f000 	/System/Library/Frameworks/IOSurface.framework/Versions/A/IOSurface
0x0000000000c0f000 	/System/Library/Frameworks/AudioToolbox.framework/Versions/A/AudioToolbox
0x0000000000c0f000 	/System/Library/Frameworks/AudioUnit.framework/Versions/A/AudioUnit
0x0000000000c0f000 	/System/Library/PrivateFrameworks/DataDetectorsCore.framework/Versions/A/DataDetectorsCore
0x0000000000c0f000 	/System/Library/PrivateFrameworks/DesktopServicesPriv.framework/Versions/A/DesktopServicesPriv
0x0000000000c0f000 	/System/Library/Frameworks/Carbon.framework/Versions/A/Frameworks/HIToolbox.framework/Versions/A/HIToolbox
0x0000000000c0f000 	/System/Library/Frameworks/QuartzCore.framework/Versions/A/QuartzCore
0x0000000000c0f000 	/System/Library/Frameworks/Carbon.framework/Versions/A/Frameworks/SpeechRecognition.framework/Versions/A/SpeechRecognition
0x0000000000c0f000 	/usr/lib/libauto.dylib
0x0000000000c0f000 	/usr/lib/libicucore.A.dylib
0x0000000000c0f000 	/usr/lib/libxml2.2.dylib
0x0000000000c0f000 	/System/Library/PrivateFrameworks/CoreUI.framework/Versions/A/CoreUI
0x0000000000c0f000 	/System/Library/Frameworks/CoreAudio.framework/Versions/A/CoreAudio
0x0000000000c0f000 	/System/Library/Frameworks/DiskArbitration.framework/Versions/A/DiskArbitration
0x0000000000c0f000 	/usr/lib/liblangid.dylib
0x0000000000c0f000 	/System/Library/PrivateFrameworks/MultitouchSupport.framework/Versions/A/MultitouchSupport
0x0000000000c0f000 	/System/Library/Frameworks/IOKit.framework/Versions/A/IOKit
0x0000000000c0f000 	/usr/lib/libDiagnosticMessagesClient.dylib
0x0000000000c0f000 	/System/Library/Frameworks/CoreServices.framework/Versions/A/CoreServices
0x0000000000c0f000 	/System/Library/PrivateFrameworks/PerformanceAnalysis.framework/Versions/A/PerformanceAnalysis
0x0000000000c0f000 	/System/Library/PrivateFrameworks/GenerationalStorage.framework/Versions/A/GenerationalStorage
0x0000000000c0f000 	/System/Library/Frameworks/OpenGL.framework/Versions/A/OpenGL
0x0000000000c0f000 	/System/Library/PrivateFrameworks/Sharing.framework/Versions/A/Sharing
0x0000000000c0f000 	/System/Library/Frameworks/CoreGraphics.framework/Versions/A/CoreGraphics
0x0000000000c0f000 	/System/Library/Frameworks/CoreText.framework/Versions/A/CoreText
0x0000000000c0f000 	/System/Library/Frameworks/ImageIO.framework/Versions/A/ImageIO
0x0000000000c0f000 	/usr/lib/libextension.dylib
0x0000000000c0f000 	/System/Library/PrivateFrameworks/Backup.framework/Versions/A/Backup
0x0000000000c0f000 	/usr/lib/libarchive.2.dylib
0x0000000000c0f000 	/System/Library/Frameworks/CFNetwork.framework/Versions/A/CFNetwork
0x0000000000c0f000 	/System/Library/Frameworks/SystemConfiguration.framework/Versions/A/SystemConfiguration
0x0000000000c0f000 	/usr/lib/libCRFSuite.dylib
0x0000000000c0f000 	/usr/lib/libc++.1.dylib
0x0000000000c0f000 	/usr/lib/libc++abi.dylib
0x0000000000c0f000 	/usr/lib/system/libcache.dylib
0x0000000000c0f000 	/usr/lib/system/libcommonCrypto.dylib
0x0000000000c0f000 	/usr/lib/system/libcompiler_rt.dylib
0x0000000000c0f000 	/usr/lib/system/libcopyfile.dylib
0x0000000000c0f000 	/usr/lib/system/libcorecrypto.dylib
0x0000000000c0f000 	/usr/lib/system/libdispatch.dylib
0x0000000000c0f000 	/usr/lib/system/libdyld.dylib
0x0000000000c0f000 	/usr/lib/system/libkeymgr.dylib
0x0000000000c0f000 	/usr/lib/system/liblaunch.dylib
0x0000000000c0f000 	/usr/lib/system/libmacho.dylib
0x0000000000c0f000 	/usr/lib/system/libquarantine.dylib
0x0000000000c0f000 	/usr/lib/system/libremovefile.dylib
0x0000000000c0f000 	/usr/lib/system/libsystem_asl.dylib
0x0000000000c0f000 	/usr/lib/system/libsystem_blocks.dylib
0x0000000000c0f000 	/usr/lib/system/libsystem_c.dylib
0x0000000000c0f000 	/usr/lib/system/libsystem_configuration.dylib
0x0000000000c0f000 	/usr/lib/system/libsystem_coreservices.dylib
0x0000000000c0f000 	/usr/lib/system/libsystem_coretls.dylib
0x0000000000c0f000 	/usr/lib/system/libsystem_dnssd.dylib
0x0000000000c0f000 	/usr/lib/system/libsystem_info.dylib
0x0000000000c0f000 	/usr/lib/system/libsystem_kernel.dylib
0x0000000000c0f000 	/usr/lib/system/libsystem_m.dylib
0x0000000000c0f000 	/usr/lib/system/libsystem_malloc.dylib
0x0000000000c0f000 	/usr/lib/system/libsystem_network.dylib
0x0000000000c0f000 	/usr/lib/system/libsystem_networkextension.dylib
0x0000000000c0f000 	/usr/lib/system/libsystem_notify.dylib
0x0000000000c0f000 	/usr/lib/system/libsystem_platform.dylib
0x0000000000c0f000 	/usr/lib/system/libsystem_pthread.dylib
0x0000000000c0f000 	/usr/lib/system/libsystem_sandbox.dylib
0x0000000000c0f000 	/usr/lib/system/libsystem_secinit.dylib
0x0000000000c0f000 	/usr/lib/system/libsystem_stats.dylib
0x0000000000c0f000 	/usr/lib/system/libsystem_trace.dylib
0x0000000000c0f000 	/usr/lib/system/libunc.dylib
0x0000000000c0f000 	/usr/lib/system/libunwind.dylib
0x0000000000c0f000 	/usr/lib/system/libxpc.dylib
0x0000000000c0f000 	/usr/lib/libbz2.1.0.dylib
0x0000000000c0f000 	/usr/lib/liblzma.5.dylib
0x0000000000c0f000 	/usr/lib/libbsm.0.dylib
0x0000000000c0f000 	/usr/lib/libsqlite3.dylib
0x0000000000c0f000 	/usr/lib/system/libkxld.dylib
0x0000000000c0f000 	/usr/lib/libxar.1.dylib
0x0000000000c0f000 	/usr/lib/libpam.2.dylib
0x0000000000c0f000 	/usr/lib/libOpenScriptingUtil.dylib
0x0000000000c0f000 	/System/Library/Frameworks/CoreServices.framework/Versions/A/Frameworks/FSEvents.framework/Versions/A/FSEvents
0x0000000000c0f000 	/System/Library/Frameworks/CoreServices.framework/Versions/A/Frameworks/CarbonCore.framework/Versions/A/CarbonCore
0x0000000000c0f000 	/System/Library/Frameworks/CoreServices.framework/Versions/A/Frameworks/Metadata.framework/Versions/A/Metadata
0x0000000000c0f000 	/System/Library/Frameworks/CoreServices.framework/Versions/A/Frameworks/OSServices.framework/Versions/A/OSServices
0x0000000000c0f000 	/System/Library/Frameworks/CoreServices.framework/Versions/A/Frameworks/SearchKit.framework/Versions/A/SearchKit
0x0000000000c0f000 	/System/Library/Frameworks/CoreServices.framework/Versions/A/Frameworks/AE.framework/Versions/A/AE
0x0000000000c0f000 	/System/Library/Frameworks/CoreServices.framework/Versions/A/Frameworks/LaunchServices.framework/Versions/A/LaunchServices
0x0000000000c0f000 	/System/Library/Frameworks/CoreServices.framework/Versions/A/Frameworks/DictionaryServices.framework/Versions/A/DictionaryServices
0x0000000000c0f000 	/System/Library/Frameworks/NetFS.framework/Versions/A/NetFS
0x0000000000c0f000 	/System/Library/PrivateFrameworks/NetAuth.framework/Versions/A/NetAuth
0x0000000000c0f000 	/System/Library/PrivateFrameworks/login.framework/Versions/A/Frameworks/loginsupport.framework/Versions/A/loginsupport
0x0000000000c0f000 	/System/Library/PrivateFrameworks/TCC.framework/Versions/A/TCC
0x0000000000c0f000 	/usr/lib/libmecabra.dylib
0x0000000000c0f000 	/System/Library/Frameworks/ApplicationServices.framework/Versions/A/Frameworks/ATS.framework/Versions/A/ATS
0x0000000000c0f000 	/System/Library/Frameworks/ApplicationServices.framework/Versions/A/Frameworks/ColorSync.framework/Versions/A/ColorSync
0x0000000000c0f000 	/System/Library/Frameworks/ApplicationServices.framework/Versions/A/Frameworks/HIServices.framework/Versions/A/HIServices
0x0000000000c0f000 	/System/Library/Frameworks/ApplicationServices.framework/Versions/A/Frameworks/LangAnalysis.framework/Versions/A/LangAnalysis
0x0000000000c0f000 	/System/Library/Frameworks/ApplicationServices.framework/Versions/A/Frameworks/PrintCore.framework/Versions/A/PrintCore
0x0000000000c0f000 	/System/Library/Frameworks/ApplicationServices.framework/Versions/A/Frameworks/QD.framework/Versions/A/QD
0x0000000000c0f000 	/System/Library/Frameworks/ApplicationServices.framework/Versions/A/Frameworks/SpeechSynthesis.framework/Versions/A/SpeechSynthesis
0x0000000000c0f000 	/System/Library/Frameworks/Accelerate.framework/Versions/A/Accelerate
0x0000000000c0f000 	/System/Library/Frameworks/Accelerate.framework/Versions/A/Frameworks/vImage.framework/Versions/A/vImage
0x0000000000c0f000 	/System/Library/Frameworks/Accelerate.framework/Versions/A/Frameworks/vecLib.framework/Versions/A/vecLib
0x0000000000c0f000 	/System/Library/Frameworks/Accelerate.framework/Versions/A/Frameworks/vecLib.framework/Versions/A/libvDSP.dylib
0x0000000000c0f000 	/System/Library/Frameworks/Accelerate.framework/Versions/A/Frameworks/vecLib.framework/Versions/A/libvMisc.dylib
0x0000000000c0f000 	/System/Library/Frameworks/Accelerate.framework/Versions/A/Frameworks/vecLib.framework/Versions/A/libLAPACK.dylib
0x0000000000c0f000 	/System/Library/Frameworks/Accelerate.framework/Versions/A/Frameworks/vecLib.framework/Versions/A/libBLAS.dylib
0x0000000000c0f000 	/System/Library/Frameworks/Accelerate.framework/Versions/A/Frameworks/vecLib.framework/Versions/A/libLinearAlgebra.dylib
0x0000000000c0f000 	/System/Library/Frameworks/ApplicationServices.framework/Versions/A/Frameworks/ATS.framework/Versions/A/Resources/libFontParser.dylib
0x0000000000c0f000 	/System/Library/Frameworks/ApplicationServices.framework/Versions/A/Frameworks/ATS.framework/Versions/A/Resources/libFontRegistry.dylib
0x0000000000c0f000 	/System/Library/PrivateFrameworks/AppleVPA.framework/Versions/A/AppleVPA
0x0000000000c0f000 	/System/Library/PrivateFrameworks/AppleJPEG.framework/Versions/A/AppleJPEG
0x0000000000c0f000 	/System/Library/Frameworks/ImageIO.framework/Versions/A/Resources/libJPEG.dylib
0x0000000000c0f000 	/System/Library/Frameworks/ImageIO.framework/Versions/A/Resources/libTIFF.dylib
0x0000000000c0f000 	/System/Library/Frameworks/ImageIO.framework/Versions/A/Resources/libPng.dylib
0x0000000000c0f000 	/System/Library/Frameworks/ImageIO.framework/Versions/A/Resources/libGIF.dylib
0x0000000000c0f000 	/System/Library/Frameworks/ImageIO.framework/Versions/A/Resources/libJP2.dylib
0x0000000000c0f000 	/System/Library/Frameworks/ImageIO.framework/Versions/A/Resources/libRadiance.dylib
0x0000000000c0f000 	/System/Library/Frameworks/CoreVideo.framework/Versions/A/CoreVideo
0x0000000000c0f000 	/System/Library/Frameworks/OpenGL.framework/Versions/A/Libraries/libGLU.dylib
0x0000000000c0f000 	/System/Library/Frameworks/OpenGL.framework/Versions/A/Libraries/libGFXShared.dylib
0x0000000000c0f000 	/System/Library/Frameworks/OpenGL.framework/Versions/A/Libraries/libGL.dylib
0x0000000000c0f000 	/System/Library/Frameworks/OpenGL.framework/Versions/A/Libraries/libGLImage.dylib
0x0000000000c0f000 	/System/Library/Frameworks/OpenGL.framework/Versions/A/Libraries/libCVMSPluginSupport.dylib
0x0000000000c0f000 	/System/Library/Frameworks/OpenGL.framework/Versions/A/Libraries/libCoreVMClient.dylib
0x0000000000c0f000 	/usr/lib/libcups.2.dylib
0x0000000000c0f000 	/System/Library/Frameworks/Kerberos.framework/Versions/A/Kerberos
0x0000000000c0f000 	/System/Library/Frameworks/GSS.framework/Versions/A/GSS
0x0000000000c0f000 	/usr/lib/libresolv.9.dylib
0x0000000000c0f000 	/usr/lib/libiconv.2.dylib
0x0000000000c0f000 	/System/Library/PrivateFrameworks/Heimdal.framework/Versions/A/Heimdal
0x0000000000c0f000 	/usr/lib/libheimdal-asn1.dylib
0x0000000000c0f000 	/System/Library/Frameworks/OpenDirectory.framework/Versions/A/OpenDirectory
0x0000000000c0f000 	/System/Library/PrivateFrameworks/CommonAuth.framework/Versions/A/CommonAuth
0x0000000000c0f000 	/System/Library/Frameworks/OpenDirectory.framework/Versions/A/Frameworks/CFOpenDirectory.framework/Versions/A/CFOpenDirectory
0x0000000000c0f000 	/System/Library/Frameworks/SecurityFoundation.framework/Versions/A/SecurityFoundation
0x0000000000c0f000 	/System/Library/PrivateFrameworks/LanguageModeling.framework/Versions/A/LanguageModeling
0x0000000000c0f000 	/usr/lib/libcmph.dylib
0x0000000000c0f000 	/System/Library/Frameworks/ServiceManagement.framework/Versions/A/ServiceManagement
0x0000000000c0f000 	/usr/lib/libxslt.1.dylib
0x0000000000c0f000 	/System/Library/Frameworks/Carbon.framework/Versions/A/Frameworks/Ink.framework/Versions/A/Ink
0x0000000000c0f000 	/System/Library/Frameworks/QuartzCore.framework/Versions/A/Frameworks/CoreImage.framework/Versions/A/CoreImage
0x0000000000c0f000 	/System/Library/PrivateFrameworks/CrashReporterSupport.framework/Versions/A/CrashReporterSupport
0x0000000000c0f000 	/System/Library/Frameworks/OpenCL.framework/Versions/A/OpenCL
0x0000000000c0f000 	/System/Library/PrivateFrameworks/FaceCore.framework/Versions/A/FaceCore
0x0000000000c0f000 	/System/Library/PrivateFrameworks/Ubiquity.framework/Versions/A/Ubiquity
0x0000000000c0f000 	/System/Library/PrivateFrameworks/IconServices.framework/Versions/A/IconServices
0x0000000000c0f000 	/System/Library/PrivateFrameworks/ChunkingLibrary.framework/Versions/A/ChunkingLibrary
0x0000000000c0f000 	/System/Library/PrivateFrameworks/Apple80211.framework/Versions/A/Apple80211
0x0000000000c0f000 	/System/Library/Frameworks/CoreWLAN.framework/Versions/A/CoreWLAN
0x0000000000c0f000 	/System/Library/Frameworks/IOBluetooth.framework/Versions/A/IOBluetooth
0x0000000000c0f000 	/System/Library/PrivateFrameworks/CoreWiFi.framework/Versions/A/CoreWiFi
0x0000000000c0f000 	/System/Library/Frameworks/CoreBluetooth.framework/Versions/A/CoreBluetooth
0x0000000000c0f000 	/System/Library/PrivateFrameworks/DebugSymbols.framework/Versions/A/DebugSymbols
0x0000000000c0f000 	/System/Library/PrivateFrameworks/CoreSymbolication.framework/Versions/A/CoreSymbolication
0x0000000000c0f000 	/System/Library/PrivateFrameworks/Symbolication.framework/Versions/A/Symbolication
0x0000000000c0f000 	/System/Library/PrivateFrameworks/SpeechRecognitionCore.framework/Versions/A/SpeechRecognitionCore
0x0000000109b00000 	/Library/Java/JavaVirtualMachines/jdk1.8.0_25.jdk/Contents/Home/jre/lib/server/libjvm.dylib
0x0000000000c0f000 	/usr/lib/libstdc++.6.dylib
0x000000010ab36000 	/Library/Java/JavaVirtualMachines/jdk1.8.0_25.jdk/Contents/Home/jre/lib/libverify.dylib
0x000000010ab44000 	/Library/Java/JavaVirtualMachines/jdk1.8.0_25.jdk/Contents/Home/jre/lib/libjava.dylib
0x000000010ab82000 	/Library/Java/JavaVirtualMachines/jdk1.8.0_25.jdk/Contents/Home/jre/lib/libzip.dylib
0x000000010abe8000 	/System/Library/Frameworks/JavaVM.framework/Frameworks/JavaRuntimeSupport.framework/JavaRuntimeSupport
0x000000011eeaf000 	/System/Library/Frameworks/JavaVM.framework/Versions/A/Frameworks/JavaNativeFoundation.framework/Versions/A/JavaNativeFoundation
0x000000011eec4000 	/System/Library/Frameworks/JavaVM.framework/Versions/A/JavaVM
0x0000000000c0f000 	/System/Library/Frameworks/Carbon.framework/Versions/A/Carbon
0x000000011eed1000 	/System/Library/PrivateFrameworks/JavaLaunching.framework/Versions/A/JavaLaunching
0x0000000000c0f000 	/System/Library/Frameworks/Carbon.framework/Versions/A/Frameworks/CommonPanels.framework/Versions/A/CommonPanels
0x0000000000c0f000 	/System/Library/Frameworks/Carbon.framework/Versions/A/Frameworks/Help.framework/Versions/A/Help
0x0000000000c0f000 	/System/Library/Frameworks/Carbon.framework/Versions/A/Frameworks/ImageCapture.framework/Versions/A/ImageCapture
0x0000000000c0f000 	/System/Library/Frameworks/Carbon.framework/Versions/A/Frameworks/OpenScripting.framework/Versions/A/OpenScripting
0x0000000000c0f000 	/System/Library/Frameworks/Carbon.framework/Versions/A/Frameworks/Print.framework/Versions/A/Print
0x0000000000c0f000 	/System/Library/Frameworks/Carbon.framework/Versions/A/Frameworks/SecurityHI.framework/Versions/A/SecurityHI

VM Arguments:
jvm_args: -Dant.home=/usr/local/Cellar/ant/1.9.4/libexec -Dant.library.dir=/usr/local/Cellar/ant/1.9.4/libexec/lib 
java_command: org.apache.tools.ant.launch.Launcher -cp  our-client
java_class_path (initial): /usr/local/Cellar/ant/1.9.4/libexec/lib/ant-launcher.jar
Launcher Type: SUN_STANDARD

Environment Variables:
PATH=/usr/local/bin:/usr/bin:/bin:/usr/sbin:/sbin:/usr/local/git/bin
SHELL=/bin/bash

Signal Handlers:
SIGSEGV: [libjvm.dylib+0x579dc7], sa_mask[0]=11111111011111110111111111111111, sa_flags=SA_ONSTACK|SA_RESTART|SA_SIGINFO
SIGBUS: [libjvm.dylib+0x579dc7], sa_mask[0]=11111111011111110111111111111111, sa_flags=SA_RESTART|SA_SIGINFO
SIGFPE: [libjvm.dylib+0x45b030], sa_mask[0]=11111111011111110111111111111111, sa_flags=SA_RESTART|SA_SIGINFO
SIGPIPE: [libjvm.dylib+0x45b030], sa_mask[0]=11111111011111110111111111111111, sa_flags=SA_RESTART|SA_SIGINFO
SIGXFSZ: [libjvm.dylib+0x45b030], sa_mask[0]=11111111011111110111111111111111, sa_flags=SA_RESTART|SA_SIGINFO
SIGILL: [libjvm.dylib+0x45b030], sa_mask[0]=11111111011111110111111111111111, sa_flags=SA_RESTART|SA_SIGINFO
SIGUSR1: SIG_DFL, sa_mask[0]=11011111011111100000000111000110, sa_flags=none
SIGUSR2: [libjvm.dylib+0x45ab4e], sa_mask[0]=00000000000000000000000000000000, sa_flags=SA_RESTART|SA_SIGINFO
SIGHUP: [libjvm.dylib+0x459121], sa_mask[0]=11111111011111110111111111111111, sa_flags=SA_RESTART|SA_SIGINFO
SIGINT: [libjvm.dylib+0x459121], sa_mask[0]=11111111011111110111111111111111, sa_flags=SA_RESTART|SA_SIGINFO
SIGTERM: [libjvm.dylib+0x459121], sa_mask[0]=11111111011111110111111111111111, sa_flags=SA_RESTART|SA_SIGINFO
SIGQUIT: [libjvm.dylib+0x459121], sa_mask[0]=11111111011111110111111111111111, sa_flags=SA_RESTART|SA_SIGINFO


---------------  S Y S T E M  ---------------

OS:Bsduname:Darwin 14.3.0 Darwin Kernel Version 14.3.0: Mon Mar 23 11:59:05 PDT 2015; root:xnu-2782.20.48~5/RELEASE_X86_64 x86_64
rlimit: STACK 8192k, CORE 0k, NPROC 709, NOFILE 10240, AS infinity
load average:1.93 2.50 3.98

CPU:total 4 (2 cores per cpu, 2 threads per core) family 6 model 37 stepping 5, cmov, cx8, fxsr, mmx, sse, sse2, sse3, ssse3, sse4.1, sse4.2, popcnt, aes, clmul, ht, tsc, tscinvbit

Memory: 4k page, physical 4194304k(803236k free)

/proc/meminfo:


vm_info: Java HotSpot(TM) 64-Bit Server VM (25.25-b02) for bsd-amd64 JRE (1.8.0_25-b17), built on Sep 17 2014 16:56:50 by "java_re" with gcc 4.2.1 (Based on Apple Inc. build 5658) (LLVM build 2336.11.00)

time: Mon Aug  3 14:51:24 2015
elapsed time: 2 seconds (0d 0h 0m 2s)

