Jul 20, 2015 8:20:50 AM client.main.Catan d
INFO: Catan Client started at 2015-07-20_08-20-50.
Jul 20, 2015 8:22:28 AM hl d
FINE: Player Brooke ended turn.
Jul 20, 2015 8:22:44 AM hl d
FINE: Player Brooke ended turn.
Jul 20, 2015 8:23:16 AM hl d
FINE: Player Brooke ended turn.
Jul 20, 2015 8:28:40 AM cy a
WARNING: Polling failed.
cn: java.net.ConnectException: Connection refused
	at ci.a(Unknown Source)
	at co.a(Unknown Source)
	at cy.a(Unknown Source)
	at cz.actionPerformed(Unknown Source)
	at javax.swing.Timer.fireActionPerformed(Timer.java:313)
	at javax.swing.Timer$DoPostEvent.run(Timer.java:245)
	at java.awt.event.InvocationEvent.dispatch(InvocationEvent.java:311)
	at java.awt.EventQueue.dispatchEventImpl(EventQueue.java:744)
	at java.awt.EventQueue.access$400(EventQueue.java:97)
	at java.awt.EventQueue$3.run(EventQueue.java:697)
	at java.awt.EventQueue$3.run(EventQueue.java:691)
	at java.security.AccessController.doPrivileged(Native Method)
	at java.security.ProtectionDomain$1.doIntersectionPrivilege(ProtectionDomain.java:75)
	at java.awt.EventQueue.dispatchEvent(EventQueue.java:714)
	at java.awt.EventDispatchThread.pumpOneEventForFilters(EventDispatchThread.java:201)
	at java.awt.EventDispatchThread.pumpEventsForFilter(EventDispatchThread.java:116)
	at java.awt.EventDispatchThread.pumpEventsForHierarchy(EventDispatchThread.java:105)
	at java.awt.EventDispatchThread.pumpEvents(EventDispatchThread.java:101)
	at java.awt.EventDispatchThread.pumpEvents(EventDispatchThread.java:93)
	at java.awt.EventDispatchThread.run(EventDispatchThread.java:82)
Caused by: java.net.ConnectException: Connection refused
	at java.net.PlainSocketImpl.socketConnect(Native Method)
	at java.net.AbstractPlainSocketImpl.doConnect(AbstractPlainSocketImpl.java:345)
	at java.net.AbstractPlainSocketImpl.connectToAddress(AbstractPlainSocketImpl.java:206)
	at java.net.AbstractPlainSocketImpl.connect(AbstractPlainSocketImpl.java:188)
	at java.net.SocksSocketImpl.connect(SocksSocketImpl.java:392)
	at java.net.Socket.connect(Socket.java:589)
	at java.net.Socket.connect(Socket.java:538)
	at sun.net.NetworkClient.doConnect(NetworkClient.java:180)
	at sun.net.www.http.HttpClient.openServer(HttpClient.java:432)
	at sun.net.www.http.HttpClient.openServer(HttpClient.java:527)
	at sun.net.www.http.HttpClient.parseHTTPHeader(HttpClient.java:779)
	at sun.net.www.http.HttpClient.parseHTTP(HttpClient.java:647)
	at sun.net.www.protocol.http.HttpURLConnection.getInputStream0(HttpURLConnection.java:1534)
	at sun.net.www.protocol.http.HttpURLConnection.getInputStream(HttpURLConnection.java:1439)
	at java.net.HttpURLConnection.getResponseCode(HttpURLConnection.java:480)
	... 20 more

