#
# A fatal error has been detected by the Java Runtime Environment:
#
#  SIGBUS (0xa) at pc=0x000000010cd77eb9, pid=18709, tid=50443
#
# JRE version: Java(TM) SE Runtime Environment (8.0_25-b17) (build 1.8.0_25-b17)
# Java VM: Java HotSpot(TM) 64-Bit Server VM (25.25-b02 mixed mode bsd-amd64 compressed oops)
# Problematic frame:
# C  [libzip.dylib+0x2eb9]  newEntry+0x154
#
# Failed to write core dump. Core dumps have been disabled. To enable core dumping, try "ulimit -c unlimited" before starting Java again
#
# If you would like to submit a bug report, please visit:
#   http://bugreport.sun.com/bugreport/crash.jsp
# The crash happened outside the Java Virtual Machine in native code.
# See problematic frame for where to report the bug.
#

---------------  T H R E A D  ---------------

Current thread (0x00007fe3b421a800):  JavaThread "AWT-EventQueue-0" [_thread_in_native, id=50443, stack(0x00000001277e0000,0x00000001278e0000)]

siginfo: si_signo: 10 (SIGBUS), si_code: 2 (BUS_ADRERR), si_addr: 0x0000000122f4de5b

Registers:
RAX=0x00007fe3b3e18520, RBX=0x0000000122f4de4f, RCX=0x0000000000000001, RDX=0x0000000000000508
RSP=0x00000001278dc0f0, RBP=0x00000001278dc150, RSI=0x00007fe3b3e00000, RDI=0x000000010bbe2800
R8 =0x0000000000000004, R9 =0x00000000f8000000, R10=0x000000010d7e2318, R11=0xfffffff97cba32a6
R12=0x00007fe3b5982200, R13=0x0000000000000730, R14=0x00000000bb8d458e, R15=0x00007fe3b3cbb070
RIP=0x000000010cd77eb9, EFLAGS=0x0000000000010202, ERR=0x0000000000000004
  TRAPNO=0x000000000000000e

Top of Stack: (sp=0x00000001278dc0f0)
0x00000001278dc0f0:   00000001278dd360 00000000278dd360
0x00000001278dc100:   00007fe3b421a800 00007fe3b421a800
0x00000001278dc110:   00000001278dc130 00007fe3b3e18520
0x00000001278dc120:   00007fe3b3e52960 00007fe3b3e18520
0x00000001278dc130:   00007fe3b5982200 0000000000000730
0x00000001278dc140:   00000000bb8d458e 00007fe3b3cbb070
0x00000001278dc150:   00000001278dc1b0 000000010cd78554
0x00000001278dc160:   00000001278dc1fb 00000001278dc1fa
0x00000001278dc170:   0000002b00000000 0000002c0121a800
0x00000001278dc180:   00000001278dc1ce 00000001278dc618
0x00000001278dc190:   000000000000002c 00000001278dc1ce
0x00000001278dc1a0:   00007fe3b3e18520 00007fe3b421a9e8
0x00000001278dc1b0:   00000001278dc600 000000010cd7734f
0x00000001278dc1c0:   00000001278dc1f0 6c63000100000001
0x00000001278dc1d0:   6d6f642f746e6569 6f442f6369747365
0x00000001278dc1e0:   725463697473656d 6c7265764f656461
0x00000001278dc1f0:   616c632e31247961 000000010b007373
0x00000001278dc200:   00000001278dd4d0 000000010d7ecdac
0x00000001278dc210:   000000010d7ec310 0000000100000000
0x00000001278dc220:   00000001278dd698 00000001278dd4d0
0x00000001278dc230:   00000001278dd4c0 000000010d66da39
0x00000001278dc240:   000000010d66d9d0 0000000000000000
0x00000001278dc250:   00000001278dd4c0 00000001278dd4c0
0x00000001278dc260:   00007fff74efc6b8 00000000ffffffff
0x00000001278dc270:   458b48e400000000 0000000000000000
0x00000001278dc280:   292a2b2c2d2e2f30 0000000000000000
0x00000001278dc290:   0000000000000003 0000000000000000
0x00000001278dc2a0:   0000000000000000 000000001f722830
0x00000001278dc2b0:   00000001278dc680 00000001278dc2c8
0x00000001278dc2c0:   0000000000000000 000000010c29f708
0x00000001278dc2d0:   0000000000000001 00000001278dc4ac
0x00000001278dc2e0:   0000000000000004 00000001278dc4a7 

Instructions: (pc=0x000000010cd77eb9)
0x000000010cd77e99:   49 8b 7f 38 e8 50 1b 00 00 4d 89 77 38 49 89 5f
0x000000010cd77ea9:   40 4c 89 f0 48 85 c0 0f 84 11 05 00 00 48 89 c3
0x000000010cd77eb9:   0f b6 43 0c 0f b6 4b 0d 48 c1 e1 08 48 01 c1 0f
0x000000010cd77ec9:   b6 43 0e 0f b6 53 0f 48 c1 e2 08 48 01 c2 48 c1 

Register to memory mapping:

RAX=0x00007fe3b3e18520 is an unknown value
RBX=0x0000000122f4de4f is an unknown value
RCX=0x0000000000000001 is an unknown value
RDX=0x0000000000000508 is an unknown value
RSP=0x00000001278dc0f0 is pointing into the stack for thread: 0x00007fe3b421a800
RBP=0x00000001278dc150 is pointing into the stack for thread: 0x00007fe3b421a800
RSI=0x00007fe3b3e00000 is an unknown value
RDI=0x000000010bbe2800 is an unknown value
R8 =0x0000000000000004 is an unknown value
R9 =0x00000000f8000000 is an unknown value
R10=0x000000010d7e2318 is at entry_point+88 in (nmethod*)0x000000010d7e2150
R11=0xfffffff97cba32a6 is an unknown value
R12=0x00007fe3b5982200 is an unknown value
R13=0x0000000000000730 is an unknown value
R14=0x00000000bb8d458e is an unknown value
R15=0x00007fe3b3cbb070 is an unknown value


Stack: [0x00000001277e0000,0x00000001278e0000],  sp=0x00000001278dc0f0,  free space=1008k
Native frames: (J=compiled Java code, j=interpreted, Vv=VM code, C=native code)
C  [libzip.dylib+0x2eb9]  newEntry+0x154
C  [libzip.dylib+0x3554]  ZIP_GetEntry2+0xd4
C  [libzip.dylib+0x234f]  Java_java_util_zip_ZipFile_getEntry+0xcf
J 419  java.util.zip.ZipFile.getEntry(J[BZ)J (0 bytes) @ 0x000000010d7e238e [0x000000010d7e22c0+0xce]
J 414 C1 java.util.zip.ZipFile.getEntry(Ljava/lang/String;)Ljava/util/zip/ZipEntry; (86 bytes) @ 0x000000010d7e3c4c [0x000000010d7e39e0+0x26c]
J 460 C1 java.util.jar.JarFile.getEntry(Ljava/lang/String;)Ljava/util/zip/ZipEntry; (22 bytes) @ 0x000000010d80a324 [0x000000010d80a2a0+0x84]
J 467 C1 sun.misc.URLClassPath$JarLoader.getResource(Ljava/lang/String;Z)Lsun/misc/Resource; (85 bytes) @ 0x000000010d80c8fc [0x000000010d80c4a0+0x45c]
j  sun.misc.URLClassPath.getResource(Ljava/lang/String;Z)Lsun/misc/Resource;+53
j  java.net.URLClassLoader$1.run()Ljava/lang/Class;+26
j  java.net.URLClassLoader$1.run()Ljava/lang/Object;+1
v  ~StubRoutines::call_stub
V  [libjvm.dylib+0x2d4516]
V  [libjvm.dylib+0x32aeb2]
j  java.security.AccessController.doPrivileged(Ljava/security/PrivilegedExceptionAction;Ljava/security/AccessControlContext;)Ljava/lang/Object;+0
j  java.net.URLClassLoader.findClass(Ljava/lang/String;)Ljava/lang/Class;+13
J 423 C1 java.lang.ClassLoader.loadClass(Ljava/lang/String;Z)Ljava/lang/Class; (122 bytes) @ 0x000000010d7ed004 [0x000000010d7ec6a0+0x964]
j  sun.misc.Launcher$AppClassLoader.loadClass(Ljava/lang/String;Z)Ljava/lang/Class;+36
J 485 C1 java.lang.ClassLoader.loadClass(Ljava/lang/String;)Ljava/lang/Class; (7 bytes) @ 0x000000010d81a584 [0x000000010d81a480+0x104]
v  ~StubRoutines::call_stub
V  [libjvm.dylib+0x2d4516]
V  [libjvm.dylib+0x2d4ca4]
V  [libjvm.dylib+0x2d4dfc]
V  [libjvm.dylib+0x509552]
V  [libjvm.dylib+0x508ce3]
V  [libjvm.dylib+0x50976e]
V  [libjvm.dylib+0x509c4b]
V  [libjvm.dylib+0x1d5ede]
V  [libjvm.dylib+0x426892]
V  [libjvm.dylib+0x2cfedb]
j  client.domestic.DomesticTradeOverlay.setupUserSelectPanel()Ljavax/swing/JPanel;+61
j  client.domestic.DomesticTradeOverlay.buildView()V+112
j  client.domestic.DomesticTradeOverlay.<init>()V+41
j  client.catan.TradePanel.<init>()V+33
j  client.catan.MidPanel.<init>()V+20
j  client.catan.CatanPanel.<init>()V+31
j  client.main.Catan.<init>()V+24
j  client.main.Catan$1.run()V+45
j  java.awt.event.InvocationEvent.dispatch()V+47
j  java.awt.EventQueue.dispatchEventImpl(Ljava/awt/AWTEvent;Ljava/lang/Object;)V+21
j  java.awt.EventQueue.access$400(Ljava/awt/EventQueue;Ljava/awt/AWTEvent;Ljava/lang/Object;)V+3
j  java.awt.EventQueue$3.run()Ljava/lang/Void;+32
j  java.awt.EventQueue$3.run()Ljava/lang/Object;+1
v  ~StubRoutines::call_stub
V  [libjvm.dylib+0x2d4516]
V  [libjvm.dylib+0x32aeb2]
j  java.security.AccessController.doPrivileged(Ljava/security/PrivilegedAction;Ljava/security/AccessControlContext;)Ljava/lang/Object;+0
j  java.security.ProtectionDomain$1.doIntersectionPrivilege(Ljava/security/PrivilegedAction;Ljava/security/AccessControlContext;Ljava/security/AccessControlContext;)Ljava/lang/Object;+28
j  java.awt.EventQueue.dispatchEvent(Ljava/awt/AWTEvent;)V+46
j  java.awt.EventDispatchThread.pumpOneEventForFilters(I)V+245
j  java.awt.EventDispatchThread.pumpEventsForFilter(ILjava/awt/Conditional;Ljava/awt/EventFilter;)V+35
j  java.awt.EventDispatchThread.pumpEventsForHierarchy(ILjava/awt/Conditional;Ljava/awt/Component;)V+11
j  java.awt.EventDispatchThread.pumpEvents(ILjava/awt/Conditional;)V+4
j  java.awt.EventDispatchThread.pumpEvents(Ljava/awt/Conditional;)V+3
j  java.awt.EventDispatchThread.run()V+9
v  ~StubRoutines::call_stub
V  [libjvm.dylib+0x2d4516]
V  [libjvm.dylib+0x2d4ca4]
V  [libjvm.dylib+0x2d4e50]
V  [libjvm.dylib+0x32583f]
V  [libjvm.dylib+0x535ed9]
V  [libjvm.dylib+0x53761c]
V  [libjvm.dylib+0x45d87e]
C  [libsystem_pthread.dylib+0x3268]  _pthread_body+0x83
C  [libsystem_pthread.dylib+0x31e5]  _pthread_body+0x0
C  [libsystem_pthread.dylib+0x141d]  thread_start+0xd
C  0x0000000000000000

Java frames: (J=compiled Java code, j=interpreted, Vv=VM code)
J 419  java.util.zip.ZipFile.getEntry(J[BZ)J (0 bytes) @ 0x000000010d7e2318 [0x000000010d7e22c0+0x58]
J 414 C1 java.util.zip.ZipFile.getEntry(Ljava/lang/String;)Ljava/util/zip/ZipEntry; (86 bytes) @ 0x000000010d7e3c4c [0x000000010d7e39e0+0x26c]
J 460 C1 java.util.jar.JarFile.getEntry(Ljava/lang/String;)Ljava/util/zip/ZipEntry; (22 bytes) @ 0x000000010d80a324 [0x000000010d80a2a0+0x84]
J 467 C1 sun.misc.URLClassPath$JarLoader.getResource(Ljava/lang/String;Z)Lsun/misc/Resource; (85 bytes) @ 0x000000010d80c8fc [0x000000010d80c4a0+0x45c]
j  sun.misc.URLClassPath.getResource(Ljava/lang/String;Z)Lsun/misc/Resource;+53
j  java.net.URLClassLoader$1.run()Ljava/lang/Class;+26
j  java.net.URLClassLoader$1.run()Ljava/lang/Object;+1
v  ~StubRoutines::call_stub
j  java.security.AccessController.doPrivileged(Ljava/security/PrivilegedExceptionAction;Ljava/security/AccessControlContext;)Ljava/lang/Object;+0
j  java.net.URLClassLoader.findClass(Ljava/lang/String;)Ljava/lang/Class;+13
J 423 C1 java.lang.ClassLoader.loadClass(Ljava/lang/String;Z)Ljava/lang/Class; (122 bytes) @ 0x000000010d7ed004 [0x000000010d7ec6a0+0x964]
j  sun.misc.Launcher$AppClassLoader.loadClass(Ljava/lang/String;Z)Ljava/lang/Class;+36
J 485 C1 java.lang.ClassLoader.loadClass(Ljava/lang/String;)Ljava/lang/Class; (7 bytes) @ 0x000000010d81a584 [0x000000010d81a480+0x104]
v  ~StubRoutines::call_stub
j  client.domestic.DomesticTradeOverlay.setupUserSelectPanel()Ljavax/swing/JPanel;+61
j  client.domestic.DomesticTradeOverlay.buildView()V+112
j  client.domestic.DomesticTradeOverlay.<init>()V+41
j  client.catan.TradePanel.<init>()V+33
j  client.catan.MidPanel.<init>()V+20
j  client.catan.CatanPanel.<init>()V+31
j  client.main.Catan.<init>()V+24
j  client.main.Catan$1.run()V+45
j  java.awt.event.InvocationEvent.dispatch()V+47
j  java.awt.EventQueue.dispatchEventImpl(Ljava/awt/AWTEvent;Ljava/lang/Object;)V+21
j  java.awt.EventQueue.access$400(Ljava/awt/EventQueue;Ljava/awt/AWTEvent;Ljava/lang/Object;)V+3
j  java.awt.EventQueue$3.run()Ljava/lang/Void;+32
j  java.awt.EventQueue$3.run()Ljava/lang/Object;+1
v  ~StubRoutines::call_stub
j  java.security.AccessController.doPrivileged(Ljava/security/PrivilegedAction;Ljava/security/AccessControlContext;)Ljava/lang/Object;+0
j  java.security.ProtectionDomain$1.doIntersectionPrivilege(Ljava/security/PrivilegedAction;Ljava/security/AccessControlContext;Ljava/security/AccessControlContext;)Ljava/lang/Object;+28
j  java.awt.EventQueue.dispatchEvent(Ljava/awt/AWTEvent;)V+46
j  java.awt.EventDispatchThread.pumpOneEventForFilters(I)V+245
j  java.awt.EventDispatchThread.pumpEventsForFilter(ILjava/awt/Conditional;Ljava/awt/EventFilter;)V+35
j  java.awt.EventDispatchThread.pumpEventsForHierarchy(ILjava/awt/Conditional;Ljava/awt/Component;)V+11
j  java.awt.EventDispatchThread.pumpEvents(ILjava/awt/Conditional;)V+4
j  java.awt.EventDispatchThread.pumpEvents(Ljava/awt/Conditional;)V+3
j  java.awt.EventDispatchThread.run()V+9
v  ~StubRoutines::call_stub

---------------  P R O C E S S  ---------------

Java Threads: ( => current thread )
  0x00007fe3b499d000 JavaThread "Java2D Disposer" daemon [_thread_blocked, id=54535, stack(0x00000001289af000,0x0000000128aaf000)]
  0x00007fe3b400e000 JavaThread "Java2D Queue Flusher" daemon [_thread_blocked, id=51207, stack(0x0000000127ae3000,0x0000000127be3000)]
  0x00007fe3b507d000 JavaThread "DestroyJavaVM" [_thread_blocked, id=4867, stack(0x000000010cc27000,0x000000010cd27000)]
=>0x00007fe3b421a800 JavaThread "AWT-EventQueue-0" [_thread_in_native, id=50443, stack(0x00000001277e0000,0x00000001278e0000)]
  0x00007fe3b501e000 JavaThread "AWT-Shutdown" [_thread_blocked, id=29715, stack(0x0000000124b55000,0x0000000124c55000)]
  0x00007fe3b413f000 JavaThread "AppKit Thread" daemon [_thread_in_native, id=1811, stack(0x00007fff5383d000,0x00007fff5403d000)]
  0x00007fe3b4868800 JavaThread "RMI TCP Accept-0" daemon [_thread_in_native, id=19975, stack(0x0000000122f7c000,0x000000012307c000)]
  0x00007fe3b4062000 JavaThread "Service Thread" daemon [_thread_blocked, id=18179, stack(0x0000000122d9e000,0x0000000122e9e000)]
  0x00007fe3b5003000 JavaThread "C1 CompilerThread2" daemon [_thread_blocked, id=17667, stack(0x0000000122c9b000,0x0000000122d9b000)]
  0x00007fe3b481b000 JavaThread "C2 CompilerThread1" daemon [_thread_blocked, id=17155, stack(0x0000000122b98000,0x0000000122c98000)]
  0x00007fe3b5002000 JavaThread "C2 CompilerThread0" daemon [_thread_blocked, id=16643, stack(0x0000000122a95000,0x0000000122b95000)]
  0x00007fe3b4815000 JavaThread "Signal Dispatcher" daemon [_thread_blocked, id=13335, stack(0x0000000122992000,0x0000000122a92000)]
  0x00007fe3b4023800 JavaThread "Finalizer" daemon [_thread_blocked, id=11523, stack(0x0000000120f72000,0x0000000121072000)]
  0x00007fe3b4023000 JavaThread "Reference Handler" daemon [_thread_blocked, id=11011, stack(0x0000000120e6f000,0x0000000120f6f000)]

Other Threads:
  0x00007fe3b401e000 VMThread [stack: 0x0000000120d6c000,0x0000000120e6c000] [id=10499]
  0x00007fe3b5991000 WatcherThread [stack: 0x000000012307f000,0x000000012317f000] [id=20227]

VM state:not at safepoint (normal execution)

VM Mutex/Monitor currently owned by a thread: None

Heap:
 PSYoungGen      total 18944K, used 4906K [0x00000007aab00000, 0x00000007ac000000, 0x00000007c0000000)
  eden space 16384K, 14% used [0x00000007aab00000,0x00000007aad4ff98,0x00000007abb00000)
  from space 2560K, 99% used [0x00000007abb00000,0x00000007abd7abf0,0x00000007abd80000)
  to   space 2560K, 0% used [0x00000007abd80000,0x00000007abd80000,0x00000007ac000000)
 ParOldGen       total 44032K, used 68K [0x0000000780000000, 0x0000000782b00000, 0x00000007aab00000)
  object space 44032K, 0% used [0x0000000780000000,0x00000007800112c0,0x0000000782b00000)
 Metaspace       used 11815K, capacity 11950K, committed 12160K, reserved 1060864K
  class space    used 1533K, capacity 1577K, committed 1664K, reserved 1048576K

Card table byte_map: [0x000000011c9c0000,0x000000011cbc1000] byte_map_base: 0x0000000118dc0000

Marking Bits: (ParMarkBitMap*) 0x000000010c590390
 Begin Bits: [0x000000011d123000, 0x000000011e123000)
 End Bits:   [0x000000011e123000, 0x000000011f123000)

Polling page: 0x000000010cd6b000

CodeCache: size=245760Kb used=2565Kb max_used=2577Kb free=243194Kb
 bounds [0x000000010d600000, 0x000000010d890000, 0x000000011c600000]
 total_blobs=1127 nmethods=657 adapters=386
 compilation: enabled

Compilation events (10 events):
Event: 1.848 Thread 0x00007fe3b5003000 nmethod 650 0x000000010d87d010 code [0x000000010d87d160, 0x000000010d87d270]
Event: 1.848 Thread 0x00007fe3b5003000  654       1       java.util.concurrent.locks.AbstractOwnableSynchronizer::getExclusiveOwnerThread (5 bytes)
Event: 1.849 Thread 0x00007fe3b5003000 nmethod 654 0x000000010d87cc90 code [0x000000010d87cde0, 0x000000010d87cef0]
Event: 1.850 Thread 0x00007fe3b5003000  655       3       java.util.concurrent.locks.AbstractOwnableSynchronizer::setExclusiveOwnerThread (6 bytes)
Event: 1.850 Thread 0x00007fe3b5003000 nmethod 655 0x000000010d8820d0 code [0x000000010d882220, 0x000000010d882390]
Event: 1.850 Thread 0x00007fe3b5003000  656       3       javax.swing.AbstractButton::getUI (8 bytes)
Event: 1.850 Thread 0x00007fe3b5003000 nmethod 656 0x000000010d882410 code [0x000000010d882580, 0x000000010d8827d0]
Event: 1.851 Thread 0x00007fe3b5003000  657       1       java.util.EventObject::getSource (5 bytes)
Event: 1.851 Thread 0x00007fe3b5003000 nmethod 657 0x000000010d883d50 code [0x000000010d883ea0, 0x000000010d883fb0]
Event: 1.851 Thread 0x00007fe3b5002000 nmethod 649 0x000000010d885b10 code [0x000000010d885c80, 0x000000010d886088]

GC Heap History (2 events):
Event: 1.807 GC heap before
{Heap before GC invocations=1 (full 0):
 PSYoungGen      total 18944K, used 16384K [0x00000007aab00000, 0x00000007ac000000, 0x00000007c0000000)
  eden space 16384K, 100% used [0x00000007aab00000,0x00000007abb00000,0x00000007abb00000)
  from space 2560K, 0% used [0x00000007abd80000,0x00000007abd80000,0x00000007ac000000)
  to   space 2560K, 0% used [0x00000007abb00000,0x00000007abb00000,0x00000007abd80000)
 ParOldGen       total 44032K, used 0K [0x0000000780000000, 0x0000000782b00000, 0x00000007aab00000)
  object space 44032K, 0% used [0x0000000780000000,0x0000000780000000,0x0000000782b00000)
 Metaspace       used 11792K, capacity 11950K, committed 12160K, reserved 1060864K
  class space    used 1533K, capacity 1577K, committed 1664K, reserved 1048576K
Event: 1.813 GC heap after
Heap after GC invocations=1 (full 0):
 PSYoungGen      total 18944K, used 2538K [0x00000007aab00000, 0x00000007ac000000, 0x00000007c0000000)
  eden space 16384K, 0% used [0x00000007aab00000,0x00000007aab00000,0x00000007abb00000)
  from space 2560K, 99% used [0x00000007abb00000,0x00000007abd7abf0,0x00000007abd80000)
  to   space 2560K, 0% used [0x00000007abd80000,0x00000007abd80000,0x00000007ac000000)
 ParOldGen       total 44032K, used 68K [0x0000000780000000, 0x0000000782b00000, 0x00000007aab00000)
  object space 44032K, 0% used [0x0000000780000000,0x00000007800112c0,0x0000000782b00000)
 Metaspace       used 11792K, capacity 11950K, committed 12160K, reserved 1060864K
  class space    used 1533K, capacity 1577K, committed 1664K, reserved 1048576K
}

Deoptimization events (0 events):
No events

Internal exceptions (10 events):
Event: 1.371 Thread 0x00007fe3b421a800 Exception <a 'java/security/PrivilegedActionException'> (0x00000007ab25f8b8) thrown at [/HUDSON3/workspace/8-2-build-macosx-x86_64/jdk8u25/1514/hotspot/src/share/vm/prims/jvm.cpp, line 1312]
Event: 1.375 Thread 0x00007fe3b421a800 Exception <a 'java/security/PrivilegedActionException'> (0x00000007ab26dce0) thrown at [/HUDSON3/workspace/8-2-build-macosx-x86_64/jdk8u25/1514/hotspot/src/share/vm/prims/jvm.cpp, line 1312]
Event: 1.376 Thread 0x00007fe3b421a800 Exception <a 'java/security/PrivilegedActionException'> (0x00000007ab272708) thrown at [/HUDSON3/workspace/8-2-build-macosx-x86_64/jdk8u25/1514/hotspot/src/share/vm/prims/jvm.cpp, line 1312]
Event: 1.377 Thread 0x00007fe3b421a800 Exception <a 'java/security/PrivilegedActionException'> (0x00000007ab2778a8) thrown at [/HUDSON3/workspace/8-2-build-macosx-x86_64/jdk8u25/1514/hotspot/src/share/vm/prims/jvm.cpp, line 1312]
Event: 1.586 Thread 0x00007fe3b421a800 Exception <a 'java/security/PrivilegedActionException'> (0x00000007ab3ae070) thrown at [/HUDSON3/workspace/8-2-build-macosx-x86_64/jdk8u25/1514/hotspot/src/share/vm/prims/jvm.cpp, line 1312]
Event: 1.621 Thread 0x00007fe3b421a800 Exception <a 'java/security/PrivilegedActionException'> (0x00000007ab417bf0) thrown at [/HUDSON3/workspace/8-2-build-macosx-x86_64/jdk8u25/1514/hotspot/src/share/vm/prims/jvm.cpp, line 1312]
Event: 1.630 Thread 0x00007fe3b421a800 Exception <a 'java/security/PrivilegedActionException'> (0x00000007ab428218) thrown at [/HUDSON3/workspace/8-2-build-macosx-x86_64/jdk8u25/1514/hotspot/src/share/vm/prims/jvm.cpp, line 1312]
Event: 1.633 Thread 0x00007fe3b421a800 Exception <a 'java/security/PrivilegedActionException'> (0x00000007ab42d320) thrown at [/HUDSON3/workspace/8-2-build-macosx-x86_64/jdk8u25/1514/hotspot/src/share/vm/prims/jvm.cpp, line 1312]
Event: 1.636 Thread 0x00007fe3b421a800 Exception <a 'java/security/PrivilegedActionException'> (0x00000007ab4323b8) thrown at [/HUDSON3/workspace/8-2-build-macosx-x86_64/jdk8u25/1514/hotspot/src/share/vm/prims/jvm.cpp, line 1312]
Event: 1.852 Thread 0x00007fe3b421a800 Exception <a 'java/security/PrivilegedActionException'> (0x00000007aad38b50) thrown at [/HUDSON3/workspace/8-2-build-macosx-x86_64/jdk8u25/1514/hotspot/src/share/vm/prims/jvm.cpp, line 1312]

Events (10 events):
Event: 1.825 Thread 0x00007fe3b421a800 DEOPT PACKING pc=0x000000010d850472 sp=0x00000001278ddfb0
Event: 1.825 Thread 0x00007fe3b421a800 DEOPT UNPACKING pc=0x000000010d646f73 sp=0x00000001278ddcf0 mode 0
Event: 1.826 Thread 0x00007fe3b421a800 DEOPT PACKING pc=0x000000010d850472 sp=0x00000001278ddfb0
Event: 1.826 Thread 0x00007fe3b421a800 DEOPT UNPACKING pc=0x000000010d646f73 sp=0x00000001278ddcf0 mode 0
Event: 1.828 Thread 0x00007fe3b421a800 DEOPT PACKING pc=0x000000010d850472 sp=0x00000001278ddfb0
Event: 1.828 Thread 0x00007fe3b421a800 DEOPT UNPACKING pc=0x000000010d646f73 sp=0x00000001278ddcf0 mode 0
Event: 1.829 Thread 0x00007fe3b421a800 DEOPT PACKING pc=0x000000010d850472 sp=0x00000001278ddfb0
Event: 1.829 Thread 0x00007fe3b421a800 DEOPT UNPACKING pc=0x000000010d646f73 sp=0x00000001278ddcf0 mode 0
Event: 1.852 loading class client/domestic/DomesticTradeOverlay$1
Event: 1.852 loading class client/domestic/DomesticTradeOverlay$1 done


Dynamic libraries:
0x00000000031b6000 	/System/Library/Frameworks/Cocoa.framework/Versions/A/Cocoa
0x00000000031b6000 	/System/Library/Frameworks/Security.framework/Versions/A/Security
0x00000000031b6000 	/System/Library/Frameworks/ApplicationServices.framework/Versions/A/ApplicationServices
0x00000000031b6000 	/usr/lib/libz.1.dylib
0x00000000031b6000 	/usr/lib/libSystem.B.dylib
0x00000000031b6000 	/usr/lib/libobjc.A.dylib
0x00000000031b6000 	/System/Library/Frameworks/CoreFoundation.framework/Versions/A/CoreFoundation
0x00000000031b6000 	/System/Library/Frameworks/Foundation.framework/Versions/C/Foundation
0x00000000031b6000 	/System/Library/Frameworks/AppKit.framework/Versions/C/AppKit
0x00000000031b6000 	/System/Library/Frameworks/CoreData.framework/Versions/A/CoreData
0x00000000031b6000 	/System/Library/PrivateFrameworks/RemoteViewServices.framework/Versions/A/RemoteViewServices
0x00000000031b6000 	/System/Library/PrivateFrameworks/UIFoundation.framework/Versions/A/UIFoundation
0x00000000031b6000 	/System/Library/Frameworks/IOSurface.framework/Versions/A/IOSurface
0x00000000031b6000 	/System/Library/Frameworks/AudioToolbox.framework/Versions/A/AudioToolbox
0x00000000031b6000 	/System/Library/Frameworks/AudioUnit.framework/Versions/A/AudioUnit
0x00000000031b6000 	/System/Library/PrivateFrameworks/DataDetectorsCore.framework/Versions/A/DataDetectorsCore
0x00000000031b6000 	/System/Library/PrivateFrameworks/DesktopServicesPriv.framework/Versions/A/DesktopServicesPriv
0x00000000031b6000 	/System/Library/Frameworks/Carbon.framework/Versions/A/Frameworks/HIToolbox.framework/Versions/A/HIToolbox
0x00000000031b6000 	/System/Library/Frameworks/QuartzCore.framework/Versions/A/QuartzCore
0x00000000031b6000 	/System/Library/Frameworks/Carbon.framework/Versions/A/Frameworks/SpeechRecognition.framework/Versions/A/SpeechRecognition
0x00000000031b6000 	/usr/lib/libauto.dylib
0x00000000031b6000 	/usr/lib/libicucore.A.dylib
0x00000000031b6000 	/usr/lib/libxml2.2.dylib
0x00000000031b6000 	/System/Library/PrivateFrameworks/CoreUI.framework/Versions/A/CoreUI
0x00000000031b6000 	/System/Library/Frameworks/CoreAudio.framework/Versions/A/CoreAudio
0x00000000031b6000 	/System/Library/Frameworks/DiskArbitration.framework/Versions/A/DiskArbitration
0x00000000031b6000 	/usr/lib/liblangid.dylib
0x00000000031b6000 	/System/Library/PrivateFrameworks/MultitouchSupport.framework/Versions/A/MultitouchSupport
0x00000000031b6000 	/System/Library/Frameworks/IOKit.framework/Versions/A/IOKit
0x00000000031b6000 	/usr/lib/libDiagnosticMessagesClient.dylib
0x00000000031b6000 	/System/Library/Frameworks/CoreServices.framework/Versions/A/CoreServices
0x00000000031b6000 	/System/Library/PrivateFrameworks/PerformanceAnalysis.framework/Versions/A/PerformanceAnalysis
0x00000000031b6000 	/System/Library/PrivateFrameworks/GenerationalStorage.framework/Versions/A/GenerationalStorage
0x00000000031b6000 	/System/Library/Frameworks/OpenGL.framework/Versions/A/OpenGL
0x00000000031b6000 	/System/Library/PrivateFrameworks/Sharing.framework/Versions/A/Sharing
0x00000000031b6000 	/System/Library/Frameworks/CoreGraphics.framework/Versions/A/CoreGraphics
0x00000000031b6000 	/System/Library/Frameworks/CoreText.framework/Versions/A/CoreText
0x00000000031b6000 	/System/Library/Frameworks/ImageIO.framework/Versions/A/ImageIO
0x00000000031b6000 	/usr/lib/libextension.dylib
0x00000000031b6000 	/System/Library/PrivateFrameworks/Backup.framework/Versions/A/Backup
0x00000000031b6000 	/usr/lib/libarchive.2.dylib
0x00000000031b6000 	/System/Library/Frameworks/CFNetwork.framework/Versions/A/CFNetwork
0x00000000031b6000 	/System/Library/Frameworks/SystemConfiguration.framework/Versions/A/SystemConfiguration
0x00000000031b6000 	/usr/lib/libCRFSuite.dylib
0x00000000031b6000 	/usr/lib/libc++.1.dylib
0x00000000031b6000 	/usr/lib/libc++abi.dylib
0x00000000031b6000 	/usr/lib/system/libcache.dylib
0x00000000031b6000 	/usr/lib/system/libcommonCrypto.dylib
0x00000000031b6000 	/usr/lib/system/libcompiler_rt.dylib
0x00000000031b6000 	/usr/lib/system/libcopyfile.dylib
0x00000000031b6000 	/usr/lib/system/libcorecrypto.dylib
0x00000000031b6000 	/usr/lib/system/libdispatch.dylib
0x00000000031b6000 	/usr/lib/system/libdyld.dylib
0x00000000031b6000 	/usr/lib/system/libkeymgr.dylib
0x00000000031b6000 	/usr/lib/system/liblaunch.dylib
0x00000000031b6000 	/usr/lib/system/libmacho.dylib
0x00000000031b6000 	/usr/lib/system/libquarantine.dylib
0x00000000031b6000 	/usr/lib/system/libremovefile.dylib
0x00000000031b6000 	/usr/lib/system/libsystem_asl.dylib
0x00000000031b6000 	/usr/lib/system/libsystem_blocks.dylib
0x00000000031b6000 	/usr/lib/system/libsystem_c.dylib
0x00000000031b6000 	/usr/lib/system/libsystem_configuration.dylib
0x00000000031b6000 	/usr/lib/system/libsystem_coreservices.dylib
0x00000000031b6000 	/usr/lib/system/libsystem_coretls.dylib
0x00000000031b6000 	/usr/lib/system/libsystem_dnssd.dylib
0x00000000031b6000 	/usr/lib/system/libsystem_info.dylib
0x00000000031b6000 	/usr/lib/system/libsystem_kernel.dylib
0x00000000031b6000 	/usr/lib/system/libsystem_m.dylib
0x00000000031b6000 	/usr/lib/system/libsystem_malloc.dylib
0x00000000031b6000 	/usr/lib/system/libsystem_network.dylib
0x00000000031b6000 	/usr/lib/system/libsystem_networkextension.dylib
0x00000000031b6000 	/usr/lib/system/libsystem_notify.dylib
0x00000000031b6000 	/usr/lib/system/libsystem_platform.dylib
0x00000000031b6000 	/usr/lib/system/libsystem_pthread.dylib
0x00000000031b6000 	/usr/lib/system/libsystem_sandbox.dylib
0x00000000031b6000 	/usr/lib/system/libsystem_secinit.dylib
0x00000000031b6000 	/usr/lib/system/libsystem_stats.dylib
0x00000000031b6000 	/usr/lib/system/libsystem_trace.dylib
0x00000000031b6000 	/usr/lib/system/libunc.dylib
0x00000000031b6000 	/usr/lib/system/libunwind.dylib
0x00000000031b6000 	/usr/lib/system/libxpc.dylib
0x00000000031b6000 	/usr/lib/libbz2.1.0.dylib
0x00000000031b6000 	/usr/lib/liblzma.5.dylib
0x00000000031b6000 	/usr/lib/libbsm.0.dylib
0x00000000031b6000 	/usr/lib/libsqlite3.dylib
0x00000000031b6000 	/usr/lib/system/libkxld.dylib
0x00000000031b6000 	/usr/lib/libxar.1.dylib
0x00000000031b6000 	/usr/lib/libpam.2.dylib
0x00000000031b6000 	/usr/lib/libOpenScriptingUtil.dylib
0x00000000031b6000 	/System/Library/Frameworks/CoreServices.framework/Versions/A/Frameworks/FSEvents.framework/Versions/A/FSEvents
0x00000000031b6000 	/System/Library/Frameworks/CoreServices.framework/Versions/A/Frameworks/CarbonCore.framework/Versions/A/CarbonCore
0x00000000031b6000 	/System/Library/Frameworks/CoreServices.framework/Versions/A/Frameworks/Metadata.framework/Versions/A/Metadata
0x00000000031b6000 	/System/Library/Frameworks/CoreServices.framework/Versions/A/Frameworks/OSServices.framework/Versions/A/OSServices
0x00000000031b6000 	/System/Library/Frameworks/CoreServices.framework/Versions/A/Frameworks/SearchKit.framework/Versions/A/SearchKit
0x00000000031b6000 	/System/Library/Frameworks/CoreServices.framework/Versions/A/Frameworks/AE.framework/Versions/A/AE
0x00000000031b6000 	/System/Library/Frameworks/CoreServices.framework/Versions/A/Frameworks/LaunchServices.framework/Versions/A/LaunchServices
0x00000000031b6000 	/System/Library/Frameworks/CoreServices.framework/Versions/A/Frameworks/DictionaryServices.framework/Versions/A/DictionaryServices
0x00000000031b6000 	/System/Library/Frameworks/NetFS.framework/Versions/A/NetFS
0x00000000031b6000 	/System/Library/PrivateFrameworks/NetAuth.framework/Versions/A/NetAuth
0x00000000031b6000 	/System/Library/PrivateFrameworks/login.framework/Versions/A/Frameworks/loginsupport.framework/Versions/A/loginsupport
0x00000000031b6000 	/System/Library/PrivateFrameworks/TCC.framework/Versions/A/TCC
0x00000000031b6000 	/usr/lib/libmecabra.dylib
0x00000000031b6000 	/System/Library/Frameworks/ApplicationServices.framework/Versions/A/Frameworks/ATS.framework/Versions/A/ATS
0x00000000031b6000 	/System/Library/Frameworks/ApplicationServices.framework/Versions/A/Frameworks/ColorSync.framework/Versions/A/ColorSync
0x00000000031b6000 	/System/Library/Frameworks/ApplicationServices.framework/Versions/A/Frameworks/HIServices.framework/Versions/A/HIServices
0x00000000031b6000 	/System/Library/Frameworks/ApplicationServices.framework/Versions/A/Frameworks/LangAnalysis.framework/Versions/A/LangAnalysis
0x00000000031b6000 	/System/Library/Frameworks/ApplicationServices.framework/Versions/A/Frameworks/PrintCore.framework/Versions/A/PrintCore
0x00000000031b6000 	/System/Library/Frameworks/ApplicationServices.framework/Versions/A/Frameworks/QD.framework/Versions/A/QD
0x00000000031b6000 	/System/Library/Frameworks/ApplicationServices.framework/Versions/A/Frameworks/SpeechSynthesis.framework/Versions/A/SpeechSynthesis
0x00000000031b6000 	/System/Library/Frameworks/Accelerate.framework/Versions/A/Accelerate
0x00000000031b6000 	/System/Library/Frameworks/Accelerate.framework/Versions/A/Frameworks/vImage.framework/Versions/A/vImage
0x00000000031b6000 	/System/Library/Frameworks/Accelerate.framework/Versions/A/Frameworks/vecLib.framework/Versions/A/vecLib
0x00000000031b6000 	/System/Library/Frameworks/Accelerate.framework/Versions/A/Frameworks/vecLib.framework/Versions/A/libvDSP.dylib
0x00000000031b6000 	/System/Library/Frameworks/Accelerate.framework/Versions/A/Frameworks/vecLib.framework/Versions/A/libvMisc.dylib
0x00000000031b6000 	/System/Library/Frameworks/Accelerate.framework/Versions/A/Frameworks/vecLib.framework/Versions/A/libLAPACK.dylib
0x00000000031b6000 	/System/Library/Frameworks/Accelerate.framework/Versions/A/Frameworks/vecLib.framework/Versions/A/libBLAS.dylib
0x00000000031b6000 	/System/Library/Frameworks/Accelerate.framework/Versions/A/Frameworks/vecLib.framework/Versions/A/libLinearAlgebra.dylib
0x00000000031b6000 	/System/Library/Frameworks/ApplicationServices.framework/Versions/A/Frameworks/ATS.framework/Versions/A/Resources/libFontParser.dylib
0x00000000031b6000 	/System/Library/Frameworks/ApplicationServices.framework/Versions/A/Frameworks/ATS.framework/Versions/A/Resources/libFontRegistry.dylib
0x00000000031b6000 	/System/Library/PrivateFrameworks/AppleVPA.framework/Versions/A/AppleVPA
0x00000000031b6000 	/System/Library/PrivateFrameworks/AppleJPEG.framework/Versions/A/AppleJPEG
0x00000000031b6000 	/System/Library/Frameworks/ImageIO.framework/Versions/A/Resources/libJPEG.dylib
0x00000000031b6000 	/System/Library/Frameworks/ImageIO.framework/Versions/A/Resources/libTIFF.dylib
0x00000000031b6000 	/System/Library/Frameworks/ImageIO.framework/Versions/A/Resources/libPng.dylib
0x00000000031b6000 	/System/Library/Frameworks/ImageIO.framework/Versions/A/Resources/libGIF.dylib
0x00000000031b6000 	/System/Library/Frameworks/ImageIO.framework/Versions/A/Resources/libJP2.dylib
0x00000000031b6000 	/System/Library/Frameworks/ImageIO.framework/Versions/A/Resources/libRadiance.dylib
0x00000000031b6000 	/System/Library/Frameworks/CoreVideo.framework/Versions/A/CoreVideo
0x00000000031b6000 	/System/Library/Frameworks/OpenGL.framework/Versions/A/Libraries/libGLU.dylib
0x00000000031b6000 	/System/Library/Frameworks/OpenGL.framework/Versions/A/Libraries/libGFXShared.dylib
0x00000000031b6000 	/System/Library/Frameworks/OpenGL.framework/Versions/A/Libraries/libGL.dylib
0x00000000031b6000 	/System/Library/Frameworks/OpenGL.framework/Versions/A/Libraries/libGLImage.dylib
0x00000000031b6000 	/System/Library/Frameworks/OpenGL.framework/Versions/A/Libraries/libCVMSPluginSupport.dylib
0x00000000031b6000 	/System/Library/Frameworks/OpenGL.framework/Versions/A/Libraries/libCoreVMClient.dylib
0x00000000031b6000 	/usr/lib/libcups.2.dylib
0x00000000031b6000 	/System/Library/Frameworks/Kerberos.framework/Versions/A/Kerberos
0x00000000031b6000 	/System/Library/Frameworks/GSS.framework/Versions/A/GSS
0x00000000031b6000 	/usr/lib/libresolv.9.dylib
0x00000000031b6000 	/usr/lib/libiconv.2.dylib
0x00000000031b6000 	/System/Library/PrivateFrameworks/Heimdal.framework/Versions/A/Heimdal
0x00000000031b6000 	/usr/lib/libheimdal-asn1.dylib
0x00000000031b6000 	/System/Library/Frameworks/OpenDirectory.framework/Versions/A/OpenDirectory
0x00000000031b6000 	/System/Library/PrivateFrameworks/CommonAuth.framework/Versions/A/CommonAuth
0x00000000031b6000 	/System/Library/Frameworks/OpenDirectory.framework/Versions/A/Frameworks/CFOpenDirectory.framework/Versions/A/CFOpenDirectory
0x00000000031b6000 	/System/Library/Frameworks/SecurityFoundation.framework/Versions/A/SecurityFoundation
0x00000000031b6000 	/System/Library/PrivateFrameworks/LanguageModeling.framework/Versions/A/LanguageModeling
0x00000000031b6000 	/usr/lib/libcmph.dylib
0x00000000031b6000 	/System/Library/Frameworks/ServiceManagement.framework/Versions/A/ServiceManagement
0x00000000031b6000 	/usr/lib/libxslt.1.dylib
0x00000000031b6000 	/System/Library/Frameworks/Carbon.framework/Versions/A/Frameworks/Ink.framework/Versions/A/Ink
0x00000000031b6000 	/System/Library/Frameworks/QuartzCore.framework/Versions/A/Frameworks/CoreImage.framework/Versions/A/CoreImage
0x00000000031b6000 	/System/Library/PrivateFrameworks/CrashReporterSupport.framework/Versions/A/CrashReporterSupport
0x00000000031b6000 	/System/Library/Frameworks/OpenCL.framework/Versions/A/OpenCL
0x00000000031b6000 	/System/Library/PrivateFrameworks/FaceCore.framework/Versions/A/FaceCore
0x00000000031b6000 	/System/Library/PrivateFrameworks/Ubiquity.framework/Versions/A/Ubiquity
0x00000000031b6000 	/System/Library/PrivateFrameworks/IconServices.framework/Versions/A/IconServices
0x00000000031b6000 	/System/Library/PrivateFrameworks/ChunkingLibrary.framework/Versions/A/ChunkingLibrary
0x00000000031b6000 	/System/Library/PrivateFrameworks/Apple80211.framework/Versions/A/Apple80211
0x00000000031b6000 	/System/Library/Frameworks/CoreWLAN.framework/Versions/A/CoreWLAN
0x00000000031b6000 	/System/Library/Frameworks/IOBluetooth.framework/Versions/A/IOBluetooth
0x00000000031b6000 	/System/Library/PrivateFrameworks/CoreWiFi.framework/Versions/A/CoreWiFi
0x00000000031b6000 	/System/Library/Frameworks/CoreBluetooth.framework/Versions/A/CoreBluetooth
0x00000000031b6000 	/System/Library/PrivateFrameworks/DebugSymbols.framework/Versions/A/DebugSymbols
0x00000000031b6000 	/System/Library/PrivateFrameworks/CoreSymbolication.framework/Versions/A/CoreSymbolication
0x00000000031b6000 	/System/Library/PrivateFrameworks/Symbolication.framework/Versions/A/Symbolication
0x00000000031b6000 	/System/Library/PrivateFrameworks/SpeechRecognitionCore.framework/Versions/A/SpeechRecognitionCore
0x000000010bcf3000 	/Library/Java/JavaVirtualMachines/jdk1.8.0_25.jdk/Contents/Home/jre/lib/server/libjvm.dylib
0x00000000031b6000 	/usr/lib/libstdc++.6.dylib
0x000000010cd29000 	/Library/Java/JavaVirtualMachines/jdk1.8.0_25.jdk/Contents/Home/jre/lib/libverify.dylib
0x000000010cd37000 	/Library/Java/JavaVirtualMachines/jdk1.8.0_25.jdk/Contents/Home/jre/lib/libjava.dylib
0x000000010cd75000 	/Library/Java/JavaVirtualMachines/jdk1.8.0_25.jdk/Contents/Home/jre/lib/libzip.dylib
0x0000000121074000 	/System/Library/Frameworks/JavaVM.framework/Frameworks/JavaRuntimeSupport.framework/JavaRuntimeSupport
0x000000012108c000 	/System/Library/Frameworks/JavaVM.framework/Versions/A/Frameworks/JavaNativeFoundation.framework/Versions/A/JavaNativeFoundation
0x000000010cded000 	/System/Library/Frameworks/JavaVM.framework/Versions/A/JavaVM
0x00000000031b6000 	/System/Library/Frameworks/Carbon.framework/Versions/A/Carbon
0x00000001210a1000 	/System/Library/PrivateFrameworks/JavaLaunching.framework/Versions/A/JavaLaunching
0x00000000031b6000 	/System/Library/Frameworks/Carbon.framework/Versions/A/Frameworks/CommonPanels.framework/Versions/A/CommonPanels
0x00000000031b6000 	/System/Library/Frameworks/Carbon.framework/Versions/A/Frameworks/Help.framework/Versions/A/Help
0x00000000031b6000 	/System/Library/Frameworks/Carbon.framework/Versions/A/Frameworks/ImageCapture.framework/Versions/A/ImageCapture
0x00000000031b6000 	/System/Library/Frameworks/Carbon.framework/Versions/A/Frameworks/OpenScripting.framework/Versions/A/OpenScripting
0x00000000031b6000 	/System/Library/Frameworks/Carbon.framework/Versions/A/Frameworks/Print.framework/Versions/A/Print
0x00000000031b6000 	/System/Library/Frameworks/Carbon.framework/Versions/A/Frameworks/SecurityHI.framework/Versions/A/SecurityHI
0x0000000122ea0000 	/Library/Java/JavaVirtualMachines/jdk1.8.0_25.jdk/Contents/Home/jre/lib/libnet.dylib
0x0000000122eff000 	/Library/Java/JavaVirtualMachines/jdk1.8.0_25.jdk/Contents/Home/jre/lib/libmanagement.dylib
0x0000000122f0c000 	/Library/Java/JavaVirtualMachines/jdk1.8.0_25.jdk/Contents/Home/jre/lib/libnio.dylib
0x00000001231a7000 	/Library/Java/JavaVirtualMachines/jdk1.8.0_25.jdk/Contents/Home/jre/lib/libawt.dylib
0x0000000123256000 	/Library/Java/JavaVirtualMachines/jdk1.8.0_25.jdk/Contents/Home/jre/lib/./libmlib_image.dylib
0x0000000123322000 	/Library/Java/JavaVirtualMachines/jdk1.8.0_25.jdk/Contents/Home/jre/lib/libawt_lwawt.dylib
0x00000001233d5000 	/Library/Java/JavaVirtualMachines/jdk1.8.0_25.jdk/Contents/Home/jre/lib/./libosxapp.dylib
0x00000000031b6000 	/System/Library/Frameworks/ExceptionHandling.framework/Versions/A/ExceptionHandling
0x00000000031b6000 	/System/Library/PrivateFrameworks/CoreServicesInternal.framework/Versions/A/CoreServicesInternal
0x00000000031b6000 	/System/Library/PrivateFrameworks/CloudDocs.framework/Versions/A/CloudDocs
0x00000000031b6000 	/System/Library/PrivateFrameworks/CoreDuet.framework/Versions/A/CoreDuet
0x00000000031b6000 	/System/Library/Frameworks/CloudKit.framework/Versions/A/CloudKit
0x00000000031b6000 	/System/Library/PrivateFrameworks/ProtocolBuffer.framework/Versions/A/ProtocolBuffer
0x00000000031b6000 	/System/Library/PrivateFrameworks/CoreDuetDaemonProtocol.framework/Versions/A/CoreDuetDaemonProtocol
0x00000000031b6000 	/System/Library/PrivateFrameworks/CoreDuetDebugLogging.framework/Versions/A/CoreDuetDebugLogging
0x00000000031b6000 	/System/Library/PrivateFrameworks/MMCS.framework/Versions/A/MMCS
0x00000000031b6000 	/System/Library/Frameworks/CoreLocation.framework/Versions/A/CoreLocation
0x00000000031b6000 	/System/Library/PrivateFrameworks/ProtectedCloudStorage.framework/Versions/A/ProtectedCloudStorage
0x00000000031b6000 	/System/Library/PrivateFrameworks/GeoServices.framework/Versions/A/GeoServices
0x00000000031b6000 	/System/Library/Frameworks/CoreGraphics.framework/Versions/A/Resources/libCGCMS.A.dylib
0x00000000031b6000 	/System/Library/Frameworks/CoreGraphics.framework/Versions/A/Resources/libRIP.A.dylib
0x000000012583d000 	/System/Library/CoreServices/RawCamera.bundle/Contents/MacOS/RawCamera
0x00000000031b6000 	/System/Library/Frameworks/CoreGraphics.framework/Versions/A/Resources/libCGXType.A.dylib
0x00000000031b6000 	/System/Library/Frameworks/OpenCL.framework/Versions/A/Libraries/libcldcpuengine.dylib
0x00000000031b6000 	/System/Library/PrivateFrameworks/DiskImages.framework/Versions/A/DiskImages
0x00000000031b6000 	/System/Library/Frameworks/DiscRecording.framework/Versions/A/DiscRecording
0x00000000031b6000 	/usr/lib/libcsfde.dylib
0x00000000031b6000 	/usr/lib/libcurl.4.dylib
0x00000000031b6000 	/System/Library/PrivateFrameworks/MediaKit.framework/Versions/A/MediaKit
0x00000000031b6000 	/usr/lib/libCoreStorage.dylib
0x00000000031b6000 	/System/Library/PrivateFrameworks/EFILogin.framework/Versions/A/EFILogin
0x00000000031b6000 	/usr/lib/libutil.dylib
0x00000000031b6000 	/System/Library/PrivateFrameworks/FindMyDevice.framework/Versions/A/FindMyDevice
0x00000000031b6000 	/System/Library/Frameworks/LDAP.framework/Versions/A/LDAP
0x00000000031b6000 	/usr/lib/libsasl2.2.dylib
0x00000000031b6000 	/System/Library/PrivateFrameworks/CoreDaemon.framework/Versions/B/CoreDaemon
0x00000000031b6000 	/usr/lib/libcrypto.0.9.8.dylib
0x00000000031b6000 	/System/Library/PrivateFrameworks/AppleSRP.framework/Versions/A/AppleSRP
0x00000000031b6000 	/System/Library/PrivateFrameworks/TrustEvaluationAgent.framework/Versions/A/TrustEvaluationAgent
0x00000001265b0000 	cl_kernels
0x00000001265b2000 	/System/Library/Frameworks/OpenCL.framework/Versions/A/Libraries/ImageFormats/unorm8_bgra.dylib
0x00000001265a1000 	cl_kernels
0x00000000031b6000 	/System/Library/PrivateFrameworks/FamilyControls.framework/Versions/A/FamilyControls
0x00000000031b6000 	/System/Library/PrivateFrameworks/CommerceKit.framework/Versions/A/Frameworks/CommerceCore.framework/Versions/A/CommerceCore
0x00000000031b6000 	/System/Library/PrivateFrameworks/SystemAdministration.framework/Versions/A/SystemAdministration
0x00000000031b6000 	/System/Library/PrivateFrameworks/AppContainer.framework/Versions/A/AppContainer
0x00000000031b6000 	/System/Library/PrivateFrameworks/SecCodeWrapper.framework/Versions/A/SecCodeWrapper
0x00000000031b6000 	/System/Library/Frameworks/DirectoryService.framework/Versions/A/DirectoryService
0x00000000031b6000 	/System/Library/PrivateFrameworks/LoginUIKit.framework/Versions/A/Frameworks/LoginUICore.framework/Versions/A/LoginUICore
0x00000000031b6000 	/usr/lib/libodfde.dylib
0x0000000127778000 	/Library/Java/JavaVirtualMachines/jdk1.8.0_25.jdk/Contents/Home/jre/lib/libfontmanager.dylib
0x0000000125801000 	/Library/Java/JavaVirtualMachines/jdk1.8.0_25.jdk/Contents/Home/jre/lib/libosxui.dylib
0x00000000031b6000 	/System/Library/Frameworks/OpenGL.framework/Versions/A/Resources/GLEngine.bundle/GLEngine
0x00000000031b6000 	/System/Library/Frameworks/OpenGL.framework/Versions/A/Libraries/libGLProgrammability.dylib
0x0000000000000000 	/System/Library/Extensions/AppleIntelHDGraphicsGLDriver.bundle/Contents/MacOS/AppleIntelHDGraphicsGLDriver
0x000000012580b000 	/System/Library/PrivateFrameworks/GPUSupport.framework/Versions/A/Libraries/libGPUSupport.dylib
0x0000000000000000 	/System/Library/Extensions/GeForceTeslaGLDriver.bundle/Contents/MacOS/GeForceTeslaGLDriver
0x0000000127be5000 	/System/Library/Extensions/GeForceTeslaGLDriver.bundle/Contents/MacOS/libclh.dylib
0x00000000031b6000 	/System/Library/Frameworks/OpenGL.framework/Versions/A/Resources/GLRendererFloat.bundle/GLRendererFloat

VM Arguments:
jvm_args: -Dcom.sun.management.jmxremote= -ea 
java_command: /Users/sandeak/Documents/BYU/Winter15/CS240/catan/dist/catan-client.jar localhost 8081
java_class_path (initial): /Users/sandeak/Documents/BYU/Winter15/CS240/catan/dist/catan-client.jar
Launcher Type: SUN_STANDARD

Environment Variables:
PATH=/usr/local/bin:/usr/bin:/bin:/usr/sbin:/sbin:/usr/local/git/bin
SHELL=/bin/bash

Signal Handlers:
SIGSEGV: [libjvm.dylib+0x579dc7], sa_mask[0]=11111111011111110111111111111111, sa_flags=SA_ONSTACK|SA_RESTART|SA_SIGINFO
SIGBUS: [libjvm.dylib+0x579dc7], sa_mask[0]=11111111011111110111111111111111, sa_flags=SA_RESTART|SA_SIGINFO
SIGFPE: [libjvm.dylib+0x45b030], sa_mask[0]=11111111011111110111111111111111, sa_flags=SA_RESTART|SA_SIGINFO
SIGPIPE: [libjvm.dylib+0x45b030], sa_mask[0]=11111111011111110111111111111111, sa_flags=SA_RESTART|SA_SIGINFO
SIGXFSZ: [libjvm.dylib+0x45b030], sa_mask[0]=11111111011111110111111111111111, sa_flags=SA_RESTART|SA_SIGINFO
SIGILL: [libjvm.dylib+0x45b030], sa_mask[0]=11111111011111110111111111111111, sa_flags=SA_RESTART|SA_SIGINFO
SIGUSR1: SIG_DFL, sa_mask[0]=11011111011111100000000111000110, sa_flags=none
SIGUSR2: [libjvm.dylib+0x45ab4e], sa_mask[0]=00100000000000000000000000000000, sa_flags=SA_RESTART|SA_SIGINFO
SIGHUP: [libjvm.dylib+0x459121], sa_mask[0]=11111111011111110111111111111111, sa_flags=SA_RESTART|SA_SIGINFO
SIGINT: [libjvm.dylib+0x459121], sa_mask[0]=11111111011111110111111111111111, sa_flags=SA_RESTART|SA_SIGINFO
SIGTERM: [libjvm.dylib+0x459121], sa_mask[0]=11111111011111110111111111111111, sa_flags=SA_RESTART|SA_SIGINFO
SIGQUIT: [libjvm.dylib+0x459121], sa_mask[0]=11111111011111110111111111111111, sa_flags=SA_RESTART|SA_SIGINFO


---------------  S Y S T E M  ---------------

OS:Bsduname:Darwin 14.3.0 Darwin Kernel Version 14.3.0: Mon Mar 23 11:59:05 PDT 2015; root:xnu-2782.20.48~5/RELEASE_X86_64 x86_64
rlimit: STACK 8192k, CORE 0k, NPROC 709, NOFILE 10240, AS infinity
load average:2.31 2.22 2.02

CPU:total 4 (2 cores per cpu, 2 threads per core) family 6 model 37 stepping 5, cmov, cx8, fxsr, mmx, sse, sse2, sse3, ssse3, sse4.1, sse4.2, popcnt, aes, clmul, ht, tsc, tscinvbit

Memory: 4k page, physical 4194304k(718688k free)

/proc/meminfo:


vm_info: Java HotSpot(TM) 64-Bit Server VM (25.25-b02) for bsd-amd64 JRE (1.8.0_25-b17), built on Sep 17 2014 16:56:50 by "java_re" with gcc 4.2.1 (Based on Apple Inc. build 5658) (LLVM build 2336.11.00)

time: Thu Jul 16 19:45:03 2015
elapsed time: 1 seconds (0d 0h 0m 1s)

