#
# A fatal error has been detected by the Java Runtime Environment:
#
#  SIGBUS (0xa) at pc=0x000000010b76ceb9, pid=13482, tid=50187
#
# JRE version: Java(TM) SE Runtime Environment (8.0_25-b17) (build 1.8.0_25-b17)
# Java VM: Java HotSpot(TM) 64-Bit Server VM (25.25-b02 mixed mode bsd-amd64 compressed oops)
# Problematic frame:
# C  [libzip.dylib+0x2eb9]  newEntry+0x154
#
# Failed to write core dump. Core dumps have been disabled. To enable core dumping, try "ulimit -c unlimited" before starting Java again
#
# If you would like to submit a bug report, please visit:
#   http://bugreport.sun.com/bugreport/crash.jsp
# The crash happened outside the Java Virtual Machine in native code.
# See problematic frame for where to report the bug.
#

---------------  T H R E A D  ---------------

Current thread (0x00007fad0c980000):  JavaThread "AWT-EventQueue-0" [_thread_in_native, id=50187, stack(0x00000001271f4000,0x00000001272f4000)]

siginfo: si_signo: 10 (SIGBUS), si_code: 2 (BUS_ADRERR), si_addr: 0x000000012297667d

Registers:
RAX=0x00007fad0bd23400, RBX=0x0000000122976671, RCX=0x00000000ffffff01, RDX=0x0000000000000008
RSP=0x00000001272ed1a0, RBP=0x00000001272ed200, RSI=0x0000000000000048, RDI=0x000000010b5f5400
R8 =0x0000000000000001, R9 =0x0000000000000001, R10=0x000000010d200498, R11=0xfffffff97b7df116
R12=0x00007fad0d0ee400, R13=0x0000000000003ea0, R14=0x000000000c2fcbdd, R15=0x00007fad0e3e46b0
RIP=0x000000010b76ceb9, EFLAGS=0x0000000000010206, ERR=0x0000000000000004
  TRAPNO=0x000000000000000e

Top of Stack: (sp=0x00000001272ed1a0)
0x00000001272ed1a0:   00000001272ed5d0 000000000d20c7ac
0x00000001272ed1b0:   00000001272ee4e0 00000001272ed220
0x00000001272ed1c0:   00000001272ed1e0 00007fad0bd23400
0x00000001272ed1d0:   00007fad0bfbc7a0 00007fad0bd23400
0x00000001272ed1e0:   00007fad0d0ee400 0000000000003ea0
0x00000001272ed1f0:   000000000c2fcbdd 00007fad0e3e46b0
0x00000001272ed200:   00000001272ed260 000000010b76d554
0x00000001272ed210:   00000001272ed2b8 00000001272ed2b7
0x00000001272ed220:   0000003800000000 0000003901980000
0x00000001272ed230:   00000001272ed27e 00000001272ed6c8
0x00000001272ed240:   0000000000000039 00000001272ed27e
0x00000001272ed250:   00007fad0bd23400 00007fad0c9801e8
0x00000001272ed260:   00000001272ed6b0 000000010b76c34f
0x00000001272ed270:   00000001272ee4e0 6f63000100000001
0x00000001272ed280:   7265747361662f6d 6b63616a2f6c6d78
0x00000001272ed290:   617461642f6e6f73 746e692f646e6962
0x00000001272ed2a0:   2f74636570736f72 657461746f6e6e41
0x00000001272ed2b0:   007373616c632e64 00000001272ed50c
0x00000001272ed2c0:   00007fff74efc6b8 00000000ffffffff
0x00000001272ed2d0:   0000000100000000 00007fff8e264d3d
0x00000001272ed2e0:   00000001272ed300 0000000100000000
0x00000001272ed2f0:   000000000bc29060 00007fad0bd02590
0x00000001272ed300:   0000000000000000 00000000ffffffbf
0x00000001272ed310:   00000001272ed6e0 00000001272ed328
0x00000001272ed320:   0000000000000000 000000010c5ac708
0x00000001272ed330:   0000000000000001 00000001272ed50c
0x00000001272ed340:   0000000000000004 00000001272ed507
0x00000001272ed350:   0000000000000009 00007fff8c63ef56
0x00000001272ed360:   00000001272ed3a0 000000010c5072f3
0x00000001272ed370:   4d36af3d0000023b 000000000c387f44
0x00000001272ed380:   00000000000003f1 00007fad0bd03810
0x00000001272ed390:   00000001272ed3f0 00007fff8e264d3d 

Instructions: (pc=0x000000010b76ceb9)
0x000000010b76ce99:   49 8b 7f 38 e8 50 1b 00 00 4d 89 77 38 49 89 5f
0x000000010b76cea9:   40 4c 89 f0 48 85 c0 0f 84 11 05 00 00 48 89 c3
0x000000010b76ceb9:   0f b6 43 0c 0f b6 4b 0d 48 c1 e1 08 48 01 c1 0f
0x000000010b76cec9:   b6 43 0e 0f b6 53 0f 48 c1 e2 08 48 01 c2 48 c1 

Register to memory mapping:

RAX=0x00007fad0bd23400 is an unknown value
RBX=0x0000000122976671 is an unknown value
RCX=0x00000000ffffff01 is an unknown value
RDX=0x0000000000000008 is an unknown value
RSP=0x00000001272ed1a0 is pointing into the stack for thread: 0x00007fad0c980000
RBP=0x00000001272ed200 is pointing into the stack for thread: 0x00007fad0c980000
RSI=0x0000000000000048 is an unknown value
RDI=0x000000010b5f5400 is an unknown value
R8 =0x0000000000000001 is an unknown value
R9 =0x0000000000000001 is an unknown value
R10=0x000000010d200498 is at entry_point+88 in (nmethod*)0x000000010d2002d0
R11=0xfffffff97b7df116 is an unknown value
R12=0x00007fad0d0ee400 is an unknown value
R13=0x0000000000003ea0 is an unknown value
R14=0x000000000c2fcbdd is an unknown value
R15=0x00007fad0e3e46b0 is an unknown value


Stack: [0x00000001271f4000,0x00000001272f4000],  sp=0x00000001272ed1a0,  free space=996k
Native frames: (J=compiled Java code, j=interpreted, Vv=VM code, C=native code)
C  [libzip.dylib+0x2eb9]  newEntry+0x154
C  [libzip.dylib+0x3554]  ZIP_GetEntry2+0xd4
C  [libzip.dylib+0x234f]  Java_java_util_zip_ZipFile_getEntry+0xcf
J 421  java.util.zip.ZipFile.getEntry(J[BZ)J (0 bytes) @ 0x000000010d20050e [0x000000010d200440+0xce]
J 413 C1 java.util.zip.ZipFile.getEntry(Ljava/lang/String;)Ljava/util/zip/ZipEntry; (86 bytes) @ 0x000000010d20160c [0x000000010d2013a0+0x26c]
J 459 C1 java.util.jar.JarFile.getEntry(Ljava/lang/String;)Ljava/util/zip/ZipEntry; (22 bytes) @ 0x000000010d22b4a4 [0x000000010d22b420+0x84]
J 466 C1 sun.misc.URLClassPath$JarLoader.getResource(Ljava/lang/String;Z)Lsun/misc/Resource; (85 bytes) @ 0x000000010d22e1fc [0x000000010d22dda0+0x45c]
J 682 C1 sun.misc.URLClassPath.getResource(Ljava/lang/String;Z)Lsun/misc/Resource; (74 bytes) @ 0x000000010d2bd55c [0x000000010d2bd420+0x13c]
J 1040 C1 java.net.URLClassLoader$1.run()Ljava/lang/Class; (73 bytes) @ 0x000000010d3bee3c [0x000000010d3bec20+0x21c]
J 1039 C1 java.net.URLClassLoader$1.run()Ljava/lang/Object; (5 bytes) @ 0x000000010d3be88c [0x000000010d3be800+0x8c]
v  ~StubRoutines::call_stub
V  [libjvm.dylib+0x2d4516]  JavaCalls::call_helper(JavaValue*, methodHandle*, JavaCallArguments*, Thread*)+0x6ae
V  [libjvm.dylib+0x32aeb2]  JVM_DoPrivileged+0x4b8
J 1038  java.security.AccessController.doPrivileged(Ljava/security/PrivilegedExceptionAction;Ljava/security/AccessControlContext;)Ljava/lang/Object; (0 bytes) @ 0x000000010d3b8315 [0x000000010d3b8240+0xd5]
J 1036 C1 java.net.URLClassLoader.findClass(Ljava/lang/String;)Ljava/lang/Class; (29 bytes) @ 0x000000010d3b8e2c [0x000000010d3b8ca0+0x18c]
J 424 C1 java.lang.ClassLoader.loadClass(Ljava/lang/String;Z)Ljava/lang/Class; (122 bytes) @ 0x000000010d20ca04 [0x000000010d20c0a0+0x964]
J 656 C1 sun.misc.Launcher$AppClassLoader.loadClass(Ljava/lang/String;Z)Ljava/lang/Class; (40 bytes) @ 0x000000010d2b21b4 [0x000000010d2b1d80+0x434]
J 485 C1 java.lang.ClassLoader.loadClass(Ljava/lang/String;)Ljava/lang/Class; (7 bytes) @ 0x000000010d23cf84 [0x000000010d23ce80+0x104]
v  ~StubRoutines::call_stub
V  [libjvm.dylib+0x2d4516]  JavaCalls::call_helper(JavaValue*, methodHandle*, JavaCallArguments*, Thread*)+0x6ae
V  [libjvm.dylib+0x2d4ca4]  JavaCalls::call_virtual(JavaValue*, KlassHandle, Symbol*, Symbol*, JavaCallArguments*, Thread*)+0x164
V  [libjvm.dylib+0x2d4dfc]  JavaCalls::call_virtual(JavaValue*, Handle, KlassHandle, Symbol*, Symbol*, Handle, Thread*)+0x56
V  [libjvm.dylib+0x509552]  SystemDictionary::load_instance_class(Symbol*, Handle, Thread*)+0x2e0
V  [libjvm.dylib+0x508ce3]  SystemDictionary::resolve_instance_class_or_null(Symbol*, Handle, Handle, Thread*)+0x48f
V  [libjvm.dylib+0x50976e]  SystemDictionary::resolve_or_null(Symbol*, Handle, Handle, Thread*)+0x106
V  [libjvm.dylib+0x509c4b]  SystemDictionary::resolve_or_fail(Symbol*, Handle, Handle, bool, Thread*)+0x31
V  [libjvm.dylib+0x551ae8]  VerificationType::is_reference_assignable_from(VerificationType const&, ClassVerifier*, bool, Thread*) const+0xe4
V  [libjvm.dylib+0x4d70db]  VerificationType::is_assignable_from(VerificationType const&, ClassVerifier*, bool, Thread*) const+0x13f
V  [libjvm.dylib+0x55605c]  ClassVerifier::verify_invoke_instructions(RawBytecodeStream*, unsigned int, StackMapFrame*, bool*, VerificationType, constantPoolHandle, Thread*)+0xccc
V  [libjvm.dylib+0x55bba5]  ClassVerifier::verify_method(methodHandle, Thread*)+0x2b05
V  [libjvm.dylib+0x570a7a]  ClassVerifier::verify_class(Thread*)+0xbe
V  [libjvm.dylib+0x5716d6]  Verifier::verify(instanceKlassHandle, Verifier::Mode, bool, Thread*)+0x110
V  [libjvm.dylib+0x2aa07f]  InstanceKlass::link_class_impl(instanceKlassHandle, bool, Thread*)+0x393
V  [libjvm.dylib+0x2a9e6c]  InstanceKlass::link_class_impl(instanceKlassHandle, bool, Thread*)+0x180
V  [libjvm.dylib+0x2aa28f]  InstanceKlass::link_class(Thread*)+0x3b
V  [libjvm.dylib+0x2aa2c7]  InstanceKlass::initialize_impl(instanceKlassHandle, Thread*)+0x25
V  [libjvm.dylib+0x2aaaeb]  InstanceKlass::initialize(Thread*)+0x3d
V  [libjvm.dylib+0x2cff0c]  InterpreterRuntime::_new(JavaThread*, ConstantPool*, int)+0x5e
j  com.fasterxml.jackson.databind.ObjectMapper.<clinit>()V+9
v  ~StubRoutines::call_stub
V  [libjvm.dylib+0x2d4516]  JavaCalls::call_helper(JavaValue*, methodHandle*, JavaCallArguments*, Thread*)+0x6ae
V  [libjvm.dylib+0x2a9387]  InstanceKlass::call_class_initializer_impl(instanceKlassHandle, Thread*)+0xbf
V  [libjvm.dylib+0x2aa869]  InstanceKlass::initialize_impl(instanceKlassHandle, Thread*)+0x5c7
V  [libjvm.dylib+0x2aaaeb]  InstanceKlass::initialize(Thread*)+0x3d
V  [libjvm.dylib+0x2cff0c]  InterpreterRuntime::_new(JavaThread*, ConstantPool*, int)+0x5e
j  client.proxy.ClientCommunicator.post(Lshared/communication/input/Input;Ljava/lang/String;)Lcom/fasterxml/jackson/databind/JsonNode;+80
j  client.proxy.ProxyServer.listGames(Lshared/communication/input/GamesListInput;)Ljava/util/ArrayList;+6
j  client.join.JoinGameView.initializeView()V+353
j  client.join.JoinGameView.initialize()V+1
j  client.join.JoinGameView.<init>()V+41
j  client.main.Catan$1.run()V+75
j  java.awt.event.InvocationEvent.dispatch()V+47
j  java.awt.EventQueue.dispatchEventImpl(Ljava/awt/AWTEvent;Ljava/lang/Object;)V+21
j  java.awt.EventQueue.access$400(Ljava/awt/EventQueue;Ljava/awt/AWTEvent;Ljava/lang/Object;)V+3
j  java.awt.EventQueue$3.run()Ljava/lang/Void;+32
j  java.awt.EventQueue$3.run()Ljava/lang/Object;+1
v  ~StubRoutines::call_stub
V  [libjvm.dylib+0x2d4516]  JavaCalls::call_helper(JavaValue*, methodHandle*, JavaCallArguments*, Thread*)+0x6ae
V  [libjvm.dylib+0x32aeb2]  JVM_DoPrivileged+0x4b8
j  java.security.AccessController.doPrivileged(Ljava/security/PrivilegedAction;Ljava/security/AccessControlContext;)Ljava/lang/Object;+0
j  java.security.ProtectionDomain$1.doIntersectionPrivilege(Ljava/security/PrivilegedAction;Ljava/security/AccessControlContext;Ljava/security/AccessControlContext;)Ljava/lang/Object;+28
j  java.awt.EventQueue.dispatchEvent(Ljava/awt/AWTEvent;)V+46
j  java.awt.EventDispatchThread.pumpOneEventForFilters(I)V+245
j  java.awt.EventDispatchThread.pumpEventsForFilter(ILjava/awt/Conditional;Ljava/awt/EventFilter;)V+35
j  java.awt.EventDispatchThread.pumpEventsForHierarchy(ILjava/awt/Conditional;Ljava/awt/Component;)V+11
j  java.awt.EventDispatchThread.pumpEvents(ILjava/awt/Conditional;)V+4
j  java.awt.EventDispatchThread.pumpEvents(Ljava/awt/Conditional;)V+3
j  java.awt.EventDispatchThread.run()V+9
v  ~StubRoutines::call_stub
V  [libjvm.dylib+0x2d4516]  JavaCalls::call_helper(JavaValue*, methodHandle*, JavaCallArguments*, Thread*)+0x6ae
V  [libjvm.dylib+0x2d4ca4]  JavaCalls::call_virtual(JavaValue*, KlassHandle, Symbol*, Symbol*, JavaCallArguments*, Thread*)+0x164
V  [libjvm.dylib+0x2d4e50]  JavaCalls::call_virtual(JavaValue*, Handle, KlassHandle, Symbol*, Symbol*, Thread*)+0x4a
V  [libjvm.dylib+0x32583f]  thread_entry(JavaThread*, Thread*)+0x7c
V  [libjvm.dylib+0x535ed9]  JavaThread::thread_main_inner()+0x9b
V  [libjvm.dylib+0x53761c]  JavaThread::run()+0x1c2
V  [libjvm.dylib+0x45d87e]  java_start(Thread*)+0xf6
C  [libsystem_pthread.dylib+0x3268]  _pthread_body+0x83
C  [libsystem_pthread.dylib+0x31e5]  _pthread_body+0x0
C  [libsystem_pthread.dylib+0x141d]  thread_start+0xd
C  0x0000000000000000

Java frames: (J=compiled Java code, j=interpreted, Vv=VM code)
J 421  java.util.zip.ZipFile.getEntry(J[BZ)J (0 bytes) @ 0x000000010d200498 [0x000000010d200440+0x58]
J 413 C1 java.util.zip.ZipFile.getEntry(Ljava/lang/String;)Ljava/util/zip/ZipEntry; (86 bytes) @ 0x000000010d20160c [0x000000010d2013a0+0x26c]
J 459 C1 java.util.jar.JarFile.getEntry(Ljava/lang/String;)Ljava/util/zip/ZipEntry; (22 bytes) @ 0x000000010d22b4a4 [0x000000010d22b420+0x84]
J 466 C1 sun.misc.URLClassPath$JarLoader.getResource(Ljava/lang/String;Z)Lsun/misc/Resource; (85 bytes) @ 0x000000010d22e1fc [0x000000010d22dda0+0x45c]
J 682 C1 sun.misc.URLClassPath.getResource(Ljava/lang/String;Z)Lsun/misc/Resource; (74 bytes) @ 0x000000010d2bd55c [0x000000010d2bd420+0x13c]
J 1040 C1 java.net.URLClassLoader$1.run()Ljava/lang/Class; (73 bytes) @ 0x000000010d3bee3c [0x000000010d3bec20+0x21c]
J 1039 C1 java.net.URLClassLoader$1.run()Ljava/lang/Object; (5 bytes) @ 0x000000010d3be88c [0x000000010d3be800+0x8c]
v  ~StubRoutines::call_stub
J 1038  java.security.AccessController.doPrivileged(Ljava/security/PrivilegedExceptionAction;Ljava/security/AccessControlContext;)Ljava/lang/Object; (0 bytes) @ 0x000000010d3b82a3 [0x000000010d3b8240+0x63]
J 1036 C1 java.net.URLClassLoader.findClass(Ljava/lang/String;)Ljava/lang/Class; (29 bytes) @ 0x000000010d3b8e2c [0x000000010d3b8ca0+0x18c]
J 424 C1 java.lang.ClassLoader.loadClass(Ljava/lang/String;Z)Ljava/lang/Class; (122 bytes) @ 0x000000010d20ca04 [0x000000010d20c0a0+0x964]
J 656 C1 sun.misc.Launcher$AppClassLoader.loadClass(Ljava/lang/String;Z)Ljava/lang/Class; (40 bytes) @ 0x000000010d2b21b4 [0x000000010d2b1d80+0x434]
J 485 C1 java.lang.ClassLoader.loadClass(Ljava/lang/String;)Ljava/lang/Class; (7 bytes) @ 0x000000010d23cf84 [0x000000010d23ce80+0x104]
v  ~StubRoutines::call_stub
j  com.fasterxml.jackson.databind.ObjectMapper.<clinit>()V+9
v  ~StubRoutines::call_stub
j  client.proxy.ClientCommunicator.post(Lshared/communication/input/Input;Ljava/lang/String;)Lcom/fasterxml/jackson/databind/JsonNode;+80
j  client.proxy.ProxyServer.listGames(Lshared/communication/input/GamesListInput;)Ljava/util/ArrayList;+6
j  client.join.JoinGameView.initializeView()V+353
j  client.join.JoinGameView.initialize()V+1
j  client.join.JoinGameView.<init>()V+41
j  client.main.Catan$1.run()V+75
j  java.awt.event.InvocationEvent.dispatch()V+47
j  java.awt.EventQueue.dispatchEventImpl(Ljava/awt/AWTEvent;Ljava/lang/Object;)V+21
j  java.awt.EventQueue.access$400(Ljava/awt/EventQueue;Ljava/awt/AWTEvent;Ljava/lang/Object;)V+3
j  java.awt.EventQueue$3.run()Ljava/lang/Void;+32
j  java.awt.EventQueue$3.run()Ljava/lang/Object;+1
v  ~StubRoutines::call_stub
j  java.security.AccessController.doPrivileged(Ljava/security/PrivilegedAction;Ljava/security/AccessControlContext;)Ljava/lang/Object;+0
j  java.security.ProtectionDomain$1.doIntersectionPrivilege(Ljava/security/PrivilegedAction;Ljava/security/AccessControlContext;Ljava/security/AccessControlContext;)Ljava/lang/Object;+28
j  java.awt.EventQueue.dispatchEvent(Ljava/awt/AWTEvent;)V+46
j  java.awt.EventDispatchThread.pumpOneEventForFilters(I)V+245
j  java.awt.EventDispatchThread.pumpEventsForFilter(ILjava/awt/Conditional;Ljava/awt/EventFilter;)V+35
j  java.awt.EventDispatchThread.pumpEventsForHierarchy(ILjava/awt/Conditional;Ljava/awt/Component;)V+11
j  java.awt.EventDispatchThread.pumpEvents(ILjava/awt/Conditional;)V+4
j  java.awt.EventDispatchThread.pumpEvents(Ljava/awt/Conditional;)V+3
j  java.awt.EventDispatchThread.run()V+9
v  ~StubRoutines::call_stub

---------------  P R O C E S S  ---------------

Java Threads: ( => current thread )
  0x00007fad0c3ca800 JavaThread "TimerQueue" daemon [_thread_blocked, id=62239, stack(0x000000012f131000,0x000000012f231000)]
  0x00007fad0d26d800 JavaThread "Java2D Disposer" daemon [_thread_blocked, id=54279, stack(0x00000001283c3000,0x00000001284c3000)]
  0x00007fad0d116000 JavaThread "Java2D Queue Flusher" daemon [_thread_blocked, id=51719, stack(0x00000001274f7000,0x00000001275f7000)]
  0x00007fad0d19a800 JavaThread "DestroyJavaVM" [_thread_blocked, id=4867, stack(0x000000010cf1d000,0x000000010d01d000)]
=>0x00007fad0c980000 JavaThread "AWT-EventQueue-0" [_thread_in_native, id=50187, stack(0x00000001271f4000,0x00000001272f4000)]
  0x00007fad0d140800 JavaThread "AWT-Shutdown" [_thread_blocked, id=29715, stack(0x0000000124569000,0x0000000124669000)]
  0x00007fad0c0ae000 JavaThread "AppKit Thread" daemon [_thread_in_native, id=1811, stack(0x00007fff53e29000,0x00007fff54629000)]
  0x00007fad0c0a8000 JavaThread "RMI TCP Accept-0" daemon [_thread_in_native, id=19975, stack(0x0000000122990000,0x0000000122a90000)]
  0x00007fad0d010800 JavaThread "Service Thread" daemon [_thread_blocked, id=18179, stack(0x00000001227a6000,0x00000001228a6000)]
  0x00007fad0d010000 JavaThread "C1 CompilerThread2" daemon [_thread_blocked, id=17667, stack(0x00000001226a3000,0x00000001227a3000)]
  0x00007fad0d00f000 JavaThread "C2 CompilerThread1" daemon [_thread_blocked, id=17155, stack(0x00000001225a0000,0x00000001226a0000)]
  0x00007fad0d032000 JavaThread "C2 CompilerThread0" daemon [_thread_blocked, id=16643, stack(0x000000012249d000,0x000000012259d000)]
  0x00007fad0d801800 JavaThread "Signal Dispatcher" daemon [_thread_blocked, id=16399, stack(0x000000012239a000,0x000000012249a000)]
  0x00007fad0d030800 JavaThread "Finalizer" daemon [_thread_blocked, id=11523, stack(0x0000000120991000,0x0000000120a91000)]
  0x00007fad0c042800 JavaThread "Reference Handler" daemon [_thread_blocked, id=11011, stack(0x000000012088e000,0x000000012098e000)]

Other Threads:
  0x00007fad0d02f800 VMThread [stack: 0x000000012078b000,0x000000012088b000] [id=10499]
  0x00007fad0d0ee000 WatcherThread [stack: 0x0000000122a93000,0x0000000122b93000] [id=20227]

VM state:not at safepoint (normal execution)

VM Mutex/Monitor currently owned by a thread: None

Heap:
 PSYoungGen      total 78848K, used 29114K [0x00000007aab00000, 0x00000007b0b00000, 0x00000007c0000000)
  eden space 64000K, 27% used [0x00000007aab00000,0x00000007abbeeb90,0x00000007ae980000)
  from space 14848K, 79% used [0x00000007af980000,0x00000007b04ffcf8,0x00000007b0800000)
  to   space 16384K, 0% used [0x00000007ae980000,0x00000007ae980000,0x00000007af980000)
 ParOldGen       total 44032K, used 29225K [0x0000000780000000, 0x0000000782b00000, 0x00000007aab00000)
  object space 44032K, 66% used [0x0000000780000000,0x0000000781c8a568,0x0000000782b00000)
 Metaspace       used 17499K, capacity 17692K, committed 17792K, reserved 1064960K
  class space    used 2341K, capacity 2416K, committed 2432K, reserved 1048576K

Card table byte_map: [0x000000011c3df000,0x000000011c5e0000] byte_map_base: 0x00000001187df000

Marking Bits: (ParMarkBitMap*) 0x000000010c89d390
 Begin Bits: [0x000000011cb42000, 0x000000011db42000)
 End Bits:   [0x000000011db42000, 0x000000011eb42000)

Polling page: 0x000000010b760000

CodeCache: size=245760Kb used=4799Kb max_used=4816Kb free=240960Kb
 bounds [0x000000010d01f000, 0x000000010d4df000, 0x000000011c01f000]
 total_blobs=1897 nmethods=1336 adapters=476
 compilation: enabled

Compilation events (10 events):
Event: 4.551 Thread 0x00007fad0d010000 1333   !   3       sun.misc.URLClassPath$JarLoader::checkResource (55 bytes)
Event: 4.552 Thread 0x00007fad0d010000 nmethod 1333 0x000000010d4c6550 code [0x000000010d4c6720, 0x000000010d4c6d88]
Event: 4.552 Thread 0x00007fad0d010000 1334       3       java.security.SecureClassLoader::defineClass (16 bytes)
Event: 4.552 Thread 0x00007fad0d010000 nmethod 1334 0x000000010d4c6090 code [0x000000010d4c6200, 0x000000010d4c6478]
Event: 4.552 Thread 0x00007fad0d010000 1335       3       java.security.CodeSource::equals (60 bytes)
Event: 4.553 Thread 0x00007fad0d010000 nmethod 1335 0x000000010d4c5550 code [0x000000010d4c5700, 0x000000010d4c5ed8]
Event: 4.558 Thread 0x00007fad0d010000 1336   !   3       java.lang.ClassLoader::getPackage (118 bytes)
Event: 4.560 Thread 0x00007fad0d010000 nmethod 1336 0x000000010d4cab50 code [0x000000010d4cad60, 0x000000010d4cbab8]
Event: 4.560 Thread 0x00007fad0d010000 1337       3       java.util.zip.ZipFile::getZipEntry (239 bytes)
Event: 4.561 Thread 0x00007fad0d010000 nmethod 1337 0x000000010d4cc050 code [0x000000010d4cc2c0, 0x000000010d4cce58]

GC Heap History (10 events):
Event: 1.311 GC heap before
{Heap before GC invocations=2 (full 0):
 PSYoungGen      total 18944K, used 18937K [0x00000007aab00000, 0x00000007ac000000, 0x00000007c0000000)
  eden space 16384K, 99% used [0x00000007aab00000,0x00000007abaff710,0x00000007abb00000)
  from space 2560K, 99% used [0x00000007abb00000,0x00000007abd7ee10,0x00000007abd80000)
  to   space 2560K, 0% used [0x00000007abd80000,0x00000007abd80000,0x00000007ac000000)
 ParOldGen       total 44032K, used 161K [0x0000000780000000, 0x0000000782b00000, 0x00000007aab00000)
  object space 44032K, 0% used [0x0000000780000000,0x0000000780028600,0x0000000782b00000)
 Metaspace       used 12290K, capacity 12494K, committed 12672K, reserved 1060864K
  class space    used 1595K, capacity 1645K, committed 1664K, reserved 1048576K
Event: 1.330 GC heap after
Heap after GC invocations=2 (full 0):
 PSYoungGen      total 18944K, used 2547K [0x00000007aab00000, 0x00000007ad000000, 0x00000007c0000000)
  eden space 16384K, 0% used [0x00000007aab00000,0x00000007aab00000,0x00000007abb00000)
  from space 2560K, 99% used [0x00000007abd80000,0x00000007abffcc28,0x00000007ac000000)
  to   space 2560K, 0% used [0x00000007abb00000,0x00000007abb00000,0x00000007abd80000)
 ParOldGen       total 44032K, used 8164K [0x0000000780000000, 0x0000000782b00000, 0x00000007aab00000)
  object space 44032K, 18% used [0x0000000780000000,0x00000007807f9138,0x0000000782b00000)
 Metaspace       used 12290K, capacity 12494K, committed 12672K, reserved 1060864K
  class space    used 1595K, capacity 1645K, committed 1664K, reserved 1048576K
}
Event: 2.391 GC heap before
{Heap before GC invocations=3 (full 0):
 PSYoungGen      total 18944K, used 18931K [0x00000007aab00000, 0x00000007ad000000, 0x00000007c0000000)
  eden space 16384K, 100% used [0x00000007aab00000,0x00000007abb00000,0x00000007abb00000)
  from space 2560K, 99% used [0x00000007abd80000,0x00000007abffcc28,0x00000007ac000000)
  to   space 2560K, 0% used [0x00000007abb00000,0x00000007abb00000,0x00000007abd80000)
 ParOldGen       total 44032K, used 8164K [0x0000000780000000, 0x0000000782b00000, 0x00000007aab00000)
  object space 44032K, 18% used [0x0000000780000000,0x00000007807f9138,0x0000000782b00000)
 Metaspace       used 15394K, capacity 15540K, committed 15744K, reserved 1062912K
  class space    used 2085K, capacity 2126K, committed 2176K, reserved 1048576K
Event: 2.403 GC heap after
Heap after GC invocations=3 (full 0):
 PSYoungGen      total 18944K, used 2552K [0x00000007aab00000, 0x00000007ad000000, 0x00000007c0000000)
  eden space 16384K, 0% used [0x00000007aab00000,0x00000007aab00000,0x00000007abb00000)
  from space 2560K, 99% used [0x00000007abb00000,0x00000007abd7e090,0x00000007abd80000)
  to   space 2560K, 0% used [0x00000007acd80000,0x00000007acd80000,0x00000007ad000000)
 ParOldGen       total 44032K, used 18314K [0x0000000780000000, 0x0000000782b00000, 0x00000007aab00000)
  object space 44032K, 41% used [0x0000000780000000,0x00000007811e28b8,0x0000000782b00000)
 Metaspace       used 15394K, capacity 15540K, committed 15744K, reserved 1062912K
  class space    used 2085K, capacity 2126K, committed 2176K, reserved 1048576K
}
Event: 2.569 GC heap before
{Heap before GC invocations=4 (full 0):
 PSYoungGen      total 18944K, used 18936K [0x00000007aab00000, 0x00000007ad000000, 0x00000007c0000000)
  eden space 16384K, 100% used [0x00000007aab00000,0x00000007abb00000,0x00000007abb00000)
  from space 2560K, 99% used [0x00000007abb00000,0x00000007abd7e090,0x00000007abd80000)
  to   space 2560K, 0% used [0x00000007acd80000,0x00000007acd80000,0x00000007ad000000)
 ParOldGen       total 44032K, used 18314K [0x0000000780000000, 0x0000000782b00000, 0x00000007aab00000)
  object space 44032K, 41% used [0x0000000780000000,0x00000007811e28b8,0x0000000782b00000)
 Metaspace       used 15403K, capacity 15604K, committed 15744K, reserved 1062912K
  class space    used 2085K, capacity 2126K, committed 2176K, reserved 1048576K
Event: 2.580 GC heap after
Heap after GC invocations=4 (full 0):
 PSYoungGen      total 35328K, used 2543K [0x00000007aab00000, 0x00000007ad000000, 0x00000007c0000000)
  eden space 32768K, 0% used [0x00000007aab00000,0x00000007aab00000,0x00000007acb00000)
  from space 2560K, 99% used [0x00000007acd80000,0x00000007acffbed8,0x00000007ad000000)
  to   space 2560K, 0% used [0x00000007acb00000,0x00000007acb00000,0x00000007acd80000)
 ParOldGen       total 44032K, used 24999K [0x0000000780000000, 0x0000000782b00000, 0x00000007aab00000)
  object space 44032K, 56% used [0x0000000780000000,0x0000000781869e28,0x0000000782b00000)
 Metaspace       used 15403K, capacity 15604K, committed 15744K, reserved 1062912K
  class space    used 2085K, capacity 2126K, committed 2176K, reserved 1048576K
}
Event: 2.960 GC heap before
{Heap before GC invocations=5 (full 0):
 PSYoungGen      total 35328K, used 35311K [0x00000007aab00000, 0x00000007ad000000, 0x00000007c0000000)
  eden space 32768K, 100% used [0x00000007aab00000,0x00000007acb00000,0x00000007acb00000)
  from space 2560K, 99% used [0x00000007acd80000,0x00000007acffbed8,0x00000007ad000000)
  to   space 2560K, 0% used [0x00000007acb00000,0x00000007acb00000,0x00000007acd80000)
 ParOldGen       total 44032K, used 24999K [0x0000000780000000, 0x0000000782b00000, 0x00000007aab00000)
  object space 44032K, 56% used [0x0000000780000000,0x0000000781869e28,0x0000000782b00000)
 Metaspace       used 15508K, capacity 15700K, committed 16000K, reserved 1062912K
  class space    used 2101K, capacity 2158K, committed 2176K, reserved 1048576K
Event: 2.982 GC heap after
Heap after GC invocations=5 (full 0):
 PSYoungGen      total 35328K, used 2537K [0x00000007aab00000, 0x00000007b0800000, 0x00000007c0000000)
  eden space 32768K, 0% used [0x00000007aab00000,0x00000007aab00000,0x00000007acb00000)
  from space 2560K, 99% used [0x00000007acb00000,0x00000007acd7a4c0,0x00000007acd80000)
  to   space 14848K, 0% used [0x00000007af980000,0x00000007af980000,0x00000007b0800000)
 ParOldGen       total 44032K, used 29225K [0x0000000780000000, 0x0000000782b00000, 0x00000007aab00000)
  object space 44032K, 66% used [0x0000000780000000,0x0000000781c8a568,0x0000000782b00000)
 Metaspace       used 15508K, capacity 15700K, committed 16000K, reserved 1062912K
  class space    used 2101K, capacity 2158K, committed 2176K, reserved 1048576K
}
Event: 3.899 GC heap before
{Heap before GC invocations=6 (full 0):
 PSYoungGen      total 35328K, used 35305K [0x00000007aab00000, 0x00000007b0800000, 0x00000007c0000000)
  eden space 32768K, 100% used [0x00000007aab00000,0x00000007acb00000,0x00000007acb00000)
  from space 2560K, 99% used [0x00000007acb00000,0x00000007acd7a4c0,0x00000007acd80000)
  to   space 14848K, 0% used [0x00000007af980000,0x00000007af980000,0x00000007b0800000)
 ParOldGen       total 44032K, used 29225K [0x0000000780000000, 0x0000000782b00000, 0x00000007aab00000)
  object space 44032K, 66% used [0x0000000780000000,0x0000000781c8a568,0x0000000782b00000)
 Metaspace       used 15838K, capacity 15988K, committed 16384K, reserved 1062912K
  class space    used 2139K, capacity 2190K, committed 2304K, reserved 1048576K
Event: 3.917 GC heap after
Heap after GC invocations=6 (full 0):
 PSYoungGen      total 78848K, used 11775K [0x00000007aab00000, 0x00000007b0b00000, 0x00000007c0000000)
  eden space 64000K, 0% used [0x00000007aab00000,0x00000007aab00000,0x00000007ae980000)
  from space 14848K, 79% used [0x00000007af980000,0x00000007b04ffcf8,0x00000007b0800000)
  to   space 16384K, 0% used [0x00000007ae980000,0x00000007ae980000,0x00000007af980000)
 ParOldGen       total 44032K, used 29225K [0x0000000780000000, 0x0000000782b00000, 0x00000007aab00000)
  object space 44032K, 66% used [0x0000000780000000,0x0000000781c8a568,0x0000000782b00000)
 Metaspace       used 15838K, capacity 15988K, committed 16384K, reserved 1062912K
  class space    used 2139K, capacity 2190K, committed 2304K, reserved 1048576K
}

Deoptimization events (10 events):
Event: 2.234 Thread 0x00007fad0c980000 Uncommon trap: reason=class_check action=maybe_recompile pc=0x000000010d1a12d0 method=java.lang.String.equals(Ljava/lang/Object;)Z @ 8
Event: 3.218 Thread 0x00007fad0c980000 Uncommon trap: reason=class_check action=maybe_recompile pc=0x000000010d28d17c method=java.awt.image.Raster.getPixel(II[I)[I @ 21
Event: 3.218 Thread 0x00007fad0c980000 Uncommon trap: reason=class_check action=maybe_recompile pc=0x000000010d28f4e4 method=java.awt.image.WritableRaster.setPixel(II[I)V @ 21
Event: 3.218 Thread 0x00007fad0c980000 Uncommon trap: reason=class_check action=maybe_recompile pc=0x000000010d28d17c method=java.awt.image.Raster.getPixel(II[I)[I @ 21
Event: 3.218 Thread 0x00007fad0c980000 Uncommon trap: reason=class_check action=maybe_recompile pc=0x000000010d28f4e4 method=java.awt.image.WritableRaster.setPixel(II[I)V @ 21
Event: 3.218 Thread 0x00007fad0c980000 Uncommon trap: reason=class_check action=maybe_recompile pc=0x000000010d28d17c method=java.awt.image.Raster.getPixel(II[I)[I @ 21
Event: 3.218 Thread 0x00007fad0c980000 Uncommon trap: reason=class_check action=maybe_recompile pc=0x000000010d28f4e4 method=java.awt.image.WritableRaster.setPixel(II[I)V @ 21
Event: 3.218 Thread 0x00007fad0c980000 Uncommon trap: reason=class_check action=maybe_recompile pc=0x000000010d28d17c method=java.awt.image.Raster.getPixel(II[I)[I @ 21
Event: 3.218 Thread 0x00007fad0c980000 Uncommon trap: reason=class_check action=maybe_recompile pc=0x000000010d28f4e4 method=java.awt.image.WritableRaster.setPixel(II[I)V @ 21
Event: 3.503 Thread 0x00007fad0c980000 Uncommon trap: reason=null_assert action=make_not_entrant pc=0x000000010d39a5cc method=com.sun.imageio.plugins.jpeg.JPEGImageReader.acceptPixels(IZ)V @ 4

Internal exceptions (10 events):
Event: 4.558 Thread 0x00007fad0c980000 Exception <a 'java/security/PrivilegedActionException'> (0x00000007abaad450) thrown at [/HUDSON3/workspace/8-2-build-macosx-x86_64/jdk8u25/1514/hotspot/src/share/vm/prims/jvm.cpp, line 1312]
Event: 4.559 Thread 0x00007fad0c980000 Exception <a 'java/security/PrivilegedActionException'> (0x00000007abab21c0) thrown at [/HUDSON3/workspace/8-2-build-macosx-x86_64/jdk8u25/1514/hotspot/src/share/vm/prims/jvm.cpp, line 1312]
Event: 4.560 Thread 0x00007fad0c980000 Exception <a 'java/security/PrivilegedActionException'> (0x00000007abab7170) thrown at [/HUDSON3/workspace/8-2-build-macosx-x86_64/jdk8u25/1514/hotspot/src/share/vm/prims/jvm.cpp, line 1312]
Event: 4.561 Thread 0x00007fad0c980000 Exception <a 'java/security/PrivilegedActionException'> (0x00000007ababed58) thrown at [/HUDSON3/workspace/8-2-build-macosx-x86_64/jdk8u25/1514/hotspot/src/share/vm/prims/jvm.cpp, line 1312]
Event: 4.563 Thread 0x00007fad0c980000 Exception <a 'java/security/PrivilegedActionException'> (0x00000007abac5888) thrown at [/HUDSON3/workspace/8-2-build-macosx-x86_64/jdk8u25/1514/hotspot/src/share/vm/prims/jvm.cpp, line 1312]
Event: 4.563 Thread 0x00007fad0c980000 Exception <a 'java/security/PrivilegedActionException'> (0x00000007abad15f8) thrown at [/HUDSON3/workspace/8-2-build-macosx-x86_64/jdk8u25/1514/hotspot/src/share/vm/prims/jvm.cpp, line 1312]
Event: 4.564 Thread 0x00007fad0c980000 Exception <a 'java/security/PrivilegedActionException'> (0x00000007abad52b0) thrown at [/HUDSON3/workspace/8-2-build-macosx-x86_64/jdk8u25/1514/hotspot/src/share/vm/prims/jvm.cpp, line 1312]
Event: 4.565 Thread 0x00007fad0c980000 Exception <a 'java/security/PrivilegedActionException'> (0x00000007abaed168) thrown at [/HUDSON3/workspace/8-2-build-macosx-x86_64/jdk8u25/1514/hotspot/src/share/vm/prims/jvm.cpp, line 1312]
Event: 4.568 Thread 0x00007fad0c980000 Exception <a 'java/security/PrivilegedActionException'> (0x00000007abaf8f80) thrown at [/HUDSON3/workspace/8-2-build-macosx-x86_64/jdk8u25/1514/hotspot/src/share/vm/prims/jvm.cpp, line 1312]
Event: 4.584 Thread 0x00007fad0c980000 Exception <a 'java/security/PrivilegedActionException'> (0x00000007abb0dd10) thrown at [/HUDSON3/workspace/8-2-build-macosx-x86_64/jdk8u25/1514/hotspot/src/share/vm/prims/jvm.cpp, line 1312]

Events (10 events):
Event: 4.563 loading class com/fasterxml/jackson/databind/introspect/ClassIntrospector$MixInResolver
Event: 4.563 loading class com/fasterxml/jackson/databind/introspect/ClassIntrospector$MixInResolver done
Event: 4.564 loading class com/fasterxml/jackson/databind/DeserializationConfig
Event: 4.564 loading class com/fasterxml/jackson/databind/DeserializationConfig done
Event: 4.565 loading class com/fasterxml/jackson/databind/cfg/MapperConfigBase
Event: 4.565 loading class com/fasterxml/jackson/databind/cfg/MapperConfigBase done
Event: 4.568 loading class com/fasterxml/jackson/databind/introspect/AnnotationIntrospectorPair
Event: 4.568 loading class com/fasterxml/jackson/databind/introspect/AnnotationIntrospectorPair done
Event: 4.572 loading class com/fasterxml/jackson/databind/introspect/Annotated
Event: 4.572 loading class com/fasterxml/jackson/databind/introspect/Annotated done


Dynamic libraries:
0x00000000031b6000 	/System/Library/Frameworks/Cocoa.framework/Versions/A/Cocoa
0x00000000031b6000 	/System/Library/Frameworks/Security.framework/Versions/A/Security
0x00000000031b6000 	/System/Library/Frameworks/ApplicationServices.framework/Versions/A/ApplicationServices
0x00000000031b6000 	/usr/lib/libz.1.dylib
0x00000000031b6000 	/usr/lib/libSystem.B.dylib
0x00000000031b6000 	/usr/lib/libobjc.A.dylib
0x00000000031b6000 	/System/Library/Frameworks/CoreFoundation.framework/Versions/A/CoreFoundation
0x00000000031b6000 	/System/Library/Frameworks/Foundation.framework/Versions/C/Foundation
0x00000000031b6000 	/System/Library/Frameworks/AppKit.framework/Versions/C/AppKit
0x00000000031b6000 	/System/Library/Frameworks/CoreData.framework/Versions/A/CoreData
0x00000000031b6000 	/System/Library/PrivateFrameworks/RemoteViewServices.framework/Versions/A/RemoteViewServices
0x00000000031b6000 	/System/Library/PrivateFrameworks/UIFoundation.framework/Versions/A/UIFoundation
0x00000000031b6000 	/System/Library/Frameworks/IOSurface.framework/Versions/A/IOSurface
0x00000000031b6000 	/System/Library/Frameworks/AudioToolbox.framework/Versions/A/AudioToolbox
0x00000000031b6000 	/System/Library/Frameworks/AudioUnit.framework/Versions/A/AudioUnit
0x00000000031b6000 	/System/Library/PrivateFrameworks/DataDetectorsCore.framework/Versions/A/DataDetectorsCore
0x00000000031b6000 	/System/Library/PrivateFrameworks/DesktopServicesPriv.framework/Versions/A/DesktopServicesPriv
0x00000000031b6000 	/System/Library/Frameworks/Carbon.framework/Versions/A/Frameworks/HIToolbox.framework/Versions/A/HIToolbox
0x00000000031b6000 	/System/Library/Frameworks/QuartzCore.framework/Versions/A/QuartzCore
0x00000000031b6000 	/System/Library/Frameworks/Carbon.framework/Versions/A/Frameworks/SpeechRecognition.framework/Versions/A/SpeechRecognition
0x00000000031b6000 	/usr/lib/libauto.dylib
0x00000000031b6000 	/usr/lib/libicucore.A.dylib
0x00000000031b6000 	/usr/lib/libxml2.2.dylib
0x00000000031b6000 	/System/Library/PrivateFrameworks/CoreUI.framework/Versions/A/CoreUI
0x00000000031b6000 	/System/Library/Frameworks/CoreAudio.framework/Versions/A/CoreAudio
0x00000000031b6000 	/System/Library/Frameworks/DiskArbitration.framework/Versions/A/DiskArbitration
0x00000000031b6000 	/usr/lib/liblangid.dylib
0x00000000031b6000 	/System/Library/PrivateFrameworks/MultitouchSupport.framework/Versions/A/MultitouchSupport
0x00000000031b6000 	/System/Library/Frameworks/IOKit.framework/Versions/A/IOKit
0x00000000031b6000 	/usr/lib/libDiagnosticMessagesClient.dylib
0x00000000031b6000 	/System/Library/Frameworks/CoreServices.framework/Versions/A/CoreServices
0x00000000031b6000 	/System/Library/PrivateFrameworks/PerformanceAnalysis.framework/Versions/A/PerformanceAnalysis
0x00000000031b6000 	/System/Library/PrivateFrameworks/GenerationalStorage.framework/Versions/A/GenerationalStorage
0x00000000031b6000 	/System/Library/Frameworks/OpenGL.framework/Versions/A/OpenGL
0x00000000031b6000 	/System/Library/PrivateFrameworks/Sharing.framework/Versions/A/Sharing
0x00000000031b6000 	/System/Library/Frameworks/CoreGraphics.framework/Versions/A/CoreGraphics
0x00000000031b6000 	/System/Library/Frameworks/CoreText.framework/Versions/A/CoreText
0x00000000031b6000 	/System/Library/Frameworks/ImageIO.framework/Versions/A/ImageIO
0x00000000031b6000 	/usr/lib/libextension.dylib
0x00000000031b6000 	/System/Library/PrivateFrameworks/Backup.framework/Versions/A/Backup
0x00000000031b6000 	/usr/lib/libarchive.2.dylib
0x00000000031b6000 	/System/Library/Frameworks/CFNetwork.framework/Versions/A/CFNetwork
0x00000000031b6000 	/System/Library/Frameworks/SystemConfiguration.framework/Versions/A/SystemConfiguration
0x00000000031b6000 	/usr/lib/libCRFSuite.dylib
0x00000000031b6000 	/usr/lib/libc++.1.dylib
0x00000000031b6000 	/usr/lib/libc++abi.dylib
0x00000000031b6000 	/usr/lib/system/libcache.dylib
0x00000000031b6000 	/usr/lib/system/libcommonCrypto.dylib
0x00000000031b6000 	/usr/lib/system/libcompiler_rt.dylib
0x00000000031b6000 	/usr/lib/system/libcopyfile.dylib
0x00000000031b6000 	/usr/lib/system/libcorecrypto.dylib
0x00000000031b6000 	/usr/lib/system/libdispatch.dylib
0x00000000031b6000 	/usr/lib/system/libdyld.dylib
0x00000000031b6000 	/usr/lib/system/libkeymgr.dylib
0x00000000031b6000 	/usr/lib/system/liblaunch.dylib
0x00000000031b6000 	/usr/lib/system/libmacho.dylib
0x00000000031b6000 	/usr/lib/system/libquarantine.dylib
0x00000000031b6000 	/usr/lib/system/libremovefile.dylib
0x00000000031b6000 	/usr/lib/system/libsystem_asl.dylib
0x00000000031b6000 	/usr/lib/system/libsystem_blocks.dylib
0x00000000031b6000 	/usr/lib/system/libsystem_c.dylib
0x00000000031b6000 	/usr/lib/system/libsystem_configuration.dylib
0x00000000031b6000 	/usr/lib/system/libsystem_coreservices.dylib
0x00000000031b6000 	/usr/lib/system/libsystem_coretls.dylib
0x00000000031b6000 	/usr/lib/system/libsystem_dnssd.dylib
0x00000000031b6000 	/usr/lib/system/libsystem_info.dylib
0x00000000031b6000 	/usr/lib/system/libsystem_kernel.dylib
0x00000000031b6000 	/usr/lib/system/libsystem_m.dylib
0x00000000031b6000 	/usr/lib/system/libsystem_malloc.dylib
0x00000000031b6000 	/usr/lib/system/libsystem_network.dylib
0x00000000031b6000 	/usr/lib/system/libsystem_networkextension.dylib
0x00000000031b6000 	/usr/lib/system/libsystem_notify.dylib
0x00000000031b6000 	/usr/lib/system/libsystem_platform.dylib
0x00000000031b6000 	/usr/lib/system/libsystem_pthread.dylib
0x00000000031b6000 	/usr/lib/system/libsystem_sandbox.dylib
0x00000000031b6000 	/usr/lib/system/libsystem_secinit.dylib
0x00000000031b6000 	/usr/lib/system/libsystem_stats.dylib
0x00000000031b6000 	/usr/lib/system/libsystem_trace.dylib
0x00000000031b6000 	/usr/lib/system/libunc.dylib
0x00000000031b6000 	/usr/lib/system/libunwind.dylib
0x00000000031b6000 	/usr/lib/system/libxpc.dylib
0x00000000031b6000 	/usr/lib/libbz2.1.0.dylib
0x00000000031b6000 	/usr/lib/liblzma.5.dylib
0x00000000031b6000 	/usr/lib/libbsm.0.dylib
0x00000000031b6000 	/usr/lib/libsqlite3.dylib
0x00000000031b6000 	/usr/lib/system/libkxld.dylib
0x00000000031b6000 	/usr/lib/libxar.1.dylib
0x00000000031b6000 	/usr/lib/libpam.2.dylib
0x00000000031b6000 	/usr/lib/libOpenScriptingUtil.dylib
0x00000000031b6000 	/System/Library/Frameworks/CoreServices.framework/Versions/A/Frameworks/FSEvents.framework/Versions/A/FSEvents
0x00000000031b6000 	/System/Library/Frameworks/CoreServices.framework/Versions/A/Frameworks/CarbonCore.framework/Versions/A/CarbonCore
0x00000000031b6000 	/System/Library/Frameworks/CoreServices.framework/Versions/A/Frameworks/Metadata.framework/Versions/A/Metadata
0x00000000031b6000 	/System/Library/Frameworks/CoreServices.framework/Versions/A/Frameworks/OSServices.framework/Versions/A/OSServices
0x00000000031b6000 	/System/Library/Frameworks/CoreServices.framework/Versions/A/Frameworks/SearchKit.framework/Versions/A/SearchKit
0x00000000031b6000 	/System/Library/Frameworks/CoreServices.framework/Versions/A/Frameworks/AE.framework/Versions/A/AE
0x00000000031b6000 	/System/Library/Frameworks/CoreServices.framework/Versions/A/Frameworks/LaunchServices.framework/Versions/A/LaunchServices
0x00000000031b6000 	/System/Library/Frameworks/CoreServices.framework/Versions/A/Frameworks/DictionaryServices.framework/Versions/A/DictionaryServices
0x00000000031b6000 	/System/Library/Frameworks/NetFS.framework/Versions/A/NetFS
0x00000000031b6000 	/System/Library/PrivateFrameworks/NetAuth.framework/Versions/A/NetAuth
0x00000000031b6000 	/System/Library/PrivateFrameworks/login.framework/Versions/A/Frameworks/loginsupport.framework/Versions/A/loginsupport
0x00000000031b6000 	/System/Library/PrivateFrameworks/TCC.framework/Versions/A/TCC
0x00000000031b6000 	/usr/lib/libmecabra.dylib
0x00000000031b6000 	/System/Library/Frameworks/ApplicationServices.framework/Versions/A/Frameworks/ATS.framework/Versions/A/ATS
0x00000000031b6000 	/System/Library/Frameworks/ApplicationServices.framework/Versions/A/Frameworks/ColorSync.framework/Versions/A/ColorSync
0x00000000031b6000 	/System/Library/Frameworks/ApplicationServices.framework/Versions/A/Frameworks/HIServices.framework/Versions/A/HIServices
0x00000000031b6000 	/System/Library/Frameworks/ApplicationServices.framework/Versions/A/Frameworks/LangAnalysis.framework/Versions/A/LangAnalysis
0x00000000031b6000 	/System/Library/Frameworks/ApplicationServices.framework/Versions/A/Frameworks/PrintCore.framework/Versions/A/PrintCore
0x00000000031b6000 	/System/Library/Frameworks/ApplicationServices.framework/Versions/A/Frameworks/QD.framework/Versions/A/QD
0x00000000031b6000 	/System/Library/Frameworks/ApplicationServices.framework/Versions/A/Frameworks/SpeechSynthesis.framework/Versions/A/SpeechSynthesis
0x00000000031b6000 	/System/Library/Frameworks/Accelerate.framework/Versions/A/Accelerate
0x00000000031b6000 	/System/Library/Frameworks/Accelerate.framework/Versions/A/Frameworks/vImage.framework/Versions/A/vImage
0x00000000031b6000 	/System/Library/Frameworks/Accelerate.framework/Versions/A/Frameworks/vecLib.framework/Versions/A/vecLib
0x00000000031b6000 	/System/Library/Frameworks/Accelerate.framework/Versions/A/Frameworks/vecLib.framework/Versions/A/libvDSP.dylib
0x00000000031b6000 	/System/Library/Frameworks/Accelerate.framework/Versions/A/Frameworks/vecLib.framework/Versions/A/libvMisc.dylib
0x00000000031b6000 	/System/Library/Frameworks/Accelerate.framework/Versions/A/Frameworks/vecLib.framework/Versions/A/libLAPACK.dylib
0x00000000031b6000 	/System/Library/Frameworks/Accelerate.framework/Versions/A/Frameworks/vecLib.framework/Versions/A/libBLAS.dylib
0x00000000031b6000 	/System/Library/Frameworks/Accelerate.framework/Versions/A/Frameworks/vecLib.framework/Versions/A/libLinearAlgebra.dylib
0x00000000031b6000 	/System/Library/Frameworks/ApplicationServices.framework/Versions/A/Frameworks/ATS.framework/Versions/A/Resources/libFontParser.dylib
0x00000000031b6000 	/System/Library/Frameworks/ApplicationServices.framework/Versions/A/Frameworks/ATS.framework/Versions/A/Resources/libFontRegistry.dylib
0x00000000031b6000 	/System/Library/PrivateFrameworks/AppleVPA.framework/Versions/A/AppleVPA
0x00000000031b6000 	/System/Library/PrivateFrameworks/AppleJPEG.framework/Versions/A/AppleJPEG
0x00000000031b6000 	/System/Library/Frameworks/ImageIO.framework/Versions/A/Resources/libJPEG.dylib
0x00000000031b6000 	/System/Library/Frameworks/ImageIO.framework/Versions/A/Resources/libTIFF.dylib
0x00000000031b6000 	/System/Library/Frameworks/ImageIO.framework/Versions/A/Resources/libPng.dylib
0x00000000031b6000 	/System/Library/Frameworks/ImageIO.framework/Versions/A/Resources/libGIF.dylib
0x00000000031b6000 	/System/Library/Frameworks/ImageIO.framework/Versions/A/Resources/libJP2.dylib
0x00000000031b6000 	/System/Library/Frameworks/ImageIO.framework/Versions/A/Resources/libRadiance.dylib
0x00000000031b6000 	/System/Library/Frameworks/CoreVideo.framework/Versions/A/CoreVideo
0x00000000031b6000 	/System/Library/Frameworks/OpenGL.framework/Versions/A/Libraries/libGLU.dylib
0x00000000031b6000 	/System/Library/Frameworks/OpenGL.framework/Versions/A/Libraries/libGFXShared.dylib
0x00000000031b6000 	/System/Library/Frameworks/OpenGL.framework/Versions/A/Libraries/libGL.dylib
0x00000000031b6000 	/System/Library/Frameworks/OpenGL.framework/Versions/A/Libraries/libGLImage.dylib
0x00000000031b6000 	/System/Library/Frameworks/OpenGL.framework/Versions/A/Libraries/libCVMSPluginSupport.dylib
0x00000000031b6000 	/System/Library/Frameworks/OpenGL.framework/Versions/A/Libraries/libCoreVMClient.dylib
0x00000000031b6000 	/usr/lib/libcups.2.dylib
0x00000000031b6000 	/System/Library/Frameworks/Kerberos.framework/Versions/A/Kerberos
0x00000000031b6000 	/System/Library/Frameworks/GSS.framework/Versions/A/GSS
0x00000000031b6000 	/usr/lib/libresolv.9.dylib
0x00000000031b6000 	/usr/lib/libiconv.2.dylib
0x00000000031b6000 	/System/Library/PrivateFrameworks/Heimdal.framework/Versions/A/Heimdal
0x00000000031b6000 	/usr/lib/libheimdal-asn1.dylib
0x00000000031b6000 	/System/Library/Frameworks/OpenDirectory.framework/Versions/A/OpenDirectory
0x00000000031b6000 	/System/Library/PrivateFrameworks/CommonAuth.framework/Versions/A/CommonAuth
0x00000000031b6000 	/System/Library/Frameworks/OpenDirectory.framework/Versions/A/Frameworks/CFOpenDirectory.framework/Versions/A/CFOpenDirectory
0x00000000031b6000 	/System/Library/Frameworks/SecurityFoundation.framework/Versions/A/SecurityFoundation
0x00000000031b6000 	/System/Library/PrivateFrameworks/LanguageModeling.framework/Versions/A/LanguageModeling
0x00000000031b6000 	/usr/lib/libcmph.dylib
0x00000000031b6000 	/System/Library/Frameworks/ServiceManagement.framework/Versions/A/ServiceManagement
0x00000000031b6000 	/usr/lib/libxslt.1.dylib
0x00000000031b6000 	/System/Library/Frameworks/Carbon.framework/Versions/A/Frameworks/Ink.framework/Versions/A/Ink
0x00000000031b6000 	/System/Library/Frameworks/QuartzCore.framework/Versions/A/Frameworks/CoreImage.framework/Versions/A/CoreImage
0x00000000031b6000 	/System/Library/PrivateFrameworks/CrashReporterSupport.framework/Versions/A/CrashReporterSupport
0x00000000031b6000 	/System/Library/Frameworks/OpenCL.framework/Versions/A/OpenCL
0x00000000031b6000 	/System/Library/PrivateFrameworks/FaceCore.framework/Versions/A/FaceCore
0x00000000031b6000 	/System/Library/PrivateFrameworks/Ubiquity.framework/Versions/A/Ubiquity
0x00000000031b6000 	/System/Library/PrivateFrameworks/IconServices.framework/Versions/A/IconServices
0x00000000031b6000 	/System/Library/PrivateFrameworks/ChunkingLibrary.framework/Versions/A/ChunkingLibrary
0x00000000031b6000 	/System/Library/PrivateFrameworks/Apple80211.framework/Versions/A/Apple80211
0x00000000031b6000 	/System/Library/Frameworks/CoreWLAN.framework/Versions/A/CoreWLAN
0x00000000031b6000 	/System/Library/Frameworks/IOBluetooth.framework/Versions/A/IOBluetooth
0x00000000031b6000 	/System/Library/PrivateFrameworks/CoreWiFi.framework/Versions/A/CoreWiFi
0x00000000031b6000 	/System/Library/Frameworks/CoreBluetooth.framework/Versions/A/CoreBluetooth
0x00000000031b6000 	/System/Library/PrivateFrameworks/DebugSymbols.framework/Versions/A/DebugSymbols
0x00000000031b6000 	/System/Library/PrivateFrameworks/CoreSymbolication.framework/Versions/A/CoreSymbolication
0x00000000031b6000 	/System/Library/PrivateFrameworks/Symbolication.framework/Versions/A/Symbolication
0x00000000031b6000 	/System/Library/PrivateFrameworks/SpeechRecognitionCore.framework/Versions/A/SpeechRecognitionCore
0x000000010c000000 	/Library/Java/JavaVirtualMachines/jdk1.8.0_25.jdk/Contents/Home/jre/lib/server/libjvm.dylib
0x00000000031b6000 	/usr/lib/libstdc++.6.dylib
0x000000010b71e000 	/Library/Java/JavaVirtualMachines/jdk1.8.0_25.jdk/Contents/Home/jre/lib/libverify.dylib
0x000000010b72c000 	/Library/Java/JavaVirtualMachines/jdk1.8.0_25.jdk/Contents/Home/jre/lib/libjava.dylib
0x000000010b76a000 	/Library/Java/JavaVirtualMachines/jdk1.8.0_25.jdk/Contents/Home/jre/lib/libzip.dylib
0x000000010b7e2000 	/System/Library/Frameworks/JavaVM.framework/Frameworks/JavaRuntimeSupport.framework/JavaRuntimeSupport
0x0000000120a93000 	/System/Library/Frameworks/JavaVM.framework/Versions/A/Frameworks/JavaNativeFoundation.framework/Versions/A/JavaNativeFoundation
0x0000000120aa8000 	/System/Library/Frameworks/JavaVM.framework/Versions/A/JavaVM
0x00000000031b6000 	/System/Library/Frameworks/Carbon.framework/Versions/A/Carbon
0x0000000120ab5000 	/System/Library/PrivateFrameworks/JavaLaunching.framework/Versions/A/JavaLaunching
0x00000000031b6000 	/System/Library/Frameworks/Carbon.framework/Versions/A/Frameworks/CommonPanels.framework/Versions/A/CommonPanels
0x00000000031b6000 	/System/Library/Frameworks/Carbon.framework/Versions/A/Frameworks/Help.framework/Versions/A/Help
0x00000000031b6000 	/System/Library/Frameworks/Carbon.framework/Versions/A/Frameworks/ImageCapture.framework/Versions/A/ImageCapture
0x00000000031b6000 	/System/Library/Frameworks/Carbon.framework/Versions/A/Frameworks/OpenScripting.framework/Versions/A/OpenScripting
0x00000000031b6000 	/System/Library/Frameworks/Carbon.framework/Versions/A/Frameworks/Print.framework/Versions/A/Print
0x00000000031b6000 	/System/Library/Frameworks/Carbon.framework/Versions/A/Frameworks/SecurityHI.framework/Versions/A/SecurityHI
0x00000001228a8000 	/Library/Java/JavaVirtualMachines/jdk1.8.0_25.jdk/Contents/Home/jre/lib/libnet.dylib
0x0000000122907000 	/Library/Java/JavaVirtualMachines/jdk1.8.0_25.jdk/Contents/Home/jre/lib/libmanagement.dylib
0x0000000122914000 	/Library/Java/JavaVirtualMachines/jdk1.8.0_25.jdk/Contents/Home/jre/lib/libnio.dylib
0x0000000122bbb000 	/Library/Java/JavaVirtualMachines/jdk1.8.0_25.jdk/Contents/Home/jre/lib/libawt.dylib
0x0000000122c6a000 	/Library/Java/JavaVirtualMachines/jdk1.8.0_25.jdk/Contents/Home/jre/lib/./libmlib_image.dylib
0x0000000122d36000 	/Library/Java/JavaVirtualMachines/jdk1.8.0_25.jdk/Contents/Home/jre/lib/libawt_lwawt.dylib
0x0000000122de9000 	/Library/Java/JavaVirtualMachines/jdk1.8.0_25.jdk/Contents/Home/jre/lib/./libosxapp.dylib
0x00000000031b6000 	/System/Library/Frameworks/ExceptionHandling.framework/Versions/A/ExceptionHandling
0x00000000031b6000 	/System/Library/PrivateFrameworks/CoreServicesInternal.framework/Versions/A/CoreServicesInternal
0x00000000031b6000 	/System/Library/PrivateFrameworks/CloudDocs.framework/Versions/A/CloudDocs
0x00000000031b6000 	/System/Library/PrivateFrameworks/CoreDuet.framework/Versions/A/CoreDuet
0x00000000031b6000 	/System/Library/Frameworks/CloudKit.framework/Versions/A/CloudKit
0x00000000031b6000 	/System/Library/PrivateFrameworks/ProtocolBuffer.framework/Versions/A/ProtocolBuffer
0x00000000031b6000 	/System/Library/PrivateFrameworks/CoreDuetDaemonProtocol.framework/Versions/A/CoreDuetDaemonProtocol
0x00000000031b6000 	/System/Library/PrivateFrameworks/CoreDuetDebugLogging.framework/Versions/A/CoreDuetDebugLogging
0x00000000031b6000 	/System/Library/PrivateFrameworks/MMCS.framework/Versions/A/MMCS
0x00000000031b6000 	/System/Library/Frameworks/CoreLocation.framework/Versions/A/CoreLocation
0x00000000031b6000 	/System/Library/PrivateFrameworks/ProtectedCloudStorage.framework/Versions/A/ProtectedCloudStorage
0x00000000031b6000 	/System/Library/PrivateFrameworks/GeoServices.framework/Versions/A/GeoServices
0x00000000031b6000 	/System/Library/Frameworks/CoreGraphics.framework/Versions/A/Resources/libCGCMS.A.dylib
0x00000000031b6000 	/System/Library/Frameworks/CoreGraphics.framework/Versions/A/Resources/libRIP.A.dylib
0x0000000125251000 	/System/Library/CoreServices/RawCamera.bundle/Contents/MacOS/RawCamera
0x00000000031b6000 	/System/Library/Frameworks/CoreGraphics.framework/Versions/A/Resources/libCGXType.A.dylib
0x00000000031b6000 	/System/Library/Frameworks/OpenCL.framework/Versions/A/Libraries/libcldcpuengine.dylib
0x00000000031b6000 	/System/Library/PrivateFrameworks/DiskImages.framework/Versions/A/DiskImages
0x00000000031b6000 	/System/Library/Frameworks/DiscRecording.framework/Versions/A/DiscRecording
0x00000000031b6000 	/usr/lib/libcsfde.dylib
0x00000000031b6000 	/usr/lib/libcurl.4.dylib
0x00000000031b6000 	/System/Library/PrivateFrameworks/MediaKit.framework/Versions/A/MediaKit
0x00000000031b6000 	/usr/lib/libCoreStorage.dylib
0x00000000031b6000 	/System/Library/PrivateFrameworks/EFILogin.framework/Versions/A/EFILogin
0x00000000031b6000 	/usr/lib/libutil.dylib
0x00000000031b6000 	/System/Library/PrivateFrameworks/FindMyDevice.framework/Versions/A/FindMyDevice
0x00000000031b6000 	/System/Library/Frameworks/LDAP.framework/Versions/A/LDAP
0x00000000031b6000 	/usr/lib/libsasl2.2.dylib
0x00000000031b6000 	/System/Library/PrivateFrameworks/CoreDaemon.framework/Versions/B/CoreDaemon
0x00000000031b6000 	/usr/lib/libcrypto.0.9.8.dylib
0x00000000031b6000 	/System/Library/PrivateFrameworks/AppleSRP.framework/Versions/A/AppleSRP
0x00000000031b6000 	/System/Library/PrivateFrameworks/TrustEvaluationAgent.framework/Versions/A/TrustEvaluationAgent
0x0000000125fc4000 	cl_kernels
0x0000000125fc6000 	/System/Library/Frameworks/OpenCL.framework/Versions/A/Libraries/ImageFormats/unorm8_bgra.dylib
0x0000000125fb5000 	cl_kernels
0x00000000031b6000 	/System/Library/PrivateFrameworks/FamilyControls.framework/Versions/A/FamilyControls
0x00000000031b6000 	/System/Library/PrivateFrameworks/CommerceKit.framework/Versions/A/Frameworks/CommerceCore.framework/Versions/A/CommerceCore
0x00000000031b6000 	/System/Library/PrivateFrameworks/SystemAdministration.framework/Versions/A/SystemAdministration
0x00000000031b6000 	/System/Library/PrivateFrameworks/AppContainer.framework/Versions/A/AppContainer
0x00000000031b6000 	/System/Library/PrivateFrameworks/SecCodeWrapper.framework/Versions/A/SecCodeWrapper
0x00000000031b6000 	/System/Library/Frameworks/DirectoryService.framework/Versions/A/DirectoryService
0x00000000031b6000 	/System/Library/PrivateFrameworks/LoginUIKit.framework/Versions/A/Frameworks/LoginUICore.framework/Versions/A/LoginUICore
0x00000000031b6000 	/usr/lib/libodfde.dylib
0x000000012718c000 	/Library/Java/JavaVirtualMachines/jdk1.8.0_25.jdk/Contents/Home/jre/lib/libfontmanager.dylib
0x0000000125215000 	/Library/Java/JavaVirtualMachines/jdk1.8.0_25.jdk/Contents/Home/jre/lib/libosxui.dylib
0x00000000031b6000 	/System/Library/Frameworks/OpenGL.framework/Versions/A/Resources/GLEngine.bundle/GLEngine
0x00000000031b6000 	/System/Library/Frameworks/OpenGL.framework/Versions/A/Libraries/libGLProgrammability.dylib
0x0000000000000000 	/System/Library/Extensions/AppleIntelHDGraphicsGLDriver.bundle/Contents/MacOS/AppleIntelHDGraphicsGLDriver
0x000000012521f000 	/System/Library/PrivateFrameworks/GPUSupport.framework/Versions/A/Libraries/libGPUSupport.dylib
0x0000000000000000 	/System/Library/Extensions/GeForceTeslaGLDriver.bundle/Contents/MacOS/GeForceTeslaGLDriver
0x00000001275f9000 	/System/Library/Extensions/GeForceTeslaGLDriver.bundle/Contents/MacOS/libclh.dylib
0x00000000031b6000 	/System/Library/Frameworks/OpenGL.framework/Versions/A/Resources/GLRendererFloat.bundle/GLRendererFloat
0x000000012962b000 	/Library/Java/JavaVirtualMachines/jdk1.8.0_25.jdk/Contents/Home/jre/lib/libjpeg.dylib
0x0000000128855000 	/Library/Java/JavaVirtualMachines/jdk1.8.0_25.jdk/Contents/Home/jre/lib/liblcms.dylib

VM Arguments:
jvm_args: -Dcom.sun.management.jmxremote= -ea 
java_command: /Users/sandeak/Documents/BYU/Winter15/CS240/catan/dist/catan-client.jar
java_class_path (initial): /Users/sandeak/Documents/BYU/Winter15/CS240/catan/dist/catan-client.jar
Launcher Type: SUN_STANDARD

Environment Variables:
PATH=/usr/local/bin:/usr/bin:/bin:/usr/sbin:/sbin:/usr/local/git/bin
SHELL=/bin/bash

Signal Handlers:
SIGSEGV: [libjvm.dylib+0x579dc7], sa_mask[0]=11111111011111110111111111111111, sa_flags=SA_ONSTACK|SA_RESTART|SA_SIGINFO
SIGBUS: [libjvm.dylib+0x579dc7], sa_mask[0]=11111111011111110111111111111111, sa_flags=SA_RESTART|SA_SIGINFO
SIGFPE: [libjvm.dylib+0x45b030], sa_mask[0]=11111111011111110111111111111111, sa_flags=SA_RESTART|SA_SIGINFO
SIGPIPE: [libjvm.dylib+0x45b030], sa_mask[0]=11111111011111110111111111111111, sa_flags=SA_RESTART|SA_SIGINFO
SIGXFSZ: [libjvm.dylib+0x45b030], sa_mask[0]=11111111011111110111111111111111, sa_flags=SA_RESTART|SA_SIGINFO
SIGILL: [libjvm.dylib+0x45b030], sa_mask[0]=11111111011111110111111111111111, sa_flags=SA_RESTART|SA_SIGINFO
SIGUSR1: SIG_DFL, sa_mask[0]=11011111011111100000000111000110, sa_flags=none
SIGUSR2: [libjvm.dylib+0x45ab4e], sa_mask[0]=00100000000000000000000000000000, sa_flags=SA_RESTART|SA_SIGINFO
SIGHUP: [libjvm.dylib+0x459121], sa_mask[0]=11111111011111110111111111111111, sa_flags=SA_RESTART|SA_SIGINFO
SIGINT: [libjvm.dylib+0x459121], sa_mask[0]=11111111011111110111111111111111, sa_flags=SA_RESTART|SA_SIGINFO
SIGTERM: [libjvm.dylib+0x459121], sa_mask[0]=11111111011111110111111111111111, sa_flags=SA_RESTART|SA_SIGINFO
SIGQUIT: [libjvm.dylib+0x459121], sa_mask[0]=11111111011111110111111111111111, sa_flags=SA_RESTART|SA_SIGINFO


---------------  S Y S T E M  ---------------

OS:Bsduname:Darwin 14.3.0 Darwin Kernel Version 14.3.0: Mon Mar 23 11:59:05 PDT 2015; root:xnu-2782.20.48~5/RELEASE_X86_64 x86_64
rlimit: STACK 8192k, CORE 0k, NPROC 709, NOFILE 10240, AS infinity
load average:1.79 1.95 2.00

CPU:total 4 (2 cores per cpu, 2 threads per core) family 6 model 37 stepping 5, cmov, cx8, fxsr, mmx, sse, sse2, sse3, ssse3, sse4.1, sse4.2, popcnt, aes, clmul, ht, tsc, tscinvbit

Memory: 4k page, physical 4194304k(254452k free)

/proc/meminfo:


vm_info: Java HotSpot(TM) 64-Bit Server VM (25.25-b02) for bsd-amd64 JRE (1.8.0_25-b17), built on Sep 17 2014 16:56:50 by "java_re" with gcc 4.2.1 (Based on Apple Inc. build 5658) (LLVM build 2336.11.00)

time: Wed Jul 15 18:47:20 2015
elapsed time: 4 seconds (0d 0h 0m 4s)

