#
# A fatal error has been detected by the Java Runtime Environment:
#
#  SIGBUS (0xa) at pc=0x000000010abf9eb9, pid=13402, tid=51715
#
# JRE version: Java(TM) SE Runtime Environment (8.0_25-b17) (build 1.8.0_25-b17)
# Java VM: Java HotSpot(TM) 64-Bit Server VM (25.25-b02 mixed mode bsd-amd64 compressed oops)
# Problematic frame:
# C  [libzip.dylib+0x2eb9]  newEntry+0x154
#
# Failed to write core dump. Core dumps have been disabled. To enable core dumping, try "ulimit -c unlimited" before starting Java again
#
# If you would like to submit a bug report, please visit:
#   http://bugreport.sun.com/bugreport/crash.jsp
# The crash happened outside the Java Virtual Machine in native code.
# See problematic frame for where to report the bug.
#

---------------  T H R E A D  ---------------

Current thread (0x00007f83bc86c800):  JavaThread "AWT-EventQueue-0" [_thread_in_native, id=51715, stack(0x00000001a6860000,0x00000001a6960000)]

siginfo: si_signo: 10 (SIGBUS), si_code: 2 (BUS_ADRERR), si_addr: 0x00000001a1eeb12e

Registers:
RAX=0x00007f83bbc54050, RBX=0x00000001a1eeb122, RCX=0x0000000000000001, RDX=0x0000000000000c08
RSP=0x00000001a695c2c0, RBP=0x00000001a695c320, RSI=0x00007f83bbe00000, RDI=0x000000010a980800
R8 =0x0000000000000004, R9 =0x00000000ffff8000, R10=0x00000000ed63beab, R11=0x00007f83bbe00000
R12=0x00007f83bc178200, R13=0x0000000000000590, R14=0x00000000cfc9f98b, R15=0x00007f83be353d40
RIP=0x000000010abf9eb9, EFLAGS=0x0000000000010206, ERR=0x0000000000000004
  TRAPNO=0x000000000000000e

Top of Stack: (sp=0x00000001a695c2c0)
0x00000001a695c2c0:   00000000000000bd 00000000a695c458
0x00000001a695c2d0:   00000001a695c2f0 000000010b8427a2
0x00000001a695c2e0:   00000001a695c300 00007f83bbc54050
0x00000001a695c2f0:   00007f83bbece2a0 00007f83bbc54050
0x00000001a695c300:   00007f83bc178200 0000000000000590
0x00000001a695c310:   00000000cfc9f98b 00007f83be353d40
0x00000001a695c320:   00000001a695c380 000000010abfa554
0x00000001a695c330:   00000001a695c3c3 00000001a695c3c2
0x00000001a695c340:   0000002300000000 000000240186c800
0x00000001a695c350:   00000001a695c39e 00000001a695c7e8
0x00000001a695c360:   0000000000000024 00000001a695c39e
0x00000001a695c370:   00007f83bbc54050 00007f83bc86c9e8
0x00000001a695c380:   00000001a695c7d0 000000010abf934f
0x00000001a695c390:   00000001a695c9d0 6c63000100000001
0x00000001a695c3a0:   7665642f746e6569 75422f7364726163
0x00000001a695c3b0:   6472614376654479 616c632e77656956
0x00000001a695c3c0:   00000001a6007373 00000001a695d670
0x00000001a695c3d0:   00000001a695d660 000000010c417079
0x00000001a695c3e0:   000000010c417010 0000000000000000
0x00000001a695c3f0:   00000001a695d660 00000001a695d660
0x00000001a695c400:   00007fff74efc6b8 00000000ffffffff
0x00000001a695c410:   0000000100000000 00000001a6a39678
0x00000001a695c420:   00000001a7b39208 0000000100000000
0x00000001a695c430:   00000000a6a8a958 00007f83bbe5a400
0x00000001a695c440:   0000000000000000 00007f83a6a11540
0x00000001a695c450:   00000001a695c820 00000001a695c468
0x00000001a695c460:   0000000000000000 000000010b9ac708
0x00000001a695c470:   0000000000000001 00000001a695c64c
0x00000001a695c480:   0000000000000004 00000001a695c647
0x00000001a695c490:   0000000000000009 00000001a695c628
0x00000001a695c4a0:   000000010b9d62a2 00000000ffffffd4
0x00000001a695c4b0:   00000001a695c8e0 00007fff8e26efe6 

Instructions: (pc=0x000000010abf9eb9)
0x000000010abf9e99:   49 8b 7f 38 e8 50 1b 00 00 4d 89 77 38 49 89 5f
0x000000010abf9ea9:   40 4c 89 f0 48 85 c0 0f 84 11 05 00 00 48 89 c3
0x000000010abf9eb9:   0f b6 43 0c 0f b6 4b 0d 48 c1 e1 08 48 01 c1 0f
0x000000010abf9ec9:   b6 43 0e 0f b6 53 0f 48 c1 e2 08 48 01 c2 48 c1 

Register to memory mapping:

RAX=0x00007f83bbc54050 is an unknown value
RBX=0x00000001a1eeb122 is an unknown value
RCX=0x0000000000000001 is an unknown value
RDX=0x0000000000000c08 is an unknown value
RSP=0x00000001a695c2c0 is pointing into the stack for thread: 0x00007f83bc86c800
RBP=0x00000001a695c320 is pointing into the stack for thread: 0x00007f83bc86c800
RSI=0x00007f83bbe00000 is an unknown value
RDI=0x000000010a980800 is an unknown value
R8 =0x0000000000000004 is an unknown value
R9 =0x00000000ffff8000 is an unknown value
R10=0x00000000ed63beab is an unknown value
R11=0x00007f83bbe00000 is an unknown value
R12=0x00007f83bc178200 is an unknown value
R13=0x0000000000000590 is an unknown value
R14=0x00000000cfc9f98b is an unknown value
R15=0x00007f83be353d40 is an unknown value


Stack: [0x00000001a6860000,0x00000001a6960000],  sp=0x00000001a695c2c0,  free space=1008k
Native frames: (J=compiled Java code, j=interpreted, Vv=VM code, C=native code)
C  [libzip.dylib+0x2eb9]  newEntry+0x154
C  [libzip.dylib+0x3554]  ZIP_GetEntry2+0xd4
C  [libzip.dylib+0x234f]  Java_java_util_zip_ZipFile_getEntry+0xcf
J 429  java.util.zip.ZipFile.getEntry(J[BZ)J (0 bytes) @ 0x000000010c504c0e [0x000000010c504b40+0xce]
J 423 C1 java.util.zip.ZipFile.getEntry(Ljava/lang/String;)Ljava/util/zip/ZipEntry; (86 bytes) @ 0x000000010c50050c [0x000000010c5002a0+0x26c]
J 471 C1 java.util.jar.JarFile.getEntry(Ljava/lang/String;)Ljava/util/zip/ZipEntry; (22 bytes) @ 0x000000010c528da4 [0x000000010c528d20+0x84]
J 477 C1 sun.misc.URLClassPath$JarLoader.getResource(Ljava/lang/String;Z)Lsun/misc/Resource; (85 bytes) @ 0x000000010c52b37c [0x000000010c52af20+0x45c]
J 706 C1 sun.misc.URLClassPath.getResource(Ljava/lang/String;Z)Lsun/misc/Resource; (74 bytes) @ 0x000000010c5cdb5c [0x000000010c5cda20+0x13c]
j  java.net.URLClassLoader$1.run()Ljava/lang/Class;+26
j  java.net.URLClassLoader$1.run()Ljava/lang/Object;+1
v  ~StubRoutines::call_stub
V  [libjvm.dylib+0x2d4516]
V  [libjvm.dylib+0x32aeb2]
j  java.security.AccessController.doPrivileged(Ljava/security/PrivilegedExceptionAction;Ljava/security/AccessControlContext;)Ljava/lang/Object;+0
J 760 C1 java.net.URLClassLoader.findClass(Ljava/lang/String;)Ljava/lang/Class; (29 bytes) @ 0x000000010c5ec26c [0x000000010c5ec0e0+0x18c]
J 433 C1 java.lang.ClassLoader.loadClass(Ljava/lang/String;Z)Ljava/lang/Class; (122 bytes) @ 0x000000010c508044 [0x000000010c5076e0+0x964]
J 684 C1 sun.misc.Launcher$AppClassLoader.loadClass(Ljava/lang/String;Z)Ljava/lang/Class; (40 bytes) @ 0x000000010c5c0af4 [0x000000010c5c06c0+0x434]
J 499 C1 java.lang.ClassLoader.loadClass(Ljava/lang/String;)Ljava/lang/Class; (7 bytes) @ 0x000000010c538784 [0x000000010c538680+0x104]
v  ~StubRoutines::call_stub
V  [libjvm.dylib+0x2d4516]
V  [libjvm.dylib+0x2d4ca4]
V  [libjvm.dylib+0x2d4dfc]
V  [libjvm.dylib+0x509552]
V  [libjvm.dylib+0x508ce3]
V  [libjvm.dylib+0x50976e]
V  [libjvm.dylib+0x509c4b]
V  [libjvm.dylib+0x1d5ede]
V  [libjvm.dylib+0x426892]
V  [libjvm.dylib+0x2cfedb]
j  client.catan.RightPanel.<init>(Lclient/map/IMapController;)V+29
j  client.catan.CatanPanel.<init>()V+71
j  client.main.Catan.<init>()V+24
j  client.main.Catan$1.run()V+45
j  java.awt.event.InvocationEvent.dispatch()V+47
j  java.awt.EventQueue.dispatchEventImpl(Ljava/awt/AWTEvent;Ljava/lang/Object;)V+21
j  java.awt.EventQueue.access$400(Ljava/awt/EventQueue;Ljava/awt/AWTEvent;Ljava/lang/Object;)V+3
j  java.awt.EventQueue$3.run()Ljava/lang/Void;+32
j  java.awt.EventQueue$3.run()Ljava/lang/Object;+1
v  ~StubRoutines::call_stub
V  [libjvm.dylib+0x2d4516]
V  [libjvm.dylib+0x32aeb2]
j  java.security.AccessController.doPrivileged(Ljava/security/PrivilegedAction;Ljava/security/AccessControlContext;)Ljava/lang/Object;+0
j  java.security.ProtectionDomain$1.doIntersectionPrivilege(Ljava/security/PrivilegedAction;Ljava/security/AccessControlContext;Ljava/security/AccessControlContext;)Ljava/lang/Object;+28
j  java.awt.EventQueue.dispatchEvent(Ljava/awt/AWTEvent;)V+46
j  java.awt.EventDispatchThread.pumpOneEventForFilters(I)V+245
j  java.awt.EventDispatchThread.pumpEventsForFilter(ILjava/awt/Conditional;Ljava/awt/EventFilter;)V+35
j  java.awt.EventDispatchThread.pumpEventsForHierarchy(ILjava/awt/Conditional;Ljava/awt/Component;)V+11
j  java.awt.EventDispatchThread.pumpEvents(ILjava/awt/Conditional;)V+4
j  java.awt.EventDispatchThread.pumpEvents(Ljava/awt/Conditional;)V+3
j  java.awt.EventDispatchThread.run()V+9
v  ~StubRoutines::call_stub
V  [libjvm.dylib+0x2d4516]
V  [libjvm.dylib+0x2d4ca4]
V  [libjvm.dylib+0x2d4e50]
V  [libjvm.dylib+0x32583f]
V  [libjvm.dylib+0x535ed9]
V  [libjvm.dylib+0x53761c]
V  [libjvm.dylib+0x45d87e]
C  [libsystem_pthread.dylib+0x3268]  _pthread_body+0x83
C  [libsystem_pthread.dylib+0x31e5]  _pthread_body+0x0
C  [libsystem_pthread.dylib+0x141d]  thread_start+0xd
C  0x0000000000000000

Java frames: (J=compiled Java code, j=interpreted, Vv=VM code)
J 429  java.util.zip.ZipFile.getEntry(J[BZ)J (0 bytes) @ 0x000000010c504b98 [0x000000010c504b40+0x58]
J 423 C1 java.util.zip.ZipFile.getEntry(Ljava/lang/String;)Ljava/util/zip/ZipEntry; (86 bytes) @ 0x000000010c50050c [0x000000010c5002a0+0x26c]
J 471 C1 java.util.jar.JarFile.getEntry(Ljava/lang/String;)Ljava/util/zip/ZipEntry; (22 bytes) @ 0x000000010c528da4 [0x000000010c528d20+0x84]
J 477 C1 sun.misc.URLClassPath$JarLoader.getResource(Ljava/lang/String;Z)Lsun/misc/Resource; (85 bytes) @ 0x000000010c52b37c [0x000000010c52af20+0x45c]
J 706 C1 sun.misc.URLClassPath.getResource(Ljava/lang/String;Z)Lsun/misc/Resource; (74 bytes) @ 0x000000010c5cdb5c [0x000000010c5cda20+0x13c]
j  java.net.URLClassLoader$1.run()Ljava/lang/Class;+26
j  java.net.URLClassLoader$1.run()Ljava/lang/Object;+1
v  ~StubRoutines::call_stub
j  java.security.AccessController.doPrivileged(Ljava/security/PrivilegedExceptionAction;Ljava/security/AccessControlContext;)Ljava/lang/Object;+0
J 760 C1 java.net.URLClassLoader.findClass(Ljava/lang/String;)Ljava/lang/Class; (29 bytes) @ 0x000000010c5ec26c [0x000000010c5ec0e0+0x18c]
J 433 C1 java.lang.ClassLoader.loadClass(Ljava/lang/String;Z)Ljava/lang/Class; (122 bytes) @ 0x000000010c508044 [0x000000010c5076e0+0x964]
J 684 C1 sun.misc.Launcher$AppClassLoader.loadClass(Ljava/lang/String;Z)Ljava/lang/Class; (40 bytes) @ 0x000000010c5c0af4 [0x000000010c5c06c0+0x434]
J 499 C1 java.lang.ClassLoader.loadClass(Ljava/lang/String;)Ljava/lang/Class; (7 bytes) @ 0x000000010c538784 [0x000000010c538680+0x104]
v  ~StubRoutines::call_stub
j  client.catan.RightPanel.<init>(Lclient/map/IMapController;)V+29
j  client.catan.CatanPanel.<init>()V+71
j  client.main.Catan.<init>()V+24
j  client.main.Catan$1.run()V+45
j  java.awt.event.InvocationEvent.dispatch()V+47
j  java.awt.EventQueue.dispatchEventImpl(Ljava/awt/AWTEvent;Ljava/lang/Object;)V+21
j  java.awt.EventQueue.access$400(Ljava/awt/EventQueue;Ljava/awt/AWTEvent;Ljava/lang/Object;)V+3
j  java.awt.EventQueue$3.run()Ljava/lang/Void;+32
j  java.awt.EventQueue$3.run()Ljava/lang/Object;+1
v  ~StubRoutines::call_stub
j  java.security.AccessController.doPrivileged(Ljava/security/PrivilegedAction;Ljava/security/AccessControlContext;)Ljava/lang/Object;+0
j  java.security.ProtectionDomain$1.doIntersectionPrivilege(Ljava/security/PrivilegedAction;Ljava/security/AccessControlContext;Ljava/security/AccessControlContext;)Ljava/lang/Object;+28
j  java.awt.EventQueue.dispatchEvent(Ljava/awt/AWTEvent;)V+46
j  java.awt.EventDispatchThread.pumpOneEventForFilters(I)V+245
j  java.awt.EventDispatchThread.pumpEventsForFilter(ILjava/awt/Conditional;Ljava/awt/EventFilter;)V+35
j  java.awt.EventDispatchThread.pumpEventsForHierarchy(ILjava/awt/Conditional;Ljava/awt/Component;)V+11
j  java.awt.EventDispatchThread.pumpEvents(ILjava/awt/Conditional;)V+4
j  java.awt.EventDispatchThread.pumpEvents(Ljava/awt/Conditional;)V+3
j  java.awt.EventDispatchThread.run()V+9
v  ~StubRoutines::call_stub

---------------  P R O C E S S  ---------------

Java Threads: ( => current thread )
  0x00007f83bd1a5800 JavaThread "Java2D Disposer" daemon [_thread_blocked, id=55559, stack(0x00000001a7a21000,0x00000001a7b21000)]
  0x00007f83bc010800 JavaThread "Java2D Queue Flusher" daemon [_thread_blocked, id=53511, stack(0x00000001a6b63000,0x00000001a6c63000)]
  0x00007f83bd989800 JavaThread "DestroyJavaVM" [_thread_blocked, id=4867, stack(0x000000010aaa9000,0x000000010aba9000)]
=>0x00007f83bc86c800 JavaThread "AWT-EventQueue-0" [_thread_in_native, id=51715, stack(0x00000001a6860000,0x00000001a6960000)]
  0x00007f83bd094000 JavaThread "AWT-Shutdown" [_thread_blocked, id=30227, stack(0x00000001a3b76000,0x00000001a3c76000)]
  0x00007f83bd016800 JavaThread "AppKit Thread" daemon [_thread_in_native, id=1811, stack(0x00007fff54a9f000,0x00007fff5529f000)]
  0x00007f83bc186000 JavaThread "RMI TCP Accept-0" daemon [_thread_in_native, id=19975, stack(0x00000001a1f1a000,0x00000001a201a000)]
  0x00007f83bd807000 JavaThread "Service Thread" daemon [_thread_blocked, id=18179, stack(0x00000001a1d3a000,0x00000001a1e3a000)]
  0x00007f83bc06b800 JavaThread "C1 CompilerThread2" daemon [_thread_blocked, id=17667, stack(0x00000001a1c37000,0x00000001a1d37000)]
  0x00007f83bc06a800 JavaThread "C2 CompilerThread1" daemon [_thread_blocked, id=17155, stack(0x00000001a1b34000,0x00000001a1c34000)]
  0x00007f83bc05a800 JavaThread "C2 CompilerThread0" daemon [_thread_blocked, id=16643, stack(0x00000001a1a31000,0x00000001a1b31000)]
  0x00007f83bd00a000 JavaThread "Signal Dispatcher" daemon [_thread_blocked, id=13335, stack(0x00000001a192e000,0x00000001a1a2e000)]
  0x00007f83bc059800 JavaThread "Finalizer" daemon [_thread_blocked, id=11523, stack(0x000000019ff0a000,0x00000001a000a000)]
  0x00007f83bc059000 JavaThread "Reference Handler" daemon [_thread_blocked, id=11011, stack(0x000000019fe07000,0x000000019ff07000)]

Other Threads:
  0x00007f83bc056800 VMThread [stack: 0x000000019fd04000,0x000000019fe04000] [id=10499]
  0x00007f83bc193800 WatcherThread [stack: 0x00000001a201d000,0x00000001a211d000] [id=20227]

VM state:not at safepoint (normal execution)

VM Mutex/Monitor currently owned by a thread: None

Heap:
 PSYoungGen      total 35328K, used 25677K [0x0000000146500000, 0x0000000148a00000, 0x000000015ba00000)
  eden space 32768K, 71% used [0x0000000146500000,0x0000000147be6d58,0x0000000148500000)
  from space 2560K, 86% used [0x0000000148780000,0x00000001489ac780,0x0000000148a00000)
  to   space 2560K, 0% used [0x0000000148500000,0x0000000148500000,0x0000000148780000)
 ParOldGen       total 44032K, used 23547K [0x000000011ba00000, 0x000000011e500000, 0x0000000146500000)
  object space 44032K, 53% used [0x000000011ba00000,0x000000011d0fef80,0x000000011e500000)
 Metaspace       used 15437K, capacity 15604K, committed 15744K, reserved 1062912K
  class space    used 2086K, capacity 2126K, committed 2176K, reserved 1048576K

Card table byte_map: [0x000000015ba00000,0x000000015bc01000] byte_map_base: 0x000000015b123000

Marking Bits: (ParMarkBitMap*) 0x000000010bc9d390
 Begin Bits: [0x000000015c060000, 0x000000015d060000)
 End Bits:   [0x000000015d060000, 0x000000015e060000)

Polling page: 0x000000010abed000

CodeCache: size=245760Kb used=3677Kb max_used=3677Kb free=242082Kb
 bounds [0x000000010c31c000, 0x000000010c6bc000, 0x000000011b31c000]
 total_blobs=1568 nmethods=1035 adapters=449
 compilation: enabled

Compilation events (10 events):
Event: 3.752 Thread 0x00007f83bc06b800 nmethod 1028 0x000000010c69fdd0 code [0x000000010c69ff80, 0x000000010c6a0568]
Event: 3.753 Thread 0x00007f83bc06b800 1030  s    3       java.beans.ChangeListenerMap::add (88 bytes)
Event: 3.754 Thread 0x00007f83bc06b800 nmethod 1030 0x000000010c6a3f50 code [0x000000010c6a4140, 0x000000010c6a4cf8]
Event: 3.754 Thread 0x00007f83bc06b800 1031       3       java.beans.PropertyChangeSupport$PropertyChangeListenerMap::newArray (6 bytes)
Event: 3.754 Thread 0x00007f83bc06b800 nmethod 1031 0x000000010c6a5150 code [0x000000010c6a52c0, 0x000000010c6a55d0]
Event: 3.754 Thread 0x00007f83bc06b800 1032       3       sun.reflect.misc.ReflectUtil::checkPackageAccess (77 bytes)
Event: 3.755 Thread 0x00007f83bc06b800 nmethod 1032 0x000000010c6a5690 code [0x000000010c6a58a0, 0x000000010c6a6448]
Event: 3.755 Thread 0x00007f83bc06b800 1033       3       java.lang.Math::max (12 bytes)
Event: 3.755 Thread 0x00007f83bc06b800 nmethod 1033 0x000000010c6a6810 code [0x000000010c6a6980, 0x000000010c6a6b10]
Event: 3.755 Thread 0x00007f83bc06b800 1034   !   3       java.awt.EventQueue::setCurrentEventAndMostRecentTimeImpl (185 bytes)

GC Heap History (8 events):
Event: 1.427 GC heap before
{Heap before GC invocations=1 (full 0):
 PSYoungGen      total 18944K, used 16257K [0x0000000146500000, 0x0000000147a00000, 0x000000015ba00000)
  eden space 16384K, 99% used [0x0000000146500000,0x00000001474e0580,0x0000000147500000)
  from space 2560K, 0% used [0x0000000147780000,0x0000000147780000,0x0000000147a00000)
  to   space 2560K, 0% used [0x0000000147500000,0x0000000147500000,0x0000000147780000)
 ParOldGen       total 44032K, used 0K [0x000000011ba00000, 0x000000011e500000, 0x0000000146500000)
  object space 44032K, 0% used [0x000000011ba00000,0x000000011ba00000,0x000000011e500000)
 Metaspace       used 11826K, capacity 12014K, committed 12416K, reserved 1060864K
  class space    used 1533K, capacity 1577K, committed 1664K, reserved 1048576K
Event: 1.434 GC heap after
Heap after GC invocations=1 (full 0):
 PSYoungGen      total 18944K, used 2554K [0x0000000146500000, 0x0000000147a00000, 0x000000015ba00000)
  eden space 16384K, 0% used [0x0000000146500000,0x0000000146500000,0x0000000147500000)
  from space 2560K, 99% used [0x0000000147500000,0x000000014777ebe0,0x0000000147780000)
  to   space 2560K, 0% used [0x0000000147780000,0x0000000147780000,0x0000000147a00000)
 ParOldGen       total 44032K, used 36K [0x000000011ba00000, 0x000000011e500000, 0x0000000146500000)
  object space 44032K, 0% used [0x000000011ba00000,0x000000011ba09148,0x000000011e500000)
 Metaspace       used 11826K, capacity 12014K, committed 12416K, reserved 1060864K
  class space    used 1533K, capacity 1577K, committed 1664K, reserved 1048576K
}
Event: 1.674 GC heap before
{Heap before GC invocations=2 (full 0):
 PSYoungGen      total 18944K, used 18938K [0x0000000146500000, 0x0000000147a00000, 0x000000015ba00000)
  eden space 16384K, 100% used [0x0000000146500000,0x0000000147500000,0x0000000147500000)
  from space 2560K, 99% used [0x0000000147500000,0x000000014777ebe0,0x0000000147780000)
  to   space 2560K, 0% used [0x0000000147780000,0x0000000147780000,0x0000000147a00000)
 ParOldGen       total 44032K, used 36K [0x000000011ba00000, 0x000000011e500000, 0x0000000146500000)
  object space 44032K, 0% used [0x000000011ba00000,0x000000011ba09148,0x000000011e500000)
 Metaspace       used 12290K, capacity 12494K, committed 12672K, reserved 1060864K
  class space    used 1595K, capacity 1645K, committed 1664K, reserved 1048576K
Event: 1.690 GC heap after
Heap after GC invocations=2 (full 0):
 PSYoungGen      total 18944K, used 2559K [0x0000000146500000, 0x0000000148a00000, 0x000000015ba00000)
  eden space 16384K, 0% used [0x0000000146500000,0x0000000146500000,0x0000000147500000)
  from space 2560K, 99% used [0x0000000147780000,0x00000001479ffc48,0x0000000147a00000)
  to   space 2560K, 0% used [0x0000000147500000,0x0000000147500000,0x0000000147780000)
 ParOldGen       total 44032K, used 9004K [0x000000011ba00000, 0x000000011e500000, 0x0000000146500000)
  object space 44032K, 20% used [0x000000011ba00000,0x000000011c2cb1d8,0x000000011e500000)
 Metaspace       used 12290K, capacity 12494K, committed 12672K, reserved 1060864K
  class space    used 1595K, capacity 1645K, committed 1664K, reserved 1048576K
}
Event: 3.062 GC heap before
{Heap before GC invocations=3 (full 0):
 PSYoungGen      total 18944K, used 18943K [0x0000000146500000, 0x0000000148a00000, 0x000000015ba00000)
  eden space 16384K, 100% used [0x0000000146500000,0x0000000147500000,0x0000000147500000)
  from space 2560K, 99% used [0x0000000147780000,0x00000001479ffc48,0x0000000147a00000)
  to   space 2560K, 0% used [0x0000000147500000,0x0000000147500000,0x0000000147780000)
 ParOldGen       total 44032K, used 9004K [0x000000011ba00000, 0x000000011e500000, 0x0000000146500000)
  object space 44032K, 20% used [0x000000011ba00000,0x000000011c2cb1d8,0x000000011e500000)
 Metaspace       used 15387K, capacity 15540K, committed 15744K, reserved 1062912K
  class space    used 2085K, capacity 2126K, committed 2176K, reserved 1048576K
Event: 3.073 GC heap after
Heap after GC invocations=3 (full 0):
 PSYoungGen      total 18944K, used 2547K [0x0000000146500000, 0x0000000148a00000, 0x000000015ba00000)
  eden space 16384K, 0% used [0x0000000146500000,0x0000000146500000,0x0000000147500000)
  from space 2560K, 99% used [0x0000000147500000,0x000000014777ccd8,0x0000000147780000)
  to   space 2560K, 0% used [0x0000000148780000,0x0000000148780000,0x0000000148a00000)
 ParOldGen       total 44032K, used 16127K [0x000000011ba00000, 0x000000011e500000, 0x0000000146500000)
  object space 44032K, 36% used [0x000000011ba00000,0x000000011c9bffe0,0x000000011e500000)
 Metaspace       used 15387K, capacity 15540K, committed 15744K, reserved 1062912K
  class space    used 2085K, capacity 2126K, committed 2176K, reserved 1048576K
}
Event: 3.337 GC heap before
{Heap before GC invocations=4 (full 0):
 PSYoungGen      total 18944K, used 18931K [0x0000000146500000, 0x0000000148a00000, 0x000000015ba00000)
  eden space 16384K, 100% used [0x0000000146500000,0x0000000147500000,0x0000000147500000)
  from space 2560K, 99% used [0x0000000147500000,0x000000014777ccd8,0x0000000147780000)
  to   space 2560K, 0% used [0x0000000148780000,0x0000000148780000,0x0000000148a00000)
 ParOldGen       total 44032K, used 16127K [0x000000011ba00000, 0x000000011e500000, 0x0000000146500000)
  object space 44032K, 36% used [0x000000011ba00000,0x000000011c9bffe0,0x000000011e500000)
 Metaspace       used 15392K, capacity 15540K, committed 15744K, reserved 1062912K
  class space    used 2085K, capacity 2126K, committed 2176K, reserved 1048576K
Event: 3.357 GC heap after
Heap after GC invocations=4 (full 0):
 PSYoungGen      total 35328K, used 2225K [0x0000000146500000, 0x0000000148a00000, 0x000000015ba00000)
  eden space 32768K, 0% used [0x0000000146500000,0x0000000146500000,0x0000000148500000)
  from space 2560K, 86% used [0x0000000148780000,0x00000001489ac780,0x0000000148a00000)
  to   space 2560K, 0% used [0x0000000148500000,0x0000000148500000,0x0000000148780000)
 ParOldGen       total 44032K, used 23547K [0x000000011ba00000, 0x000000011e500000, 0x0000000146500000)
  object space 44032K, 53% used [0x000000011ba00000,0x000000011d0fef80,0x000000011e500000)
 Metaspace       used 15392K, capacity 15540K, committed 15744K, reserved 1062912K
  class space    used 2085K, capacity 2126K, committed 2176K, reserved 1048576K
}

Deoptimization events (4 events):
Event: 2.800 Thread 0x00007f83bc86c800 Uncommon trap: reason=class_check action=maybe_recompile pc=0x000000010c49e010 method=java.lang.String.equals(Ljava/lang/Object;)Z @ 8
Event: 2.801 Thread 0x00007f83bc86c800 Uncommon trap: reason=class_check action=maybe_recompile pc=0x000000010c49e010 method=java.lang.String.equals(Ljava/lang/Object;)Z @ 8
Event: 2.801 Thread 0x00007f83bc86c800 Uncommon trap: reason=class_check action=maybe_recompile pc=0x000000010c49e010 method=java.lang.String.equals(Ljava/lang/Object;)Z @ 8
Event: 2.803 Thread 0x00007f83bc86c800 Uncommon trap: reason=class_check action=maybe_recompile pc=0x000000010c49e010 method=java.lang.String.equals(Ljava/lang/Object;)Z @ 8

Internal exceptions (10 events):
Event: 2.943 Thread 0x00007f83bc86c800 Exception <a 'java/security/PrivilegedActionException'> (0x000000014710ed38) thrown at [/HUDSON3/workspace/8-2-build-macosx-x86_64/jdk8u25/1514/hotspot/src/share/vm/prims/jvm.cpp, line 1312]
Event: 2.944 Thread 0x00007f83bc86c800 Exception <a 'java/security/PrivilegedActionException'> (0x0000000147114c98) thrown at [/HUDSON3/workspace/8-2-build-macosx-x86_64/jdk8u25/1514/hotspot/src/share/vm/prims/jvm.cpp, line 1312]
Event: 2.944 Thread 0x00007f83bc86c800 Exception <a 'java/security/PrivilegedActionException'> (0x0000000147119488) thrown at [/HUDSON3/workspace/8-2-build-macosx-x86_64/jdk8u25/1514/hotspot/src/share/vm/prims/jvm.cpp, line 1312]
Event: 2.945 Thread 0x00007f83bc86c800 Exception <a 'java/security/PrivilegedActionException'> (0x000000014711c6f0) thrown at [/HUDSON3/workspace/8-2-build-macosx-x86_64/jdk8u25/1514/hotspot/src/share/vm/prims/jvm.cpp, line 1312]
Event: 2.946 Thread 0x00007f83bc86c800 Exception <a 'java/security/PrivilegedActionException'> (0x0000000147122958) thrown at [/HUDSON3/workspace/8-2-build-macosx-x86_64/jdk8u25/1514/hotspot/src/share/vm/prims/jvm.cpp, line 1312]
Event: 2.947 Thread 0x00007f83bc86c800 Exception <a 'java/security/PrivilegedActionException'> (0x0000000147126888) thrown at [/HUDSON3/workspace/8-2-build-macosx-x86_64/jdk8u25/1514/hotspot/src/share/vm/prims/jvm.cpp, line 1312]
Event: 2.950 Thread 0x00007f83bc86c800 Exception <a 'java/security/PrivilegedActionException'> (0x000000014712c948) thrown at [/HUDSON3/workspace/8-2-build-macosx-x86_64/jdk8u25/1514/hotspot/src/share/vm/prims/jvm.cpp, line 1312]
Event: 2.955 Thread 0x00007f83bc86c800 Exception <a 'java/security/PrivilegedActionException'> (0x0000000147132b38) thrown at [/HUDSON3/workspace/8-2-build-macosx-x86_64/jdk8u25/1514/hotspot/src/share/vm/prims/jvm.cpp, line 1312]
Event: 3.055 Thread 0x00007f83bc86c800 Exception <a 'java/security/PrivilegedActionException'> (0x00000001473e25c0) thrown at [/HUDSON3/workspace/8-2-build-macosx-x86_64/jdk8u25/1514/hotspot/src/share/vm/prims/jvm.cpp, line 1312]
Event: 3.756 Thread 0x00007f83bc86c800 Exception <a 'java/security/PrivilegedActionException'> (0x0000000147b61ee8) thrown at [/HUDSON3/workspace/8-2-build-macosx-x86_64/jdk8u25/1514/hotspot/src/share/vm/prims/jvm.cpp, line 1312]

Events (10 events):
Event: 3.055 loading class client/devcards/DevelopmentCardChooser$2
Event: 3.055 loading class client/devcards/DevelopmentCardChooser$2 done
Event: 3.062 Executing VM operation: ParallelGCFailedAllocation
Event: 3.073 Executing VM operation: ParallelGCFailedAllocation done
Event: 3.337 Executing VM operation: ParallelGCFailedAllocation
Event: 3.357 Executing VM operation: ParallelGCFailedAllocation done
Event: 3.752 loading class java/util/Vector$1
Event: 3.752 loading class java/util/Vector$1 done
Event: 3.755 loading class client/devcards/BuyDevCardView
Event: 3.755 loading class client/devcards/BuyDevCardView done


Dynamic libraries:
0x00000000031b6000 	/System/Library/Frameworks/Cocoa.framework/Versions/A/Cocoa
0x00000000031b6000 	/System/Library/Frameworks/Security.framework/Versions/A/Security
0x00000000031b6000 	/System/Library/Frameworks/ApplicationServices.framework/Versions/A/ApplicationServices
0x00000000031b6000 	/usr/lib/libz.1.dylib
0x00000000031b6000 	/usr/lib/libSystem.B.dylib
0x00000000031b6000 	/usr/lib/libobjc.A.dylib
0x00000000031b6000 	/System/Library/Frameworks/CoreFoundation.framework/Versions/A/CoreFoundation
0x00000000031b6000 	/System/Library/Frameworks/Foundation.framework/Versions/C/Foundation
0x00000000031b6000 	/System/Library/Frameworks/AppKit.framework/Versions/C/AppKit
0x00000000031b6000 	/System/Library/Frameworks/CoreData.framework/Versions/A/CoreData
0x00000000031b6000 	/System/Library/PrivateFrameworks/RemoteViewServices.framework/Versions/A/RemoteViewServices
0x00000000031b6000 	/System/Library/PrivateFrameworks/UIFoundation.framework/Versions/A/UIFoundation
0x00000000031b6000 	/System/Library/Frameworks/IOSurface.framework/Versions/A/IOSurface
0x00000000031b6000 	/System/Library/Frameworks/AudioToolbox.framework/Versions/A/AudioToolbox
0x00000000031b6000 	/System/Library/Frameworks/AudioUnit.framework/Versions/A/AudioUnit
0x00000000031b6000 	/System/Library/PrivateFrameworks/DataDetectorsCore.framework/Versions/A/DataDetectorsCore
0x00000000031b6000 	/System/Library/PrivateFrameworks/DesktopServicesPriv.framework/Versions/A/DesktopServicesPriv
0x00000000031b6000 	/System/Library/Frameworks/Carbon.framework/Versions/A/Frameworks/HIToolbox.framework/Versions/A/HIToolbox
0x00000000031b6000 	/System/Library/Frameworks/QuartzCore.framework/Versions/A/QuartzCore
0x00000000031b6000 	/System/Library/Frameworks/Carbon.framework/Versions/A/Frameworks/SpeechRecognition.framework/Versions/A/SpeechRecognition
0x00000000031b6000 	/usr/lib/libauto.dylib
0x00000000031b6000 	/usr/lib/libicucore.A.dylib
0x00000000031b6000 	/usr/lib/libxml2.2.dylib
0x00000000031b6000 	/System/Library/PrivateFrameworks/CoreUI.framework/Versions/A/CoreUI
0x00000000031b6000 	/System/Library/Frameworks/CoreAudio.framework/Versions/A/CoreAudio
0x00000000031b6000 	/System/Library/Frameworks/DiskArbitration.framework/Versions/A/DiskArbitration
0x00000000031b6000 	/usr/lib/liblangid.dylib
0x00000000031b6000 	/System/Library/PrivateFrameworks/MultitouchSupport.framework/Versions/A/MultitouchSupport
0x00000000031b6000 	/System/Library/Frameworks/IOKit.framework/Versions/A/IOKit
0x00000000031b6000 	/usr/lib/libDiagnosticMessagesClient.dylib
0x00000000031b6000 	/System/Library/Frameworks/CoreServices.framework/Versions/A/CoreServices
0x00000000031b6000 	/System/Library/PrivateFrameworks/PerformanceAnalysis.framework/Versions/A/PerformanceAnalysis
0x00000000031b6000 	/System/Library/PrivateFrameworks/GenerationalStorage.framework/Versions/A/GenerationalStorage
0x00000000031b6000 	/System/Library/Frameworks/OpenGL.framework/Versions/A/OpenGL
0x00000000031b6000 	/System/Library/PrivateFrameworks/Sharing.framework/Versions/A/Sharing
0x00000000031b6000 	/System/Library/Frameworks/CoreGraphics.framework/Versions/A/CoreGraphics
0x00000000031b6000 	/System/Library/Frameworks/CoreText.framework/Versions/A/CoreText
0x00000000031b6000 	/System/Library/Frameworks/ImageIO.framework/Versions/A/ImageIO
0x00000000031b6000 	/usr/lib/libextension.dylib
0x00000000031b6000 	/System/Library/PrivateFrameworks/Backup.framework/Versions/A/Backup
0x00000000031b6000 	/usr/lib/libarchive.2.dylib
0x00000000031b6000 	/System/Library/Frameworks/CFNetwork.framework/Versions/A/CFNetwork
0x00000000031b6000 	/System/Library/Frameworks/SystemConfiguration.framework/Versions/A/SystemConfiguration
0x00000000031b6000 	/usr/lib/libCRFSuite.dylib
0x00000000031b6000 	/usr/lib/libc++.1.dylib
0x00000000031b6000 	/usr/lib/libc++abi.dylib
0x00000000031b6000 	/usr/lib/system/libcache.dylib
0x00000000031b6000 	/usr/lib/system/libcommonCrypto.dylib
0x00000000031b6000 	/usr/lib/system/libcompiler_rt.dylib
0x00000000031b6000 	/usr/lib/system/libcopyfile.dylib
0x00000000031b6000 	/usr/lib/system/libcorecrypto.dylib
0x00000000031b6000 	/usr/lib/system/libdispatch.dylib
0x00000000031b6000 	/usr/lib/system/libdyld.dylib
0x00000000031b6000 	/usr/lib/system/libkeymgr.dylib
0x00000000031b6000 	/usr/lib/system/liblaunch.dylib
0x00000000031b6000 	/usr/lib/system/libmacho.dylib
0x00000000031b6000 	/usr/lib/system/libquarantine.dylib
0x00000000031b6000 	/usr/lib/system/libremovefile.dylib
0x00000000031b6000 	/usr/lib/system/libsystem_asl.dylib
0x00000000031b6000 	/usr/lib/system/libsystem_blocks.dylib
0x00000000031b6000 	/usr/lib/system/libsystem_c.dylib
0x00000000031b6000 	/usr/lib/system/libsystem_configuration.dylib
0x00000000031b6000 	/usr/lib/system/libsystem_coreservices.dylib
0x00000000031b6000 	/usr/lib/system/libsystem_coretls.dylib
0x00000000031b6000 	/usr/lib/system/libsystem_dnssd.dylib
0x00000000031b6000 	/usr/lib/system/libsystem_info.dylib
0x00000000031b6000 	/usr/lib/system/libsystem_kernel.dylib
0x00000000031b6000 	/usr/lib/system/libsystem_m.dylib
0x00000000031b6000 	/usr/lib/system/libsystem_malloc.dylib
0x00000000031b6000 	/usr/lib/system/libsystem_network.dylib
0x00000000031b6000 	/usr/lib/system/libsystem_networkextension.dylib
0x00000000031b6000 	/usr/lib/system/libsystem_notify.dylib
0x00000000031b6000 	/usr/lib/system/libsystem_platform.dylib
0x00000000031b6000 	/usr/lib/system/libsystem_pthread.dylib
0x00000000031b6000 	/usr/lib/system/libsystem_sandbox.dylib
0x00000000031b6000 	/usr/lib/system/libsystem_secinit.dylib
0x00000000031b6000 	/usr/lib/system/libsystem_stats.dylib
0x00000000031b6000 	/usr/lib/system/libsystem_trace.dylib
0x00000000031b6000 	/usr/lib/system/libunc.dylib
0x00000000031b6000 	/usr/lib/system/libunwind.dylib
0x00000000031b6000 	/usr/lib/system/libxpc.dylib
0x00000000031b6000 	/usr/lib/libbz2.1.0.dylib
0x00000000031b6000 	/usr/lib/liblzma.5.dylib
0x00000000031b6000 	/usr/lib/libbsm.0.dylib
0x00000000031b6000 	/usr/lib/libsqlite3.dylib
0x00000000031b6000 	/usr/lib/system/libkxld.dylib
0x00000000031b6000 	/usr/lib/libxar.1.dylib
0x00000000031b6000 	/usr/lib/libpam.2.dylib
0x00000000031b6000 	/usr/lib/libOpenScriptingUtil.dylib
0x00000000031b6000 	/System/Library/Frameworks/CoreServices.framework/Versions/A/Frameworks/FSEvents.framework/Versions/A/FSEvents
0x00000000031b6000 	/System/Library/Frameworks/CoreServices.framework/Versions/A/Frameworks/CarbonCore.framework/Versions/A/CarbonCore
0x00000000031b6000 	/System/Library/Frameworks/CoreServices.framework/Versions/A/Frameworks/Metadata.framework/Versions/A/Metadata
0x00000000031b6000 	/System/Library/Frameworks/CoreServices.framework/Versions/A/Frameworks/OSServices.framework/Versions/A/OSServices
0x00000000031b6000 	/System/Library/Frameworks/CoreServices.framework/Versions/A/Frameworks/SearchKit.framework/Versions/A/SearchKit
0x00000000031b6000 	/System/Library/Frameworks/CoreServices.framework/Versions/A/Frameworks/AE.framework/Versions/A/AE
0x00000000031b6000 	/System/Library/Frameworks/CoreServices.framework/Versions/A/Frameworks/LaunchServices.framework/Versions/A/LaunchServices
0x00000000031b6000 	/System/Library/Frameworks/CoreServices.framework/Versions/A/Frameworks/DictionaryServices.framework/Versions/A/DictionaryServices
0x00000000031b6000 	/System/Library/Frameworks/NetFS.framework/Versions/A/NetFS
0x00000000031b6000 	/System/Library/PrivateFrameworks/NetAuth.framework/Versions/A/NetAuth
0x00000000031b6000 	/System/Library/PrivateFrameworks/login.framework/Versions/A/Frameworks/loginsupport.framework/Versions/A/loginsupport
0x00000000031b6000 	/System/Library/PrivateFrameworks/TCC.framework/Versions/A/TCC
0x00000000031b6000 	/usr/lib/libmecabra.dylib
0x00000000031b6000 	/System/Library/Frameworks/ApplicationServices.framework/Versions/A/Frameworks/ATS.framework/Versions/A/ATS
0x00000000031b6000 	/System/Library/Frameworks/ApplicationServices.framework/Versions/A/Frameworks/ColorSync.framework/Versions/A/ColorSync
0x00000000031b6000 	/System/Library/Frameworks/ApplicationServices.framework/Versions/A/Frameworks/HIServices.framework/Versions/A/HIServices
0x00000000031b6000 	/System/Library/Frameworks/ApplicationServices.framework/Versions/A/Frameworks/LangAnalysis.framework/Versions/A/LangAnalysis
0x00000000031b6000 	/System/Library/Frameworks/ApplicationServices.framework/Versions/A/Frameworks/PrintCore.framework/Versions/A/PrintCore
0x00000000031b6000 	/System/Library/Frameworks/ApplicationServices.framework/Versions/A/Frameworks/QD.framework/Versions/A/QD
0x00000000031b6000 	/System/Library/Frameworks/ApplicationServices.framework/Versions/A/Frameworks/SpeechSynthesis.framework/Versions/A/SpeechSynthesis
0x00000000031b6000 	/System/Library/Frameworks/Accelerate.framework/Versions/A/Accelerate
0x00000000031b6000 	/System/Library/Frameworks/Accelerate.framework/Versions/A/Frameworks/vImage.framework/Versions/A/vImage
0x00000000031b6000 	/System/Library/Frameworks/Accelerate.framework/Versions/A/Frameworks/vecLib.framework/Versions/A/vecLib
0x00000000031b6000 	/System/Library/Frameworks/Accelerate.framework/Versions/A/Frameworks/vecLib.framework/Versions/A/libvDSP.dylib
0x00000000031b6000 	/System/Library/Frameworks/Accelerate.framework/Versions/A/Frameworks/vecLib.framework/Versions/A/libvMisc.dylib
0x00000000031b6000 	/System/Library/Frameworks/Accelerate.framework/Versions/A/Frameworks/vecLib.framework/Versions/A/libLAPACK.dylib
0x00000000031b6000 	/System/Library/Frameworks/Accelerate.framework/Versions/A/Frameworks/vecLib.framework/Versions/A/libBLAS.dylib
0x00000000031b6000 	/System/Library/Frameworks/Accelerate.framework/Versions/A/Frameworks/vecLib.framework/Versions/A/libLinearAlgebra.dylib
0x00000000031b6000 	/System/Library/Frameworks/ApplicationServices.framework/Versions/A/Frameworks/ATS.framework/Versions/A/Resources/libFontParser.dylib
0x00000000031b6000 	/System/Library/Frameworks/ApplicationServices.framework/Versions/A/Frameworks/ATS.framework/Versions/A/Resources/libFontRegistry.dylib
0x00000000031b6000 	/System/Library/PrivateFrameworks/AppleVPA.framework/Versions/A/AppleVPA
0x00000000031b6000 	/System/Library/PrivateFrameworks/AppleJPEG.framework/Versions/A/AppleJPEG
0x00000000031b6000 	/System/Library/Frameworks/ImageIO.framework/Versions/A/Resources/libJPEG.dylib
0x00000000031b6000 	/System/Library/Frameworks/ImageIO.framework/Versions/A/Resources/libTIFF.dylib
0x00000000031b6000 	/System/Library/Frameworks/ImageIO.framework/Versions/A/Resources/libPng.dylib
0x00000000031b6000 	/System/Library/Frameworks/ImageIO.framework/Versions/A/Resources/libGIF.dylib
0x00000000031b6000 	/System/Library/Frameworks/ImageIO.framework/Versions/A/Resources/libJP2.dylib
0x00000000031b6000 	/System/Library/Frameworks/ImageIO.framework/Versions/A/Resources/libRadiance.dylib
0x00000000031b6000 	/System/Library/Frameworks/CoreVideo.framework/Versions/A/CoreVideo
0x00000000031b6000 	/System/Library/Frameworks/OpenGL.framework/Versions/A/Libraries/libGLU.dylib
0x00000000031b6000 	/System/Library/Frameworks/OpenGL.framework/Versions/A/Libraries/libGFXShared.dylib
0x00000000031b6000 	/System/Library/Frameworks/OpenGL.framework/Versions/A/Libraries/libGL.dylib
0x00000000031b6000 	/System/Library/Frameworks/OpenGL.framework/Versions/A/Libraries/libGLImage.dylib
0x00000000031b6000 	/System/Library/Frameworks/OpenGL.framework/Versions/A/Libraries/libCVMSPluginSupport.dylib
0x00000000031b6000 	/System/Library/Frameworks/OpenGL.framework/Versions/A/Libraries/libCoreVMClient.dylib
0x00000000031b6000 	/usr/lib/libcups.2.dylib
0x00000000031b6000 	/System/Library/Frameworks/Kerberos.framework/Versions/A/Kerberos
0x00000000031b6000 	/System/Library/Frameworks/GSS.framework/Versions/A/GSS
0x00000000031b6000 	/usr/lib/libresolv.9.dylib
0x00000000031b6000 	/usr/lib/libiconv.2.dylib
0x00000000031b6000 	/System/Library/PrivateFrameworks/Heimdal.framework/Versions/A/Heimdal
0x00000000031b6000 	/usr/lib/libheimdal-asn1.dylib
0x00000000031b6000 	/System/Library/Frameworks/OpenDirectory.framework/Versions/A/OpenDirectory
0x00000000031b6000 	/System/Library/PrivateFrameworks/CommonAuth.framework/Versions/A/CommonAuth
0x00000000031b6000 	/System/Library/Frameworks/OpenDirectory.framework/Versions/A/Frameworks/CFOpenDirectory.framework/Versions/A/CFOpenDirectory
0x00000000031b6000 	/System/Library/Frameworks/SecurityFoundation.framework/Versions/A/SecurityFoundation
0x00000000031b6000 	/System/Library/PrivateFrameworks/LanguageModeling.framework/Versions/A/LanguageModeling
0x00000000031b6000 	/usr/lib/libcmph.dylib
0x00000000031b6000 	/System/Library/Frameworks/ServiceManagement.framework/Versions/A/ServiceManagement
0x00000000031b6000 	/usr/lib/libxslt.1.dylib
0x00000000031b6000 	/System/Library/Frameworks/Carbon.framework/Versions/A/Frameworks/Ink.framework/Versions/A/Ink
0x00000000031b6000 	/System/Library/Frameworks/QuartzCore.framework/Versions/A/Frameworks/CoreImage.framework/Versions/A/CoreImage
0x00000000031b6000 	/System/Library/PrivateFrameworks/CrashReporterSupport.framework/Versions/A/CrashReporterSupport
0x00000000031b6000 	/System/Library/Frameworks/OpenCL.framework/Versions/A/OpenCL
0x00000000031b6000 	/System/Library/PrivateFrameworks/FaceCore.framework/Versions/A/FaceCore
0x00000000031b6000 	/System/Library/PrivateFrameworks/Ubiquity.framework/Versions/A/Ubiquity
0x00000000031b6000 	/System/Library/PrivateFrameworks/IconServices.framework/Versions/A/IconServices
0x00000000031b6000 	/System/Library/PrivateFrameworks/ChunkingLibrary.framework/Versions/A/ChunkingLibrary
0x00000000031b6000 	/System/Library/PrivateFrameworks/Apple80211.framework/Versions/A/Apple80211
0x00000000031b6000 	/System/Library/Frameworks/CoreWLAN.framework/Versions/A/CoreWLAN
0x00000000031b6000 	/System/Library/Frameworks/IOBluetooth.framework/Versions/A/IOBluetooth
0x00000000031b6000 	/System/Library/PrivateFrameworks/CoreWiFi.framework/Versions/A/CoreWiFi
0x00000000031b6000 	/System/Library/Frameworks/CoreBluetooth.framework/Versions/A/CoreBluetooth
0x00000000031b6000 	/System/Library/PrivateFrameworks/DebugSymbols.framework/Versions/A/DebugSymbols
0x00000000031b6000 	/System/Library/PrivateFrameworks/CoreSymbolication.framework/Versions/A/CoreSymbolication
0x00000000031b6000 	/System/Library/PrivateFrameworks/Symbolication.framework/Versions/A/Symbolication
0x00000000031b6000 	/System/Library/PrivateFrameworks/SpeechRecognitionCore.framework/Versions/A/SpeechRecognitionCore
0x000000010b400000 	/Library/Java/JavaVirtualMachines/jdk1.8.0_25.jdk/Contents/Home/jre/lib/server/libjvm.dylib
0x00000000031b6000 	/usr/lib/libstdc++.6.dylib
0x000000010abab000 	/Library/Java/JavaVirtualMachines/jdk1.8.0_25.jdk/Contents/Home/jre/lib/libverify.dylib
0x000000010abb9000 	/Library/Java/JavaVirtualMachines/jdk1.8.0_25.jdk/Contents/Home/jre/lib/libjava.dylib
0x000000010abf7000 	/Library/Java/JavaVirtualMachines/jdk1.8.0_25.jdk/Contents/Home/jre/lib/libzip.dylib
0x00000001a000c000 	/System/Library/Frameworks/JavaVM.framework/Frameworks/JavaRuntimeSupport.framework/JavaRuntimeSupport
0x00000001a0024000 	/System/Library/Frameworks/JavaVM.framework/Versions/A/Frameworks/JavaNativeFoundation.framework/Versions/A/JavaNativeFoundation
0x000000011b7f3000 	/System/Library/Frameworks/JavaVM.framework/Versions/A/JavaVM
0x00000000031b6000 	/System/Library/Frameworks/Carbon.framework/Versions/A/Carbon
0x00000001a0039000 	/System/Library/PrivateFrameworks/JavaLaunching.framework/Versions/A/JavaLaunching
0x00000000031b6000 	/System/Library/Frameworks/Carbon.framework/Versions/A/Frameworks/CommonPanels.framework/Versions/A/CommonPanels
0x00000000031b6000 	/System/Library/Frameworks/Carbon.framework/Versions/A/Frameworks/Help.framework/Versions/A/Help
0x00000000031b6000 	/System/Library/Frameworks/Carbon.framework/Versions/A/Frameworks/ImageCapture.framework/Versions/A/ImageCapture
0x00000000031b6000 	/System/Library/Frameworks/Carbon.framework/Versions/A/Frameworks/OpenScripting.framework/Versions/A/OpenScripting
0x00000000031b6000 	/System/Library/Frameworks/Carbon.framework/Versions/A/Frameworks/Print.framework/Versions/A/Print
0x00000000031b6000 	/System/Library/Frameworks/Carbon.framework/Versions/A/Frameworks/SecurityHI.framework/Versions/A/SecurityHI
0x00000001a1e3c000 	/Library/Java/JavaVirtualMachines/jdk1.8.0_25.jdk/Contents/Home/jre/lib/libnet.dylib
0x00000001a1e9b000 	/Library/Java/JavaVirtualMachines/jdk1.8.0_25.jdk/Contents/Home/jre/lib/libmanagement.dylib
0x00000001a1ea8000 	/Library/Java/JavaVirtualMachines/jdk1.8.0_25.jdk/Contents/Home/jre/lib/libnio.dylib
0x00000001a2145000 	/Library/Java/JavaVirtualMachines/jdk1.8.0_25.jdk/Contents/Home/jre/lib/libawt.dylib
0x00000001a21f4000 	/Library/Java/JavaVirtualMachines/jdk1.8.0_25.jdk/Contents/Home/jre/lib/./libmlib_image.dylib
0x00000001a22c0000 	/Library/Java/JavaVirtualMachines/jdk1.8.0_25.jdk/Contents/Home/jre/lib/libawt_lwawt.dylib
0x00000001a2373000 	/Library/Java/JavaVirtualMachines/jdk1.8.0_25.jdk/Contents/Home/jre/lib/./libosxapp.dylib
0x00000000031b6000 	/System/Library/Frameworks/ExceptionHandling.framework/Versions/A/ExceptionHandling
0x00000000031b6000 	/System/Library/PrivateFrameworks/CoreServicesInternal.framework/Versions/A/CoreServicesInternal
0x00000000031b6000 	/System/Library/PrivateFrameworks/CloudDocs.framework/Versions/A/CloudDocs
0x00000000031b6000 	/System/Library/PrivateFrameworks/CoreDuet.framework/Versions/A/CoreDuet
0x00000000031b6000 	/System/Library/Frameworks/CloudKit.framework/Versions/A/CloudKit
0x00000000031b6000 	/System/Library/PrivateFrameworks/ProtocolBuffer.framework/Versions/A/ProtocolBuffer
0x00000000031b6000 	/System/Library/PrivateFrameworks/CoreDuetDaemonProtocol.framework/Versions/A/CoreDuetDaemonProtocol
0x00000000031b6000 	/System/Library/PrivateFrameworks/CoreDuetDebugLogging.framework/Versions/A/CoreDuetDebugLogging
0x00000000031b6000 	/System/Library/PrivateFrameworks/MMCS.framework/Versions/A/MMCS
0x00000000031b6000 	/System/Library/Frameworks/CoreLocation.framework/Versions/A/CoreLocation
0x00000000031b6000 	/System/Library/PrivateFrameworks/ProtectedCloudStorage.framework/Versions/A/ProtectedCloudStorage
0x00000000031b6000 	/System/Library/PrivateFrameworks/GeoServices.framework/Versions/A/GeoServices
0x00000000031b6000 	/System/Library/Frameworks/CoreGraphics.framework/Versions/A/Resources/libCGCMS.A.dylib
0x00000000031b6000 	/System/Library/Frameworks/CoreGraphics.framework/Versions/A/Resources/libRIP.A.dylib
0x00000001a485e000 	/System/Library/CoreServices/RawCamera.bundle/Contents/MacOS/RawCamera
0x00000000031b6000 	/System/Library/Frameworks/CoreGraphics.framework/Versions/A/Resources/libCGXType.A.dylib
0x00000000031b6000 	/System/Library/Frameworks/OpenCL.framework/Versions/A/Libraries/libcldcpuengine.dylib
0x00000000031b6000 	/System/Library/PrivateFrameworks/DiskImages.framework/Versions/A/DiskImages
0x00000000031b6000 	/System/Library/Frameworks/DiscRecording.framework/Versions/A/DiscRecording
0x00000000031b6000 	/usr/lib/libcsfde.dylib
0x00000000031b6000 	/usr/lib/libcurl.4.dylib
0x00000000031b6000 	/System/Library/PrivateFrameworks/MediaKit.framework/Versions/A/MediaKit
0x00000000031b6000 	/usr/lib/libCoreStorage.dylib
0x00000000031b6000 	/System/Library/PrivateFrameworks/EFILogin.framework/Versions/A/EFILogin
0x00000000031b6000 	/usr/lib/libutil.dylib
0x00000000031b6000 	/System/Library/PrivateFrameworks/FindMyDevice.framework/Versions/A/FindMyDevice
0x00000000031b6000 	/System/Library/Frameworks/LDAP.framework/Versions/A/LDAP
0x00000000031b6000 	/usr/lib/libsasl2.2.dylib
0x00000000031b6000 	/System/Library/PrivateFrameworks/CoreDaemon.framework/Versions/B/CoreDaemon
0x00000000031b6000 	/usr/lib/libcrypto.0.9.8.dylib
0x00000000031b6000 	/System/Library/PrivateFrameworks/AppleSRP.framework/Versions/A/AppleSRP
0x00000000031b6000 	/System/Library/PrivateFrameworks/TrustEvaluationAgent.framework/Versions/A/TrustEvaluationAgent
0x00000001a55d1000 	cl_kernels
0x00000001a55d3000 	/System/Library/Frameworks/OpenCL.framework/Versions/A/Libraries/ImageFormats/unorm8_bgra.dylib
0x00000001a55c2000 	cl_kernels
0x00000000031b6000 	/System/Library/PrivateFrameworks/FamilyControls.framework/Versions/A/FamilyControls
0x00000000031b6000 	/System/Library/PrivateFrameworks/CommerceKit.framework/Versions/A/Frameworks/CommerceCore.framework/Versions/A/CommerceCore
0x00000000031b6000 	/System/Library/PrivateFrameworks/SystemAdministration.framework/Versions/A/SystemAdministration
0x00000000031b6000 	/System/Library/PrivateFrameworks/AppContainer.framework/Versions/A/AppContainer
0x00000000031b6000 	/System/Library/PrivateFrameworks/SecCodeWrapper.framework/Versions/A/SecCodeWrapper
0x00000000031b6000 	/System/Library/Frameworks/DirectoryService.framework/Versions/A/DirectoryService
0x00000000031b6000 	/System/Library/PrivateFrameworks/LoginUIKit.framework/Versions/A/Frameworks/LoginUICore.framework/Versions/A/LoginUICore
0x00000000031b6000 	/usr/lib/libodfde.dylib
0x00000001a6799000 	/Library/Java/JavaVirtualMachines/jdk1.8.0_25.jdk/Contents/Home/jre/lib/libfontmanager.dylib
0x00000001a4822000 	/Library/Java/JavaVirtualMachines/jdk1.8.0_25.jdk/Contents/Home/jre/lib/libosxui.dylib
0x00000000031b6000 	/System/Library/Frameworks/OpenGL.framework/Versions/A/Resources/GLEngine.bundle/GLEngine
0x00000000031b6000 	/System/Library/Frameworks/OpenGL.framework/Versions/A/Libraries/libGLProgrammability.dylib
0x0000000000000000 	/System/Library/Extensions/AppleIntelHDGraphicsGLDriver.bundle/Contents/MacOS/AppleIntelHDGraphicsGLDriver
0x00000001a482c000 	/System/Library/PrivateFrameworks/GPUSupport.framework/Versions/A/Libraries/libGPUSupport.dylib
0x0000000000000000 	/System/Library/Extensions/GeForceTeslaGLDriver.bundle/Contents/MacOS/GeForceTeslaGLDriver
0x00000001a6c65000 	/System/Library/Extensions/GeForceTeslaGLDriver.bundle/Contents/MacOS/libclh.dylib
0x00000000031b6000 	/System/Library/Frameworks/OpenGL.framework/Versions/A/Resources/GLRendererFloat.bundle/GLRendererFloat
0x00000001a8c65000 	/Library/Java/JavaVirtualMachines/jdk1.8.0_25.jdk/Contents/Home/jre/lib/libjpeg.dylib

VM Arguments:
jvm_args: -Dcom.sun.management.jmxremote= -ea 
java_command: /Users/sandeak/Documents/BYU/Winter15/CS240/catan/dist/catan-client.jar
java_class_path (initial): /Users/sandeak/Documents/BYU/Winter15/CS240/catan/dist/catan-client.jar
Launcher Type: SUN_STANDARD

Environment Variables:
PATH=/usr/local/bin:/usr/bin:/bin:/usr/sbin:/sbin:/usr/local/git/bin
SHELL=/bin/bash

Signal Handlers:
SIGSEGV: [libjvm.dylib+0x579dc7], sa_mask[0]=11111111011111110111111111111111, sa_flags=SA_ONSTACK|SA_RESTART|SA_SIGINFO
SIGBUS: [libjvm.dylib+0x579dc7], sa_mask[0]=11111111011111110111111111111111, sa_flags=SA_RESTART|SA_SIGINFO
SIGFPE: [libjvm.dylib+0x45b030], sa_mask[0]=11111111011111110111111111111111, sa_flags=SA_RESTART|SA_SIGINFO
SIGPIPE: [libjvm.dylib+0x45b030], sa_mask[0]=11111111011111110111111111111111, sa_flags=SA_RESTART|SA_SIGINFO
SIGXFSZ: [libjvm.dylib+0x45b030], sa_mask[0]=11111111011111110111111111111111, sa_flags=SA_RESTART|SA_SIGINFO
SIGILL: [libjvm.dylib+0x45b030], sa_mask[0]=11111111011111110111111111111111, sa_flags=SA_RESTART|SA_SIGINFO
SIGUSR1: SIG_DFL, sa_mask[0]=11011111011111100000000111000110, sa_flags=none
SIGUSR2: [libjvm.dylib+0x45ab4e], sa_mask[0]=00100000000000000000000000000000, sa_flags=SA_RESTART|SA_SIGINFO
SIGHUP: [libjvm.dylib+0x459121], sa_mask[0]=11111111011111110111111111111111, sa_flags=SA_RESTART|SA_SIGINFO
SIGINT: [libjvm.dylib+0x459121], sa_mask[0]=11111111011111110111111111111111, sa_flags=SA_RESTART|SA_SIGINFO
SIGTERM: [libjvm.dylib+0x459121], sa_mask[0]=11111111011111110111111111111111, sa_flags=SA_RESTART|SA_SIGINFO
SIGQUIT: [libjvm.dylib+0x459121], sa_mask[0]=11111111011111110111111111111111, sa_flags=SA_RESTART|SA_SIGINFO


---------------  S Y S T E M  ---------------

OS:Bsduname:Darwin 14.3.0 Darwin Kernel Version 14.3.0: Mon Mar 23 11:59:05 PDT 2015; root:xnu-2782.20.48~5/RELEASE_X86_64 x86_64
rlimit: STACK 8192k, CORE 0k, NPROC 709, NOFILE 10240, AS infinity
load average:2.12 2.01 2.03

CPU:total 4 (2 cores per cpu, 2 threads per core) family 6 model 37 stepping 5, cmov, cx8, fxsr, mmx, sse, sse2, sse3, ssse3, sse4.1, sse4.2, popcnt, aes, clmul, ht, tsc, tscinvbit

Memory: 4k page, physical 4194304k(299612k free)

/proc/meminfo:


vm_info: Java HotSpot(TM) 64-Bit Server VM (25.25-b02) for bsd-amd64 JRE (1.8.0_25-b17), built on Sep 17 2014 16:56:50 by "java_re" with gcc 4.2.1 (Based on Apple Inc. build 5658) (LLVM build 2336.11.00)

time: Wed Jul 15 18:44:56 2015
elapsed time: 3 seconds (0d 0h 0m 3s)

